[0.015s] Invoking command in '/home/addinedu/my_mobile/build/my_robot_description': CMAKE_PREFIX_PATH=${CMAKE_PREFIX_PATH}:/opt/ros/humble /usr/bin/cmake /home/addinedu/my_mobile/src/my_robot_description -DCMAKE_INSTALL_PREFIX=/home/addinedu/my_mobile/install/my_robot_description
[0.116s] -- The C compiler identification is GNU 11.4.0
[0.229s] -- The CXX compiler identification is GNU 7.5.0
[0.238s] -- Detecting C compiler ABI info
[0.316s] -- Detecting C compiler ABI info - done
[0.322s] -- Check for working C compiler: /usr/bin/cc - skipped
[0.322s] -- Detecting C compile features
[0.322s] -- Detecting C compile features - done
[0.329s] -- Detecting CXX compiler ABI info
[0.424s] -- Detecting CXX compiler ABI info - done
[0.431s] -- Check for working CXX compiler: /usr/bin/c++ - skipped
[0.431s] -- Detecting CXX compile features
[0.432s] -- Detecting CXX compile features - done
[0.434s] -- Found ament_cmake: 1.3.9 (/opt/ros/humble/share/ament_cmake/cmake)
[1.183s] -- Found Python3: /home/addinedu/.pyenv/shims/python3 (found version "3.10.12") found components: Interpreter 
[1.328s] -- Found ament_lint_auto: 0.12.11 (/opt/ros/humble/share/ament_lint_auto/cmake)
[1.473s] -- Added test 'lint_cmake' to check CMake code style
[1.475s] -- Added test 'xmllint' to check XML markup files
[1.477s] -- Configuring done
[1.482s] -- Generating done
[1.483s] -- Build files have been written to: /home/addinedu/my_mobile/build/my_robot_description
[1.487s] Invoked command in '/home/addinedu/my_mobile/build/my_robot_description' returned '0': CMAKE_PREFIX_PATH=${CMAKE_PREFIX_PATH}:/opt/ros/humble /usr/bin/cmake /home/addinedu/my_mobile/src/my_robot_description -DCMAKE_INSTALL_PREFIX=/home/addinedu/my_mobile/install/my_robot_description
[1.489s] Invoking command in '/home/addinedu/my_mobile/build/my_robot_description': CMAKE_PREFIX_PATH=${CMAKE_PREFIX_PATH}:/opt/ros/humble /usr/bin/cmake --build /home/addinedu/my_mobile/build/my_robot_description -- -j12 -l12
[1.538s] Invoked command in '/home/addinedu/my_mobile/build/my_robot_description' returned '0': CMAKE_PREFIX_PATH=${CMAKE_PREFIX_PATH}:/opt/ros/humble /usr/bin/cmake --build /home/addinedu/my_mobile/build/my_robot_description -- -j12 -l12
[1.579s] Invoking command in '/home/addinedu/my_mobile/build/my_robot_description': CMAKE_PREFIX_PATH=${CMAKE_PREFIX_PATH}:/opt/ros/humble /usr/bin/cmake --install /home/addinedu/my_mobile/build/my_robot_description
[1.585s] -- Install configuration: ""
[1.585s] -- Installing: /home/addinedu/my_mobile/install/my_robot_description/share/my_robot_description/rviz
[1.585s] -- Installing: /home/addinedu/my_mobile/install/my_robot_description/share/my_robot_description/rviz/urdf_config.rviz
[1.586s] -- Installing: /home/addinedu/my_mobile/install/my_robot_description/share/my_robot_description/urdf
[1.586s] -- Installing: /home/addinedu/my_mobile/install/my_robot_description/share/my_robot_description/urdf/robot_core.xacro
[1.586s] -- Installing: /home/addinedu/my_mobile/install/my_robot_description/share/my_robot_description/launch
[1.586s] -- Installing: /home/addinedu/my_mobile/install/my_robot_description/share/my_robot_description/launch/display.launch.xml
[1.586s] -- Installing: /home/addinedu/my_mobile/install/my_robot_description/share/my_robot_description/launch/upload.launch.xml
[1.587s] -- Installing: /home/addinedu/my_mobile/install/my_robot_description/share/my_robot_description/meshes
[1.587s] -- Installing: /home/addinedu/my_mobile/install/my_robot_description/share/my_robot_description/meshes/visual
[1.587s] -- Installing: /home/addinedu/my_mobile/install/my_robot_description/share/my_robot_description/meshes/visual/wheel.png
[1.588s] -- Installing: /home/addinedu/my_mobile/install/my_robot_description/share/my_robot_description/meshes/visual/wheel.dae
[1.592s] -- Installing: /home/addinedu/my_mobile/install/my_robot_description/share/my_robot_description/meshes/visual/ydlidar_x2_assy.dae
[1.609s] -- Installing: /home/addinedu/my_mobile/install/my_robot_description/share/my_robot_description/meshes/visual/ul_sensor.dae
[1.609s] -- Installing: /home/addinedu/my_mobile/install/my_robot_description/share/my_robot_description/meshes/visual/base_link.dae
[1.610s] -- Installing: /home/addinedu/my_mobile/install/my_robot_description/share/my_robot_description/meshes/visual/front_camera.png
[1.611s] -- Installing: /home/addinedu/my_mobile/install/my_robot_description/share/my_robot_description/meshes/visual/ydlidar_x2.png
[1.611s] -- Installing: /home/addinedu/my_mobile/install/my_robot_description/share/my_robot_description/meshes/visual/front_camera.dae
[1.613s] -- Installing: /home/addinedu/my_mobile/install/my_robot_description/share/my_robot_description/meshes/collision
[1.613s] -- Installing: /home/addinedu/my_mobile/install/my_robot_description/share/my_robot_description/meshes/collision/base_link.stl
[1.613s] -- Installing: /home/addinedu/my_mobile/install/my_robot_description/share/my_robot_description/meshes/collision/front_camera.stl
[1.614s] -- Installing: /home/addinedu/my_mobile/install/my_robot_description/share/my_robot_description/meshes/collision/wheel.stl
[1.615s] -- Installing: /home/addinedu/my_mobile/install/my_robot_description/share/my_robot_description/meshes/collision/ul_sensor.stl
[1.615s] -- Installing: /home/addinedu/my_mobile/install/my_robot_description/share/my_robot_description/meshes/collision/ydlidar_x2_assy.stl
[1.617s] -- Installing: /home/addinedu/my_mobile/install/my_robot_description/share/ament_index/resource_index/package_run_dependencies/my_robot_description
[1.617s] -- Installing: /home/addinedu/my_mobile/install/my_robot_description/share/ament_index/resource_index/parent_prefix_path/my_robot_description
[1.617s] -- Installing: /home/addinedu/my_mobile/install/my_robot_description/share/my_robot_description/environment/ament_prefix_path.sh
[1.617s] -- Installing: /home/addinedu/my_mobile/install/my_robot_description/share/my_robot_description/environment/ament_prefix_path.dsv
[1.617s] -- Installing: /home/addinedu/my_mobile/install/my_robot_description/share/my_robot_description/environment/path.sh
[1.617s] -- Installing: /home/addinedu/my_mobile/install/my_robot_description/share/my_robot_description/environment/path.dsv
[1.617s] -- Installing: /home/addinedu/my_mobile/install/my_robot_description/share/my_robot_description/local_setup.bash
[1.617s] -- Installing: /home/addinedu/my_mobile/install/my_robot_description/share/my_robot_description/local_setup.sh
[1.618s] -- Installing: /home/addinedu/my_mobile/install/my_robot_description/share/my_robot_description/local_setup.zsh
[1.618s] -- Installing: /home/addinedu/my_mobile/install/my_robot_description/share/my_robot_description/local_setup.dsv
[1.618s] -- Installing: /home/addinedu/my_mobile/install/my_robot_description/share/my_robot_description/package.dsv
[1.618s] -- Installing: /home/addinedu/my_mobile/install/my_robot_description/share/ament_index/resource_index/packages/my_robot_description
[1.618s] -- Installing: /home/addinedu/my_mobile/install/my_robot_description/share/my_robot_description/cmake/my_robot_descriptionConfig.cmake
[1.618s] -- Installing: /home/addinedu/my_mobile/install/my_robot_description/share/my_robot_description/cmake/my_robot_descriptionConfig-version.cmake
[1.618s] -- Installing: /home/addinedu/my_mobile/install/my_robot_description/share/my_robot_description/package.xml
[1.625s] Invoked command in '/home/addinedu/my_mobile/build/my_robot_description' returned '0': CMAKE_PREFIX_PATH=${CMAKE_PREFIX_PATH}:/opt/ros/humble /usr/bin/cmake --install /home/addinedu/my_mobile/build/my_robot_description
