[0.009s] Invoking command in '/home/addinedu/my_mobile/build/my_robot_gazebo': CMAKE_PREFIX_PATH=${CMAKE_PREFIX_PATH}:/opt/ros/humble /usr/bin/cmake /home/addinedu/my_mobile/src/my_robot_gazebo -DCMAKE_INSTALL_PREFIX=/home/addinedu/my_mobile/install/my_robot_gazebo
[0.108s] -- The C compiler identification is GNU 11.4.0
[0.221s] -- The CXX compiler identification is GNU 7.5.0
[0.230s] -- Detecting C compiler ABI info
[0.307s] -- Detecting C compiler ABI info - done
[0.313s] -- Check for working C compiler: /usr/bin/cc - skipped
[0.313s] -- Detecting C compile features
[0.314s] -- Detecting C compile features - done
[0.320s] -- Detecting CXX compiler ABI info
[0.416s] -- Detecting CXX compiler ABI info - done
[0.423s] -- Check for working CXX compiler: /usr/bin/c++ - skipped
[0.423s] -- Detecting CXX compile features
[0.424s] -- Detecting CXX compile features - done
[0.426s] -- Found ament_cmake: 1.3.9 (/opt/ros/humble/share/ament_cmake/cmake)
[1.176s] -- Found Python3: /home/addinedu/.pyenv/shims/python3 (found version "3.10.12") found components: Interpreter 
[1.325s] -- Found ament_lint_auto: 0.12.11 (/opt/ros/humble/share/ament_lint_auto/cmake)
[1.474s] -- Added test 'lint_cmake' to check CMake code style
[1.475s] -- Added test 'xmllint' to check XML markup files
[1.476s] -- Configuring done
[1.480s] -- Generating done
[1.481s] -- Build files have been written to: /home/addinedu/my_mobile/build/my_robot_gazebo
[1.483s] Invoked command in '/home/addinedu/my_mobile/build/my_robot_gazebo' returned '0': CMAKE_PREFIX_PATH=${CMAKE_PREFIX_PATH}:/opt/ros/humble /usr/bin/cmake /home/addinedu/my_mobile/src/my_robot_gazebo -DCMAKE_INSTALL_PREFIX=/home/addinedu/my_mobile/install/my_robot_gazebo
[1.488s] Invoking command in '/home/addinedu/my_mobile/build/my_robot_gazebo': CMAKE_PREFIX_PATH=${CMAKE_PREFIX_PATH}:/opt/ros/humble /usr/bin/cmake --build /home/addinedu/my_mobile/build/my_robot_gazebo -- -j12 -l12
[1.537s] Invoked command in '/home/addinedu/my_mobile/build/my_robot_gazebo' returned '0': CMAKE_PREFIX_PATH=${CMAKE_PREFIX_PATH}:/opt/ros/humble /usr/bin/cmake --build /home/addinedu/my_mobile/build/my_robot_gazebo -- -j12 -l12
[1.572s] Invoking command in '/home/addinedu/my_mobile/build/my_robot_gazebo': CMAKE_PREFIX_PATH=${CMAKE_PREFIX_PATH}:/opt/ros/humble /usr/bin/cmake --install /home/addinedu/my_mobile/build/my_robot_gazebo
[1.578s] -- Install configuration: ""
[1.578s] -- Installing: /home/addinedu/my_mobile/install/my_robot_gazebo/share/my_robot_gazebo/launch
[1.578s] -- Installing: /home/addinedu/my_mobile/install/my_robot_gazebo/share/my_robot_gazebo/launch/launch_sim.launch.xml
[1.579s] -- Installing: /home/addinedu/my_mobile/install/my_robot_gazebo/share/ament_index/resource_index/package_run_dependencies/my_robot_gazebo
[1.579s] -- Installing: /home/addinedu/my_mobile/install/my_robot_gazebo/share/ament_index/resource_index/parent_prefix_path/my_robot_gazebo
[1.579s] -- Installing: /home/addinedu/my_mobile/install/my_robot_gazebo/share/my_robot_gazebo/environment/ament_prefix_path.sh
[1.579s] -- Installing: /home/addinedu/my_mobile/install/my_robot_gazebo/share/my_robot_gazebo/environment/ament_prefix_path.dsv
[1.581s] -- Installing: /home/addinedu/my_mobile/install/my_robot_gazebo/share/my_robot_gazebo/environment/path.sh
[1.582s] -- Installing: /home/addinedu/my_mobile/install/my_robot_gazebo/share/my_robot_gazebo/environment/path.dsv
[1.583s] -- Installing: /home/addinedu/my_mobile/install/my_robot_gazebo/share/my_robot_gazebo/local_setup.bash
[1.583s] -- Installing: /home/addinedu/my_mobile/install/my_robot_gazebo/share/my_robot_gazebo/local_setup.sh
[1.583s] -- Installing: /home/addinedu/my_mobile/install/my_robot_gazebo/share/my_robot_gazebo/local_setup.zsh
[1.583s] -- Installing: /home/addinedu/my_mobile/install/my_robot_gazebo/share/my_robot_gazebo/local_setup.dsv
[1.583s] -- Installing: /home/addinedu/my_mobile/install/my_robot_gazebo/share/my_robot_gazebo/package.dsv
[1.583s] -- Installing: /home/addinedu/my_mobile/install/my_robot_gazebo/share/ament_index/resource_index/packages/my_robot_gazebo
[1.583s] -- Installing: /home/addinedu/my_mobile/install/my_robot_gazebo/share/my_robot_gazebo/cmake/my_robot_gazeboConfig.cmake
[1.583s] -- Installing: /home/addinedu/my_mobile/install/my_robot_gazebo/share/my_robot_gazebo/cmake/my_robot_gazeboConfig-version.cmake
[1.584s] -- Installing: /home/addinedu/my_mobile/install/my_robot_gazebo/share/my_robot_gazebo/package.xml
[1.586s] Invoked command in '/home/addinedu/my_mobile/build/my_robot_gazebo' returned '0': CMAKE_PREFIX_PATH=${CMAKE_PREFIX_PATH}:/opt/ros/humble /usr/bin/cmake --install /home/addinedu/my_mobile/build/my_robot_gazebo
