[0.752s] Invoking command in '/home/addinedu/ros2_ws/src/my_first_package': PYTHONPATH=/home/addinedu/ros2_ws/build/my_first_package/prefix_override:/home/addinedu/ros2_ws/install/my_first_package/lib/python3.10/site-packages:${PYTHONPATH} /usr/bin/python3 -W ignore:setup.py install is deprecated setup.py egg_info --egg-base ../../build/my_first_package build --build-base /home/addinedu/ros2_ws/build/my_first_package/build install --record /home/addinedu/ros2_ws/build/my_first_package/install.log --single-version-externally-managed install_data
[0.999s] running egg_info
[1.016s] writing ../../build/my_first_package/my_first_package.egg-info/PKG-INFO
[1.016s] writing dependency_links to ../../build/my_first_package/my_first_package.egg-info/dependency_links.txt
[1.016s] writing entry points to ../../build/my_first_package/my_first_package.egg-info/entry_points.txt
[1.017s] writing requirements to ../../build/my_first_package/my_first_package.egg-info/requires.txt
[1.017s] writing top-level names to ../../build/my_first_package/my_first_package.egg-info/top_level.txt
[1.160s] reading manifest file '../../build/my_first_package/my_first_package.egg-info/SOURCES.txt'
[1.160s] writing manifest file '../../build/my_first_package/my_first_package.egg-info/SOURCES.txt'
[1.161s] running build
[1.161s] running build_py
[1.161s] copying my_first_package/my_publisher.py -> /home/addinedu/ros2_ws/build/my_first_package/build/lib/my_first_package
[1.161s] copying my_first_package/my_first_node.py -> /home/addinedu/ros2_ws/build/my_first_package/build/lib/my_first_package
[1.161s] copying my_first_package/turtle_cmd_and_pose.py -> /home/addinedu/ros2_ws/build/my_first_package/build/lib/my_first_package
[1.161s] copying my_first_package/my_service_server.py -> /home/addinedu/ros2_ws/build/my_first_package/build/lib/my_first_package
[1.161s] copying my_first_package/__init__.py -> /home/addinedu/ros2_ws/build/my_first_package/build/lib/my_first_package
[1.162s] copying my_first_package/dist_turtle_action_server.py -> /home/addinedu/ros2_ws/build/my_first_package/build/lib/my_first_package
[1.162s] copying my_first_package/my_subscriber.py -> /home/addinedu/ros2_ws/build/my_first_package/build/lib/my_first_package
[1.162s] copying my_first_package/my_multi_thread.py -> /home/addinedu/ros2_ws/build/my_first_package/build/lib/my_first_package
[1.162s] running install
[1.167s] running install_lib
[1.183s] copying /home/addinedu/ros2_ws/build/my_first_package/build/lib/my_first_package/dist_turtle_action_server.py -> /home/addinedu/ros2_ws/install/my_first_package/lib/python3.10/site-packages/my_first_package
[1.184s] byte-compiling /home/addinedu/ros2_ws/install/my_first_package/lib/python3.10/site-packages/my_first_package/dist_turtle_action_server.py to dist_turtle_action_server.cpython-310.pyc
[1.184s] running install_data
[1.184s] copying resource/my_first_package -> /home/addinedu/ros2_ws/install/my_first_package/share/ament_index/resource_index/packages
[1.185s] copying package.xml -> /home/addinedu/ros2_ws/install/my_first_package/share/my_first_package
[1.185s] running install_egg_info
[1.201s] removing '/home/addinedu/ros2_ws/install/my_first_package/lib/python3.10/site-packages/my_first_package-0.0.0-py3.10.egg-info' (and everything under it)
[1.201s] Copying ../../build/my_first_package/my_first_package.egg-info to /home/addinedu/ros2_ws/install/my_first_package/lib/python3.10/site-packages/my_first_package-0.0.0-py3.10.egg-info
[1.202s] running install_scripts
[1.241s] Installing dist_turtle_action_server script to /home/addinedu/ros2_ws/install/my_first_package/lib/my_first_package
[1.241s] Installing my_first_node script to /home/addinedu/ros2_ws/install/my_first_package/lib/my_first_package
[1.241s] Installing my_multi_thread script to /home/addinedu/ros2_ws/install/my_first_package/lib/my_first_package
[1.241s] Installing my_publisher script to /home/addinedu/ros2_ws/install/my_first_package/lib/my_first_package
[1.241s] Installing my_service_server script to /home/addinedu/ros2_ws/install/my_first_package/lib/my_first_package
[1.241s] Installing my_subscriber script to /home/addinedu/ros2_ws/install/my_first_package/lib/my_first_package
[1.241s] Installing turtle_cmd_and_pose script to /home/addinedu/ros2_ws/install/my_first_package/lib/my_first_package
[1.242s] writing list of installed files to '/home/addinedu/ros2_ws/build/my_first_package/install.log'
[1.264s] Invoked command in '/home/addinedu/ros2_ws/src/my_first_package' returned '0': PYTHONPATH=/home/addinedu/ros2_ws/build/my_first_package/prefix_override:/home/addinedu/ros2_ws/install/my_first_package/lib/python3.10/site-packages:${PYTHONPATH} /usr/bin/python3 -W ignore:setup.py install is deprecated setup.py egg_info --egg-base ../../build/my_first_package build --build-base /home/addinedu/ros2_ws/build/my_first_package/build install --record /home/addinedu/ros2_ws/build/my_first_package/install.log --single-version-externally-managed install_data
