[0.655s] Invoking command in '/home/addinedu/ros2_ws/build/my_first_package': PYTHONPATH=/home/addinedu/ros2_ws/build/my_first_package/prefix_override:/home/addinedu/ros2_ws/install/my_first_package/lib/python3.10/site-packages:${PYTHONPATH} /usr/bin/python3 -W ignore:setup.py install is deprecated setup.py develop --editable --build-directory /home/addinedu/ros2_ws/build/my_first_package/build --no-deps symlink_data
[0.936s] running develop
[0.936s] /home/addinedu/.local/lib/python3.10/site-packages/setuptools/command/develop.py:42: EasyInstallDeprecationWarning: easy_install command is deprecated.
[0.936s] !!
[0.936s] 
[0.936s]         ********************************************************************************
[0.936s]         Please avoid running ``setup.py`` and ``easy_install``.
[0.936s]         Instead, use pypa/build, pypa/installer or other
[0.936s]         standards-based tools.
[0.936s] 
[0.936s]         See https://github.com/pypa/setuptools/issues/917 for details.
[0.936s]         ********************************************************************************
[0.936s] 
[0.937s] !!
[0.937s]   easy_install.initialize_options(self)
[1.148s] running egg_info
[1.164s] writing my_first_package.egg-info/PKG-INFO
[1.164s] writing dependency_links to my_first_package.egg-info/dependency_links.txt
[1.164s] writing entry points to my_first_package.egg-info/entry_points.txt
[1.164s] writing requirements to my_first_package.egg-info/requires.txt
[1.164s] writing top-level names to my_first_package.egg-info/top_level.txt
[1.201s] reading manifest file 'my_first_package.egg-info/SOURCES.txt'
[1.202s] writing manifest file 'my_first_package.egg-info/SOURCES.txt'
[1.218s] running build_ext
[1.218s] Creating /home/addinedu/ros2_ws/install/my_first_package/lib/python3.10/site-packages/my-first-package.egg-link (link to .)
[1.219s] Installing my_first_node script to /home/addinedu/ros2_ws/install/my_first_package/lib/my_first_package
[1.219s] Installing my_publisher script to /home/addinedu/ros2_ws/install/my_first_package/lib/my_first_package
[1.219s] Installing my_subscriber script to /home/addinedu/ros2_ws/install/my_first_package/lib/my_first_package
[1.219s] Installing turtle_cmd_and_pose script to /home/addinedu/ros2_ws/install/my_first_package/lib/my_first_package
[1.219s] 
[1.219s] Installed /home/addinedu/ros2_ws/build/my_first_package
[1.219s] running symlink_data
[1.241s] Invoked command in '/home/addinedu/ros2_ws/build/my_first_package' returned '0': PYTHONPATH=/home/addinedu/ros2_ws/build/my_first_package/prefix_override:/home/addinedu/ros2_ws/install/my_first_package/lib/python3.10/site-packages:${PYTHONPATH} /usr/bin/python3 -W ignore:setup.py install is deprecated setup.py develop --editable --build-directory /home/addinedu/ros2_ws/build/my_first_package/build --no-deps symlink_data
