[0.176s] Invoking command in '/home/addinedu/ros2_ws/build/my_first_package_msgs': CMAKE_PREFIX_PATH=${CMAKE_PREFIX_PATH}:/home/addinedu/ros2_ws/install/my_first_package:/opt/ros/humble /usr/bin/cmake --build /home/addinedu/ros2_ws/build/my_first_package_msgs -- -j12 -l12
[0.207s] -- Found ament_cmake: 1.3.9 (/opt/ros/humble/share/ament_cmake/cmake)
[0.365s] -- Found rosidl_default_generators: 1.2.0 (/opt/ros/humble/share/rosidl_default_generators/cmake)
[0.367s] -- Using all available rosidl_typesupport_c: rosidl_typesupport_fastrtps_c;rosidl_typesupport_introspection_c
[0.370s] -- Found rosidl_adapter: 3.1.5 (/opt/ros/humble/share/rosidl_adapter/cmake)
[0.399s] -- Using all available rosidl_typesupport_cpp: rosidl_typesupport_fastrtps_cpp;rosidl_typesupport_introspection_cpp
[0.741s] -- Found ament_cmake_ros: 0.10.0 (/opt/ros/humble/share/ament_cmake_ros/cmake)
[0.958s] -- Using all available rosidl_typesupport_c: rosidl_typesupport_fastrtps_c;rosidl_typesupport_introspection_c
[1.240s] -- Using all available rosidl_typesupport_cpp: rosidl_typesupport_fastrtps_cpp;rosidl_typesupport_introspection_cpp
[1.286s] -- Found python_cmake_module: 0.10.0 (/opt/ros/humble/share/python_cmake_module/cmake)
[1.330s] -- Using PYTHON_EXECUTABLE: /home/addinedu/.pyenv/shims/python3
[1.330s] -- Using PYTHON_INCLUDE_DIRS: /usr/include/python3.10
[1.330s] -- Using PYTHON_LIBRARIES: /usr/lib/x86_64-linux-gnu/libpython3.10.so
[1.339s] -- Found ament_lint_auto: 0.12.11 (/opt/ros/humble/share/ament_lint_auto/cmake)
[1.351s] -- Added test 'lint_cmake' to check CMake code style
[1.352s] -- Added test 'xmllint' to check XML markup files
[1.354s] -- Configuring done
[1.382s] -- Generating done
[1.384s] -- Build files have been written to: /home/addinedu/ros2_ws/build/my_first_package_msgs
[1.401s] [  2%] [34m[1mGenerating C code for ROS interfaces[0m
[1.409s] [  5%] [34m[1mGenerating C++ code for ROS interfaces[0m
[1.418s] [  5%] Built target ament_cmake_python_copy_my_first_package_msgs
[1.630s] running egg_info
[1.646s] writing my_first_package_msgs.egg-info/PKG-INFO
[1.647s] writing dependency_links to my_first_package_msgs.egg-info/dependency_links.txt
[1.647s] writing top-level names to my_first_package_msgs.egg-info/top_level.txt
[1.687s] [35m[1mConsolidate compiler generated dependencies of target my_first_package_msgs__rosidl_generator_c[0m
[1.694s] [  5%] Built target my_first_package_msgs__cpp
[1.697s] [ 10%] [32mBuilding C object CMakeFiles/my_first_package_msgs__rosidl_generator_c.dir/rosidl_generator_c/my_first_package_msgs/srv/detail/multi_spawn__functions.c.o[0m
[1.697s] [ 10%] [32mBuilding C object CMakeFiles/my_first_package_msgs__rosidl_generator_c.dir/rosidl_generator_c/my_first_package_msgs/msg/detail/cmd_and_pose_vel__functions.c.o[0m
[1.701s] [ 15%] [34m[1mGenerating C++ type support dispatch for ROS interfaces[0m
[1.702s] [ 15%] [34m[1mGenerating C++ introspection for ROS interfaces[0m
[1.702s] [ 17%] [34m[1mGenerating C++ type support for eProsima Fast-RTPS[0m
[1.779s] [ 20%] [32m[1mLinking C shared library libmy_first_package_msgs__rosidl_generator_c.so[0m
[1.810s] [ 20%] Built target my_first_package_msgs__rosidl_generator_c
[1.817s] [ 25%] [34m[1mGenerating C introspection for ROS interfaces[0m
[1.817s] [ 25%] [34m[1mGenerating C type support dispatch for ROS interfaces[0m
[1.818s] reading manifest file 'my_first_package_msgs.egg-info/SOURCES.txt'
[1.820s] writing manifest file 'my_first_package_msgs.egg-info/SOURCES.txt'
[1.821s] [ 28%] [34m[1mGenerating C type support for eProsima Fast-RTPS[0m
[1.856s] [ 28%] Built target ament_cmake_python_build_my_first_package_msgs_egg
[1.940s] [35m[1mConsolidate compiler generated dependencies of target my_first_package_msgs__rosidl_typesupport_cpp[0m
[1.953s] [ 30%] [32mBuilding CXX object CMakeFiles/my_first_package_msgs__rosidl_typesupport_cpp.dir/rosidl_typesupport_cpp/my_first_package_msgs/msg/cmd_and_pose_vel__type_support.cpp.o[0m
[1.956s] [ 33%] [32mBuilding CXX object CMakeFiles/my_first_package_msgs__rosidl_typesupport_cpp.dir/rosidl_typesupport_cpp/my_first_package_msgs/srv/multi_spawn__type_support.cpp.o[0m
[1.969s] [35m[1mConsolidate compiler generated dependencies of target my_first_package_msgs__rosidl_typesupport_introspection_cpp[0m
[1.980s] [ 38%] [32mBuilding CXX object CMakeFiles/my_first_package_msgs__rosidl_typesupport_introspection_cpp.dir/rosidl_typesupport_introspection_cpp/my_first_package_msgs/srv/detail/multi_spawn__type_support.cpp.o[0m
[1.980s] [ 38%] [32mBuilding CXX object CMakeFiles/my_first_package_msgs__rosidl_typesupport_introspection_cpp.dir/rosidl_typesupport_introspection_cpp/my_first_package_msgs/msg/detail/cmd_and_pose_vel__type_support.cpp.o[0m
[1.996s] [35m[1mConsolidate compiler generated dependencies of target my_first_package_msgs__rosidl_typesupport_fastrtps_cpp[0m
[2.006s] [ 41%] [32mBuilding CXX object CMakeFiles/my_first_package_msgs__rosidl_typesupport_fastrtps_cpp.dir/rosidl_typesupport_fastrtps_cpp/my_first_package_msgs/srv/detail/dds_fastrtps/multi_spawn__type_support.cpp.o[0m
[2.007s] [ 43%] [32mBuilding CXX object CMakeFiles/my_first_package_msgs__rosidl_typesupport_fastrtps_cpp.dir/rosidl_typesupport_fastrtps_cpp/my_first_package_msgs/msg/detail/dds_fastrtps/cmd_and_pose_vel__type_support.cpp.o[0m
[2.106s] [35m[1mConsolidate compiler generated dependencies of target my_first_package_msgs__rosidl_typesupport_introspection_c[0m
[2.115s] [ 46%] [32mBuilding C object CMakeFiles/my_first_package_msgs__rosidl_typesupport_introspection_c.dir/rosidl_typesupport_introspection_c/my_first_package_msgs/msg/detail/cmd_and_pose_vel__type_support.c.o[0m
[2.118s] [ 48%] [32mBuilding C object CMakeFiles/my_first_package_msgs__rosidl_typesupport_introspection_c.dir/rosidl_typesupport_introspection_c/my_first_package_msgs/srv/detail/multi_spawn__type_support.c.o[0m
[2.124s] [35m[1mConsolidate compiler generated dependencies of target my_first_package_msgs__rosidl_typesupport_c[0m
[2.138s] [ 51%] [32mBuilding CXX object CMakeFiles/my_first_package_msgs__rosidl_typesupport_c.dir/rosidl_typesupport_c/my_first_package_msgs/msg/cmd_and_pose_vel__type_support.cpp.o[0m
[2.140s] [ 53%] [32mBuilding CXX object CMakeFiles/my_first_package_msgs__rosidl_typesupport_c.dir/rosidl_typesupport_c/my_first_package_msgs/srv/multi_spawn__type_support.cpp.o[0m
[2.161s] [ 56%] [32m[1mLinking C shared library libmy_first_package_msgs__rosidl_typesupport_introspection_c.so[0m
[2.179s] [ 58%] [32m[1mLinking CXX shared library libmy_first_package_msgs__rosidl_typesupport_c.so[0m
[2.193s] [ 58%] Built target my_first_package_msgs__rosidl_typesupport_introspection_c
[2.213s] [35m[1mConsolidate compiler generated dependencies of target my_first_package_msgs__rosidl_typesupport_fastrtps_c[0m
[2.224s] [ 61%] [32mBuilding CXX object CMakeFiles/my_first_package_msgs__rosidl_typesupport_fastrtps_c.dir/rosidl_typesupport_fastrtps_c/my_first_package_msgs/srv/detail/multi_spawn__type_support_c.cpp.o[0m
[2.225s] [ 61%] Built target my_first_package_msgs__rosidl_typesupport_c
[2.227s] [ 64%] [32mBuilding CXX object CMakeFiles/my_first_package_msgs__rosidl_typesupport_fastrtps_c.dir/rosidl_typesupport_fastrtps_c/my_first_package_msgs/msg/detail/cmd_and_pose_vel__type_support_c.cpp.o[0m
[2.248s] [ 66%] [32m[1mLinking CXX shared library libmy_first_package_msgs__rosidl_typesupport_cpp.so[0m
[2.280s] [ 66%] Built target my_first_package_msgs__rosidl_typesupport_cpp
[2.325s] [ 69%] [32m[1mLinking CXX shared library libmy_first_package_msgs__rosidl_typesupport_introspection_cpp.so[0m
[2.386s] [ 69%] Built target my_first_package_msgs__rosidl_typesupport_introspection_cpp
[2.387s] [ 71%] [32m[1mLinking CXX shared library libmy_first_package_msgs__rosidl_typesupport_fastrtps_cpp.so[0m
[2.442s] [ 71%] Built target my_first_package_msgs__rosidl_typesupport_fastrtps_cpp
[2.500s] [ 74%] [32m[1mLinking CXX shared library libmy_first_package_msgs__rosidl_typesupport_fastrtps_c.so[0m
[2.548s] [ 74%] Built target my_first_package_msgs__rosidl_typesupport_fastrtps_c
[2.560s] [ 74%] Built target my_first_package_msgs
[2.573s] [ 76%] [34m[1mGenerating Python code for ROS interfaces[0m
[2.945s] [ 76%] Built target my_first_package_msgs__py
[2.952s] [35m[1mConsolidate compiler generated dependencies of target my_first_package_msgs__rosidl_generator_py[0m
[2.962s] [ 82%] [32mBuilding C object CMakeFiles/my_first_package_msgs__rosidl_generator_py.dir/rosidl_generator_py/my_first_package_msgs/srv/_multi_spawn_s.c.o[0m
[2.962s] [ 82%] [32mBuilding C object CMakeFiles/my_first_package_msgs__rosidl_generator_py.dir/rosidl_generator_py/my_first_package_msgs/msg/_cmd_and_pose_vel_s.c.o[0m
[3.062s] [ 84%] [32m[1mLinking C shared library rosidl_generator_py/my_first_package_msgs/libmy_first_package_msgs__rosidl_generator_py.so[0m
[3.088s] [ 84%] Built target my_first_package_msgs__rosidl_generator_py
[3.096s] [35m[1mConsolidate compiler generated dependencies of target my_first_package_msgs__rosidl_typesupport_fastrtps_c__pyext[0m
[3.096s] [35m[1mConsolidate compiler generated dependencies of target my_first_package_msgs__rosidl_typesupport_c__pyext[0m
[3.096s] [35m[1mConsolidate compiler generated dependencies of target my_first_package_msgs__rosidl_typesupport_introspection_c__pyext[0m
[3.105s] [ 92%] [32mBuilding C object CMakeFiles/my_first_package_msgs__rosidl_typesupport_introspection_c__pyext.dir/rosidl_generator_py/my_first_package_msgs/_my_first_package_msgs_s.ep.rosidl_typesupport_introspection_c.c.o[0m
[3.105s] [ 92%] [32mBuilding C object CMakeFiles/my_first_package_msgs__rosidl_typesupport_c__pyext.dir/rosidl_generator_py/my_first_package_msgs/_my_first_package_msgs_s.ep.rosidl_typesupport_c.c.o[0m
[3.105s] [ 92%] [32mBuilding C object CMakeFiles/my_first_package_msgs__rosidl_typesupport_fastrtps_c__pyext.dir/rosidl_generator_py/my_first_package_msgs/_my_first_package_msgs_s.ep.rosidl_typesupport_fastrtps_c.c.o[0m
[3.175s] [ 94%] [32m[1mLinking C shared library rosidl_generator_py/my_first_package_msgs/my_first_package_msgs_s__rosidl_typesupport_c.cpython-310-x86_64-linux-gnu.so[0m
[3.175s] [ 97%] [32m[1mLinking C shared library rosidl_generator_py/my_first_package_msgs/my_first_package_msgs_s__rosidl_typesupport_introspection_c.cpython-310-x86_64-linux-gnu.so[0m
[3.178s] [100%] [32m[1mLinking C shared library rosidl_generator_py/my_first_package_msgs/my_first_package_msgs_s__rosidl_typesupport_fastrtps_c.cpython-310-x86_64-linux-gnu.so[0m
[3.198s] [100%] Built target my_first_package_msgs__rosidl_typesupport_introspection_c__pyext
[3.198s] [100%] Built target my_first_package_msgs__rosidl_typesupport_c__pyext
[3.202s] [100%] Built target my_first_package_msgs__rosidl_typesupport_fastrtps_c__pyext
[3.210s] Invoked command in '/home/addinedu/ros2_ws/build/my_first_package_msgs' returned '0': CMAKE_PREFIX_PATH=${CMAKE_PREFIX_PATH}:/home/addinedu/ros2_ws/install/my_first_package:/opt/ros/humble /usr/bin/cmake --build /home/addinedu/ros2_ws/build/my_first_package_msgs -- -j12 -l12
[3.263s] Invoking command in '/home/addinedu/ros2_ws/build/my_first_package_msgs': CMAKE_PREFIX_PATH=${CMAKE_PREFIX_PATH}:/home/addinedu/ros2_ws/install/my_first_package:/opt/ros/humble /usr/bin/cmake --install /home/addinedu/ros2_ws/build/my_first_package_msgs
[3.268s] -- Install configuration: ""
[3.269s] -- Installing: /home/addinedu/ros2_ws/install/my_first_package_msgs/share/ament_index/resource_index/rosidl_interfaces/my_first_package_msgs
[3.269s] -- Up-to-date: /home/addinedu/ros2_ws/install/my_first_package_msgs/include/my_first_package_msgs/my_first_package_msgs
[3.269s] -- Up-to-date: /home/addinedu/ros2_ws/install/my_first_package_msgs/include/my_first_package_msgs/my_first_package_msgs/msg
[3.269s] -- Up-to-date: /home/addinedu/ros2_ws/install/my_first_package_msgs/include/my_first_package_msgs/my_first_package_msgs/msg/detail
[3.269s] -- Installing: /home/addinedu/ros2_ws/install/my_first_package_msgs/include/my_first_package_msgs/my_first_package_msgs/msg/detail/cmd_and_pose_vel__struct.h
[3.269s] -- Installing: /home/addinedu/ros2_ws/install/my_first_package_msgs/include/my_first_package_msgs/my_first_package_msgs/msg/detail/cmd_and_pose_vel__functions.h
[3.269s] -- Installing: /home/addinedu/ros2_ws/install/my_first_package_msgs/include/my_first_package_msgs/my_first_package_msgs/msg/detail/cmd_and_pose_vel__functions.c
[3.269s] -- Installing: /home/addinedu/ros2_ws/install/my_first_package_msgs/include/my_first_package_msgs/my_first_package_msgs/msg/detail/cmd_and_pose_vel__type_support.h
[3.269s] -- Up-to-date: /home/addinedu/ros2_ws/install/my_first_package_msgs/include/my_first_package_msgs/my_first_package_msgs/msg/rosidl_generator_c__visibility_control.h
[3.269s] -- Installing: /home/addinedu/ros2_ws/install/my_first_package_msgs/include/my_first_package_msgs/my_first_package_msgs/msg/cmd_and_pose_vel.h
[3.269s] -- Installing: /home/addinedu/ros2_ws/install/my_first_package_msgs/include/my_first_package_msgs/my_first_package_msgs/srv
[3.269s] -- Installing: /home/addinedu/ros2_ws/install/my_first_package_msgs/include/my_first_package_msgs/my_first_package_msgs/srv/detail
[3.270s] -- Installing: /home/addinedu/ros2_ws/install/my_first_package_msgs/include/my_first_package_msgs/my_first_package_msgs/srv/detail/multi_spawn__functions.h
[3.270s] -- Installing: /home/addinedu/ros2_ws/install/my_first_package_msgs/include/my_first_package_msgs/my_first_package_msgs/srv/detail/multi_spawn__functions.c
[3.270s] -- Installing: /home/addinedu/ros2_ws/install/my_first_package_msgs/include/my_first_package_msgs/my_first_package_msgs/srv/detail/multi_spawn__type_support.h
[3.270s] -- Installing: /home/addinedu/ros2_ws/install/my_first_package_msgs/include/my_first_package_msgs/my_first_package_msgs/srv/detail/multi_spawn__struct.h
[3.270s] -- Installing: /home/addinedu/ros2_ws/install/my_first_package_msgs/include/my_first_package_msgs/my_first_package_msgs/srv/multi_spawn.h
[3.270s] -- Up-to-date: /home/addinedu/ros2_ws/install/my_first_package_msgs/share/my_first_package_msgs/environment/library_path.sh
[3.270s] -- Installing: /home/addinedu/ros2_ws/install/my_first_package_msgs/share/my_first_package_msgs/environment/library_path.dsv
[3.270s] -- Installing: /home/addinedu/ros2_ws/install/my_first_package_msgs/lib/libmy_first_package_msgs__rosidl_generator_c.so
[3.270s] -- Set runtime path of "/home/addinedu/ros2_ws/install/my_first_package_msgs/lib/libmy_first_package_msgs__rosidl_generator_c.so" to ""
[3.270s] -- Up-to-date: /home/addinedu/ros2_ws/install/my_first_package_msgs/include/my_first_package_msgs/my_first_package_msgs
[3.270s] -- Up-to-date: /home/addinedu/ros2_ws/install/my_first_package_msgs/include/my_first_package_msgs/my_first_package_msgs/msg
[3.270s] -- Up-to-date: /home/addinedu/ros2_ws/install/my_first_package_msgs/include/my_first_package_msgs/my_first_package_msgs/msg/detail
[3.270s] -- Installing: /home/addinedu/ros2_ws/install/my_first_package_msgs/include/my_first_package_msgs/my_first_package_msgs/msg/detail/cmd_and_pose_vel__rosidl_typesupport_fastrtps_c.h
[3.270s] -- Up-to-date: /home/addinedu/ros2_ws/install/my_first_package_msgs/include/my_first_package_msgs/my_first_package_msgs/msg/rosidl_typesupport_fastrtps_c__visibility_control.h
[3.271s] -- Up-to-date: /home/addinedu/ros2_ws/install/my_first_package_msgs/include/my_first_package_msgs/my_first_package_msgs/srv
[3.271s] -- Up-to-date: /home/addinedu/ros2_ws/install/my_first_package_msgs/include/my_first_package_msgs/my_first_package_msgs/srv/detail
[3.271s] -- Installing: /home/addinedu/ros2_ws/install/my_first_package_msgs/include/my_first_package_msgs/my_first_package_msgs/srv/detail/multi_spawn__rosidl_typesupport_fastrtps_c.h
[3.271s] -- Installing: /home/addinedu/ros2_ws/install/my_first_package_msgs/lib/libmy_first_package_msgs__rosidl_typesupport_fastrtps_c.so
[3.271s] -- Set runtime path of "/home/addinedu/ros2_ws/install/my_first_package_msgs/lib/libmy_first_package_msgs__rosidl_typesupport_fastrtps_c.so" to ""
[3.271s] -- Up-to-date: /home/addinedu/ros2_ws/install/my_first_package_msgs/include/my_first_package_msgs/my_first_package_msgs
[3.271s] -- Up-to-date: /home/addinedu/ros2_ws/install/my_first_package_msgs/include/my_first_package_msgs/my_first_package_msgs/msg
[3.271s] -- Up-to-date: /home/addinedu/ros2_ws/install/my_first_package_msgs/include/my_first_package_msgs/my_first_package_msgs/msg/detail
[3.271s] -- Installing: /home/addinedu/ros2_ws/install/my_first_package_msgs/include/my_first_package_msgs/my_first_package_msgs/msg/detail/cmd_and_pose_vel__rosidl_typesupport_introspection_c.h
[3.271s] -- Installing: /home/addinedu/ros2_ws/install/my_first_package_msgs/include/my_first_package_msgs/my_first_package_msgs/msg/detail/cmd_and_pose_vel__type_support.c
[3.271s] -- Up-to-date: /home/addinedu/ros2_ws/install/my_first_package_msgs/include/my_first_package_msgs/my_first_package_msgs/msg/rosidl_typesupport_introspection_c__visibility_control.h
[3.271s] -- Up-to-date: /home/addinedu/ros2_ws/install/my_first_package_msgs/include/my_first_package_msgs/my_first_package_msgs/srv
[3.272s] -- Up-to-date: /home/addinedu/ros2_ws/install/my_first_package_msgs/include/my_first_package_msgs/my_first_package_msgs/srv/detail
[3.272s] -- Installing: /home/addinedu/ros2_ws/install/my_first_package_msgs/include/my_first_package_msgs/my_first_package_msgs/srv/detail/multi_spawn__type_support.c
[3.272s] -- Installing: /home/addinedu/ros2_ws/install/my_first_package_msgs/include/my_first_package_msgs/my_first_package_msgs/srv/detail/multi_spawn__rosidl_typesupport_introspection_c.h
[3.272s] -- Installing: /home/addinedu/ros2_ws/install/my_first_package_msgs/lib/libmy_first_package_msgs__rosidl_typesupport_introspection_c.so
[3.272s] -- Set runtime path of "/home/addinedu/ros2_ws/install/my_first_package_msgs/lib/libmy_first_package_msgs__rosidl_typesupport_introspection_c.so" to ""
[3.272s] -- Installing: /home/addinedu/ros2_ws/install/my_first_package_msgs/lib/libmy_first_package_msgs__rosidl_typesupport_c.so
[3.272s] -- Set runtime path of "/home/addinedu/ros2_ws/install/my_first_package_msgs/lib/libmy_first_package_msgs__rosidl_typesupport_c.so" to ""
[3.272s] -- Up-to-date: /home/addinedu/ros2_ws/install/my_first_package_msgs/include/my_first_package_msgs/my_first_package_msgs
[3.272s] -- Up-to-date: /home/addinedu/ros2_ws/install/my_first_package_msgs/include/my_first_package_msgs/my_first_package_msgs/msg
[3.273s] -- Installing: /home/addinedu/ros2_ws/install/my_first_package_msgs/include/my_first_package_msgs/my_first_package_msgs/msg/cmd_and_pose_vel.hpp
[3.273s] -- Up-to-date: /home/addinedu/ros2_ws/install/my_first_package_msgs/include/my_first_package_msgs/my_first_package_msgs/msg/detail
[3.273s] -- Installing: /home/addinedu/ros2_ws/install/my_first_package_msgs/include/my_first_package_msgs/my_first_package_msgs/msg/detail/cmd_and_pose_vel__struct.hpp
[3.273s] -- Installing: /home/addinedu/ros2_ws/install/my_first_package_msgs/include/my_first_package_msgs/my_first_package_msgs/msg/detail/cmd_and_pose_vel__builder.hpp
[3.273s] -- Installing: /home/addinedu/ros2_ws/install/my_first_package_msgs/include/my_first_package_msgs/my_first_package_msgs/msg/detail/cmd_and_pose_vel__traits.hpp
[3.273s] -- Up-to-date: /home/addinedu/ros2_ws/install/my_first_package_msgs/include/my_first_package_msgs/my_first_package_msgs/srv
[3.273s] -- Installing: /home/addinedu/ros2_ws/install/my_first_package_msgs/include/my_first_package_msgs/my_first_package_msgs/srv/multi_spawn.hpp
[3.273s] -- Up-to-date: /home/addinedu/ros2_ws/install/my_first_package_msgs/include/my_first_package_msgs/my_first_package_msgs/srv/detail
[3.273s] -- Installing: /home/addinedu/ros2_ws/install/my_first_package_msgs/include/my_first_package_msgs/my_first_package_msgs/srv/detail/multi_spawn__builder.hpp
[3.273s] -- Installing: /home/addinedu/ros2_ws/install/my_first_package_msgs/include/my_first_package_msgs/my_first_package_msgs/srv/detail/multi_spawn__traits.hpp
[3.273s] -- Installing: /home/addinedu/ros2_ws/install/my_first_package_msgs/include/my_first_package_msgs/my_first_package_msgs/srv/detail/multi_spawn__struct.hpp
[3.273s] -- Up-to-date: /home/addinedu/ros2_ws/install/my_first_package_msgs/include/my_first_package_msgs/my_first_package_msgs
[3.273s] -- Up-to-date: /home/addinedu/ros2_ws/install/my_first_package_msgs/include/my_first_package_msgs/my_first_package_msgs/msg
[3.273s] -- Up-to-date: /home/addinedu/ros2_ws/install/my_first_package_msgs/include/my_first_package_msgs/my_first_package_msgs/msg/detail
[3.273s] -- Up-to-date: /home/addinedu/ros2_ws/install/my_first_package_msgs/include/my_first_package_msgs/my_first_package_msgs/msg/detail/dds_fastrtps
[3.273s] -- Installing: /home/addinedu/ros2_ws/install/my_first_package_msgs/include/my_first_package_msgs/my_first_package_msgs/msg/detail/cmd_and_pose_vel__rosidl_typesupport_fastrtps_cpp.hpp
[3.274s] -- Up-to-date: /home/addinedu/ros2_ws/install/my_first_package_msgs/include/my_first_package_msgs/my_first_package_msgs/msg/rosidl_typesupport_fastrtps_cpp__visibility_control.h
[3.274s] -- Up-to-date: /home/addinedu/ros2_ws/install/my_first_package_msgs/include/my_first_package_msgs/my_first_package_msgs/srv
[3.274s] -- Up-to-date: /home/addinedu/ros2_ws/install/my_first_package_msgs/include/my_first_package_msgs/my_first_package_msgs/srv/detail
[3.274s] -- Installing: /home/addinedu/ros2_ws/install/my_first_package_msgs/include/my_first_package_msgs/my_first_package_msgs/srv/detail/dds_fastrtps
[3.274s] -- Installing: /home/addinedu/ros2_ws/install/my_first_package_msgs/include/my_first_package_msgs/my_first_package_msgs/srv/detail/multi_spawn__rosidl_typesupport_fastrtps_cpp.hpp
[3.274s] -- Installing: /home/addinedu/ros2_ws/install/my_first_package_msgs/lib/libmy_first_package_msgs__rosidl_typesupport_fastrtps_cpp.so
[3.274s] -- Set runtime path of "/home/addinedu/ros2_ws/install/my_first_package_msgs/lib/libmy_first_package_msgs__rosidl_typesupport_fastrtps_cpp.so" to ""
[3.274s] -- Up-to-date: /home/addinedu/ros2_ws/install/my_first_package_msgs/include/my_first_package_msgs/my_first_package_msgs
[3.274s] -- Up-to-date: /home/addinedu/ros2_ws/install/my_first_package_msgs/include/my_first_package_msgs/my_first_package_msgs/msg
[3.274s] -- Up-to-date: /home/addinedu/ros2_ws/install/my_first_package_msgs/include/my_first_package_msgs/my_first_package_msgs/msg/detail
[3.274s] -- Installing: /home/addinedu/ros2_ws/install/my_first_package_msgs/include/my_first_package_msgs/my_first_package_msgs/msg/detail/cmd_and_pose_vel__rosidl_typesupport_introspection_cpp.hpp
[3.274s] -- Installing: /home/addinedu/ros2_ws/install/my_first_package_msgs/include/my_first_package_msgs/my_first_package_msgs/msg/detail/cmd_and_pose_vel__type_support.cpp
[3.274s] -- Up-to-date: /home/addinedu/ros2_ws/install/my_first_package_msgs/include/my_first_package_msgs/my_first_package_msgs/srv
[3.274s] -- Up-to-date: /home/addinedu/ros2_ws/install/my_first_package_msgs/include/my_first_package_msgs/my_first_package_msgs/srv/detail
[3.274s] -- Installing: /home/addinedu/ros2_ws/install/my_first_package_msgs/include/my_first_package_msgs/my_first_package_msgs/srv/detail/multi_spawn__rosidl_typesupport_introspection_cpp.hpp
[3.274s] -- Installing: /home/addinedu/ros2_ws/install/my_first_package_msgs/include/my_first_package_msgs/my_first_package_msgs/srv/detail/multi_spawn__type_support.cpp
[3.275s] -- Installing: /home/addinedu/ros2_ws/install/my_first_package_msgs/lib/libmy_first_package_msgs__rosidl_typesupport_introspection_cpp.so
[3.275s] -- Set runtime path of "/home/addinedu/ros2_ws/install/my_first_package_msgs/lib/libmy_first_package_msgs__rosidl_typesupport_introspection_cpp.so" to ""
[3.275s] -- Installing: /home/addinedu/ros2_ws/install/my_first_package_msgs/lib/libmy_first_package_msgs__rosidl_typesupport_cpp.so
[3.275s] -- Set runtime path of "/home/addinedu/ros2_ws/install/my_first_package_msgs/lib/libmy_first_package_msgs__rosidl_typesupport_cpp.so" to ""
[3.275s] -- Up-to-date: /home/addinedu/ros2_ws/install/my_first_package_msgs/share/my_first_package_msgs/environment/pythonpath.sh
[3.276s] -- Installing: /home/addinedu/ros2_ws/install/my_first_package_msgs/share/my_first_package_msgs/environment/pythonpath.dsv
[3.276s] -- Up-to-date: /home/addinedu/ros2_ws/install/my_first_package_msgs/local/lib/python3.10/dist-packages/my_first_package_msgs-0.0.0-py3.10.egg-info
[3.276s] -- Installing: /home/addinedu/ros2_ws/install/my_first_package_msgs/local/lib/python3.10/dist-packages/my_first_package_msgs-0.0.0-py3.10.egg-info/PKG-INFO
[3.276s] -- Installing: /home/addinedu/ros2_ws/install/my_first_package_msgs/local/lib/python3.10/dist-packages/my_first_package_msgs-0.0.0-py3.10.egg-info/SOURCES.txt
[3.276s] -- Installing: /home/addinedu/ros2_ws/install/my_first_package_msgs/local/lib/python3.10/dist-packages/my_first_package_msgs-0.0.0-py3.10.egg-info/top_level.txt
[3.276s] -- Installing: /home/addinedu/ros2_ws/install/my_first_package_msgs/local/lib/python3.10/dist-packages/my_first_package_msgs-0.0.0-py3.10.egg-info/dependency_links.txt
[3.276s] -- Up-to-date: /home/addinedu/ros2_ws/install/my_first_package_msgs/local/lib/python3.10/dist-packages/my_first_package_msgs
[3.276s] -- Installing: /home/addinedu/ros2_ws/install/my_first_package_msgs/local/lib/python3.10/dist-packages/my_first_package_msgs/my_first_package_msgs_s__rosidl_typesupport_fastrtps_c.cpython-310-x86_64-linux-gnu.so
[3.276s] -- Installing: /home/addinedu/ros2_ws/install/my_first_package_msgs/local/lib/python3.10/dist-packages/my_first_package_msgs/_my_first_package_msgs_s.ep.rosidl_typesupport_introspection_c.c
[3.276s] -- Up-to-date: /home/addinedu/ros2_ws/install/my_first_package_msgs/local/lib/python3.10/dist-packages/my_first_package_msgs/msg
[3.276s] -- Installing: /home/addinedu/ros2_ws/install/my_first_package_msgs/local/lib/python3.10/dist-packages/my_first_package_msgs/msg/__init__.py
[3.276s] -- Installing: /home/addinedu/ros2_ws/install/my_first_package_msgs/local/lib/python3.10/dist-packages/my_first_package_msgs/msg/_cmd_and_pose_vel.py
[3.276s] -- Installing: /home/addinedu/ros2_ws/install/my_first_package_msgs/local/lib/python3.10/dist-packages/my_first_package_msgs/msg/_cmd_and_pose_vel_s.c
[3.276s] -- Installing: /home/addinedu/ros2_ws/install/my_first_package_msgs/local/lib/python3.10/dist-packages/my_first_package_msgs/_my_first_package_msgs_s.ep.rosidl_typesupport_fastrtps_c.c
[3.276s] -- Installing: /home/addinedu/ros2_ws/install/my_first_package_msgs/local/lib/python3.10/dist-packages/my_first_package_msgs/srv
[3.277s] -- Installing: /home/addinedu/ros2_ws/install/my_first_package_msgs/local/lib/python3.10/dist-packages/my_first_package_msgs/srv/_multi_spawn_s.c
[3.277s] -- Installing: /home/addinedu/ros2_ws/install/my_first_package_msgs/local/lib/python3.10/dist-packages/my_first_package_msgs/srv/__init__.py
[3.277s] -- Installing: /home/addinedu/ros2_ws/install/my_first_package_msgs/local/lib/python3.10/dist-packages/my_first_package_msgs/srv/_multi_spawn.py
[3.277s] -- Installing: /home/addinedu/ros2_ws/install/my_first_package_msgs/local/lib/python3.10/dist-packages/my_first_package_msgs/libmy_first_package_msgs__rosidl_generator_py.so
[3.277s] -- Installing: /home/addinedu/ros2_ws/install/my_first_package_msgs/local/lib/python3.10/dist-packages/my_first_package_msgs/__init__.py
[3.277s] -- Installing: /home/addinedu/ros2_ws/install/my_first_package_msgs/local/lib/python3.10/dist-packages/my_first_package_msgs/my_first_package_msgs_s__rosidl_typesupport_c.cpython-310-x86_64-linux-gnu.so
[3.277s] -- Installing: /home/addinedu/ros2_ws/install/my_first_package_msgs/local/lib/python3.10/dist-packages/my_first_package_msgs/my_first_package_msgs_s__rosidl_typesupport_introspection_c.cpython-310-x86_64-linux-gnu.so
[3.277s] -- Installing: /home/addinedu/ros2_ws/install/my_first_package_msgs/local/lib/python3.10/dist-packages/my_first_package_msgs/_my_first_package_msgs_s.ep.rosidl_typesupport_c.c
[3.331s] Listing '/home/addinedu/ros2_ws/install/my_first_package_msgs/local/lib/python3.10/dist-packages/my_first_package_msgs'...
[3.331s] Compiling '/home/addinedu/ros2_ws/install/my_first_package_msgs/local/lib/python3.10/dist-packages/my_first_package_msgs/__init__.py'...
[3.331s] Listing '/home/addinedu/ros2_ws/install/my_first_package_msgs/local/lib/python3.10/dist-packages/my_first_package_msgs/msg'...
[3.331s] Compiling '/home/addinedu/ros2_ws/install/my_first_package_msgs/local/lib/python3.10/dist-packages/my_first_package_msgs/msg/__init__.py'...
[3.331s] Compiling '/home/addinedu/ros2_ws/install/my_first_package_msgs/local/lib/python3.10/dist-packages/my_first_package_msgs/msg/_cmd_and_pose_vel.py'...
[3.331s] Listing '/home/addinedu/ros2_ws/install/my_first_package_msgs/local/lib/python3.10/dist-packages/my_first_package_msgs/srv'...
[3.331s] Compiling '/home/addinedu/ros2_ws/install/my_first_package_msgs/local/lib/python3.10/dist-packages/my_first_package_msgs/srv/__init__.py'...
[3.332s] Compiling '/home/addinedu/ros2_ws/install/my_first_package_msgs/local/lib/python3.10/dist-packages/my_first_package_msgs/srv/_multi_spawn.py'...
[3.335s] -- Installing: /home/addinedu/ros2_ws/install/my_first_package_msgs/local/lib/python3.10/dist-packages/my_first_package_msgs/my_first_package_msgs_s__rosidl_typesupport_fastrtps_c.cpython-310-x86_64-linux-gnu.so
[3.335s] -- Set runtime path of "/home/addinedu/ros2_ws/install/my_first_package_msgs/local/lib/python3.10/dist-packages/my_first_package_msgs/my_first_package_msgs_s__rosidl_typesupport_fastrtps_c.cpython-310-x86_64-linux-gnu.so" to ""
[3.335s] -- Installing: /home/addinedu/ros2_ws/install/my_first_package_msgs/local/lib/python3.10/dist-packages/my_first_package_msgs/my_first_package_msgs_s__rosidl_typesupport_introspection_c.cpython-310-x86_64-linux-gnu.so
[3.335s] -- Set runtime path of "/home/addinedu/ros2_ws/install/my_first_package_msgs/local/lib/python3.10/dist-packages/my_first_package_msgs/my_first_package_msgs_s__rosidl_typesupport_introspection_c.cpython-310-x86_64-linux-gnu.so" to ""
[3.336s] -- Installing: /home/addinedu/ros2_ws/install/my_first_package_msgs/local/lib/python3.10/dist-packages/my_first_package_msgs/my_first_package_msgs_s__rosidl_typesupport_c.cpython-310-x86_64-linux-gnu.so
[3.336s] -- Set runtime path of "/home/addinedu/ros2_ws/install/my_first_package_msgs/local/lib/python3.10/dist-packages/my_first_package_msgs/my_first_package_msgs_s__rosidl_typesupport_c.cpython-310-x86_64-linux-gnu.so" to ""
[3.336s] -- Installing: /home/addinedu/ros2_ws/install/my_first_package_msgs/lib/libmy_first_package_msgs__rosidl_generator_py.so
[3.336s] -- Set runtime path of "/home/addinedu/ros2_ws/install/my_first_package_msgs/lib/libmy_first_package_msgs__rosidl_generator_py.so" to ""
[3.336s] -- Up-to-date: /home/addinedu/ros2_ws/install/my_first_package_msgs/share/my_first_package_msgs/msg/CmdAndPoseVel.idl
[3.336s] -- Installing: /home/addinedu/ros2_ws/install/my_first_package_msgs/share/my_first_package_msgs/srv/MultiSpawn.idl
[3.336s] -- Up-to-date: /home/addinedu/ros2_ws/install/my_first_package_msgs/share/my_first_package_msgs/msg/CmdAndPoseVel.msg
[3.336s] -- Installing: /home/addinedu/ros2_ws/install/my_first_package_msgs/share/my_first_package_msgs/srv/MultiSpawn.srv
[3.336s] -- Installing: /home/addinedu/ros2_ws/install/my_first_package_msgs/share/my_first_package_msgs/srv/MultiSpawn_Request.msg
[3.337s] -- Installing: /home/addinedu/ros2_ws/install/my_first_package_msgs/share/my_first_package_msgs/srv/MultiSpawn_Response.msg
[3.337s] -- Up-to-date: /home/addinedu/ros2_ws/install/my_first_package_msgs/share/ament_index/resource_index/package_run_dependencies/my_first_package_msgs
[3.337s] -- Installing: /home/addinedu/ros2_ws/install/my_first_package_msgs/share/ament_index/resource_index/parent_prefix_path/my_first_package_msgs
[3.337s] -- Up-to-date: /home/addinedu/ros2_ws/install/my_first_package_msgs/share/my_first_package_msgs/environment/ament_prefix_path.sh
[3.337s] -- Installing: /home/addinedu/ros2_ws/install/my_first_package_msgs/share/my_first_package_msgs/environment/ament_prefix_path.dsv
[3.337s] -- Up-to-date: /home/addinedu/ros2_ws/install/my_first_package_msgs/share/my_first_package_msgs/environment/path.sh
[3.337s] -- Installing: /home/addinedu/ros2_ws/install/my_first_package_msgs/share/my_first_package_msgs/environment/path.dsv
[3.337s] -- Up-to-date: /home/addinedu/ros2_ws/install/my_first_package_msgs/share/my_first_package_msgs/local_setup.bash
[3.337s] -- Up-to-date: /home/addinedu/ros2_ws/install/my_first_package_msgs/share/my_first_package_msgs/local_setup.sh
[3.337s] -- Up-to-date: /home/addinedu/ros2_ws/install/my_first_package_msgs/share/my_first_package_msgs/local_setup.zsh
[3.337s] -- Installing: /home/addinedu/ros2_ws/install/my_first_package_msgs/share/my_first_package_msgs/local_setup.dsv
[3.337s] -- Installing: /home/addinedu/ros2_ws/install/my_first_package_msgs/share/my_first_package_msgs/package.dsv
[3.338s] -- Up-to-date: /home/addinedu/ros2_ws/install/my_first_package_msgs/share/ament_index/resource_index/packages/my_first_package_msgs
[3.338s] -- Up-to-date: /home/addinedu/ros2_ws/install/my_first_package_msgs/share/my_first_package_msgs/cmake/export_my_first_package_msgs__rosidl_generator_cExport.cmake
[3.338s] -- Up-to-date: /home/addinedu/ros2_ws/install/my_first_package_msgs/share/my_first_package_msgs/cmake/export_my_first_package_msgs__rosidl_generator_cExport-noconfig.cmake
[3.338s] -- Up-to-date: /home/addinedu/ros2_ws/install/my_first_package_msgs/share/my_first_package_msgs/cmake/export_my_first_package_msgs__rosidl_typesupport_fastrtps_cExport.cmake
[3.338s] -- Up-to-date: /home/addinedu/ros2_ws/install/my_first_package_msgs/share/my_first_package_msgs/cmake/export_my_first_package_msgs__rosidl_typesupport_fastrtps_cExport-noconfig.cmake
[3.338s] -- Up-to-date: /home/addinedu/ros2_ws/install/my_first_package_msgs/share/my_first_package_msgs/cmake/my_first_package_msgs__rosidl_typesupport_introspection_cExport.cmake
[3.338s] -- Up-to-date: /home/addinedu/ros2_ws/install/my_first_package_msgs/share/my_first_package_msgs/cmake/my_first_package_msgs__rosidl_typesupport_introspection_cExport-noconfig.cmake
[3.338s] -- Up-to-date: /home/addinedu/ros2_ws/install/my_first_package_msgs/share/my_first_package_msgs/cmake/my_first_package_msgs__rosidl_typesupport_cExport.cmake
[3.338s] -- Up-to-date: /home/addinedu/ros2_ws/install/my_first_package_msgs/share/my_first_package_msgs/cmake/my_first_package_msgs__rosidl_typesupport_cExport-noconfig.cmake
[3.338s] -- Up-to-date: /home/addinedu/ros2_ws/install/my_first_package_msgs/share/my_first_package_msgs/cmake/export_my_first_package_msgs__rosidl_generator_cppExport.cmake
[3.339s] -- Up-to-date: /home/addinedu/ros2_ws/install/my_first_package_msgs/share/my_first_package_msgs/cmake/export_my_first_package_msgs__rosidl_typesupport_fastrtps_cppExport.cmake
[3.339s] -- Up-to-date: /home/addinedu/ros2_ws/install/my_first_package_msgs/share/my_first_package_msgs/cmake/export_my_first_package_msgs__rosidl_typesupport_fastrtps_cppExport-noconfig.cmake
[3.339s] -- Up-to-date: /home/addinedu/ros2_ws/install/my_first_package_msgs/share/my_first_package_msgs/cmake/my_first_package_msgs__rosidl_typesupport_introspection_cppExport.cmake
[3.339s] -- Up-to-date: /home/addinedu/ros2_ws/install/my_first_package_msgs/share/my_first_package_msgs/cmake/my_first_package_msgs__rosidl_typesupport_introspection_cppExport-noconfig.cmake
[3.339s] -- Up-to-date: /home/addinedu/ros2_ws/install/my_first_package_msgs/share/my_first_package_msgs/cmake/my_first_package_msgs__rosidl_typesupport_cppExport.cmake
[3.339s] -- Up-to-date: /home/addinedu/ros2_ws/install/my_first_package_msgs/share/my_first_package_msgs/cmake/my_first_package_msgs__rosidl_typesupport_cppExport-noconfig.cmake
[3.339s] -- Up-to-date: /home/addinedu/ros2_ws/install/my_first_package_msgs/share/my_first_package_msgs/cmake/export_my_first_package_msgs__rosidl_generator_pyExport.cmake
[3.339s] -- Up-to-date: /home/addinedu/ros2_ws/install/my_first_package_msgs/share/my_first_package_msgs/cmake/export_my_first_package_msgs__rosidl_generator_pyExport-noconfig.cmake
[3.339s] -- Installing: /home/addinedu/ros2_ws/install/my_first_package_msgs/share/my_first_package_msgs/cmake/rosidl_cmake-extras.cmake
[3.339s] -- Up-to-date: /home/addinedu/ros2_ws/install/my_first_package_msgs/share/my_first_package_msgs/cmake/ament_cmake_export_include_directories-extras.cmake
[3.339s] -- Up-to-date: /home/addinedu/ros2_ws/install/my_first_package_msgs/share/my_first_package_msgs/cmake/ament_cmake_export_libraries-extras.cmake
[3.340s] -- Up-to-date: /home/addinedu/ros2_ws/install/my_first_package_msgs/share/my_first_package_msgs/cmake/ament_cmake_export_targets-extras.cmake
[3.340s] -- Up-to-date: /home/addinedu/ros2_ws/install/my_first_package_msgs/share/my_first_package_msgs/cmake/rosidl_cmake_export_typesupport_targets-extras.cmake
[3.340s] -- Up-to-date: /home/addinedu/ros2_ws/install/my_first_package_msgs/share/my_first_package_msgs/cmake/ament_cmake_export_dependencies-extras.cmake
[3.340s] -- Up-to-date: /home/addinedu/ros2_ws/install/my_first_package_msgs/share/my_first_package_msgs/cmake/rosidl_cmake_export_typesupport_libraries-extras.cmake
[3.340s] -- Up-to-date: /home/addinedu/ros2_ws/install/my_first_package_msgs/share/my_first_package_msgs/cmake/my_first_package_msgsConfig.cmake
[3.340s] -- Up-to-date: /home/addinedu/ros2_ws/install/my_first_package_msgs/share/my_first_package_msgs/cmake/my_first_package_msgsConfig-version.cmake
[3.340s] -- Up-to-date: /home/addinedu/ros2_ws/install/my_first_package_msgs/share/my_first_package_msgs/package.xml
[3.341s] Invoked command in '/home/addinedu/ros2_ws/build/my_first_package_msgs' returned '0': CMAKE_PREFIX_PATH=${CMAKE_PREFIX_PATH}:/home/addinedu/ros2_ws/install/my_first_package:/opt/ros/humble /usr/bin/cmake --install /home/addinedu/ros2_ws/build/my_first_package_msgs
