[0.717s] Invoking command in '/home/addinedu/ros2_ws/src/my_first_package': PYTHONPATH=/home/addinedu/ros2_ws/build/my_first_package/prefix_override:/home/addinedu/ros2_ws/install/my_first_package/lib/python3.10/site-packages:${PYTHONPATH} /usr/bin/python3 -W ignore:setup.py install is deprecated setup.py egg_info --egg-base ../../build/my_first_package build --build-base /home/addinedu/ros2_ws/build/my_first_package/build install --record /home/addinedu/ros2_ws/build/my_first_package/install.log --single-version-externally-managed install_data
[0.949s] running egg_info
[0.966s] writing ../../build/my_first_package/my_first_package.egg-info/PKG-INFO
[0.967s] writing dependency_links to ../../build/my_first_package/my_first_package.egg-info/dependency_links.txt
[0.967s] writing entry points to ../../build/my_first_package/my_first_package.egg-info/entry_points.txt
[0.967s] writing requirements to ../../build/my_first_package/my_first_package.egg-info/requires.txt
[0.967s] writing top-level names to ../../build/my_first_package/my_first_package.egg-info/top_level.txt
[1.100s] reading manifest file '../../build/my_first_package/my_first_package.egg-info/SOURCES.txt'
[1.101s] writing manifest file '../../build/my_first_package/my_first_package.egg-info/SOURCES.txt'
[1.101s] running build
[1.101s] running build_py
[1.101s] copying my_first_package/my_publisher.py -> /home/addinedu/ros2_ws/build/my_first_package/build/lib/my_first_package
[1.102s] copying my_first_package/my_first_node.py -> /home/addinedu/ros2_ws/build/my_first_package/build/lib/my_first_package
[1.102s] copying my_first_package/turtle_cmd_and_pose.py -> /home/addinedu/ros2_ws/build/my_first_package/build/lib/my_first_package
[1.102s] copying my_first_package/my_service_server.py -> /home/addinedu/ros2_ws/build/my_first_package/build/lib/my_first_package
[1.102s] copying my_first_package/__init__.py -> /home/addinedu/ros2_ws/build/my_first_package/build/lib/my_first_package
[1.102s] copying my_first_package/dist_turtle_action_server.py -> /home/addinedu/ros2_ws/build/my_first_package/build/lib/my_first_package
[1.102s] copying my_first_package/my_subscriber.py -> /home/addinedu/ros2_ws/build/my_first_package/build/lib/my_first_package
[1.102s] copying my_first_package/my_multi_thread.py -> /home/addinedu/ros2_ws/build/my_first_package/build/lib/my_first_package
[1.102s] running install
[1.107s] running install_lib
[1.124s] running install_data
[1.124s] copying resource/my_first_package -> /home/addinedu/ros2_ws/install/my_first_package/share/ament_index/resource_index/packages
[1.124s] copying package.xml -> /home/addinedu/ros2_ws/install/my_first_package/share/my_first_package
[1.124s] running install_egg_info
[1.143s] removing '/home/addinedu/ros2_ws/install/my_first_package/lib/python3.10/site-packages/my_first_package-0.0.0-py3.10.egg-info' (and everything under it)
[1.143s] Copying ../../build/my_first_package/my_first_package.egg-info to /home/addinedu/ros2_ws/install/my_first_package/lib/python3.10/site-packages/my_first_package-0.0.0-py3.10.egg-info
[1.144s] running install_scripts
[1.184s] Installing dist_turtle_action_server script to /home/addinedu/ros2_ws/install/my_first_package/lib/my_first_package
[1.184s] Installing my_first_node script to /home/addinedu/ros2_ws/install/my_first_package/lib/my_first_package
[1.184s] Installing my_multi_thread script to /home/addinedu/ros2_ws/install/my_first_package/lib/my_first_package
[1.184s] Installing my_publisher script to /home/addinedu/ros2_ws/install/my_first_package/lib/my_first_package
[1.184s] Installing my_service_server script to /home/addinedu/ros2_ws/install/my_first_package/lib/my_first_package
[1.184s] Installing my_subscriber script to /home/addinedu/ros2_ws/install/my_first_package/lib/my_first_package
[1.184s] Installing turtle_cmd_and_pose script to /home/addinedu/ros2_ws/install/my_first_package/lib/my_first_package
[1.185s] writing list of installed files to '/home/addinedu/ros2_ws/build/my_first_package/install.log'
[1.206s] Invoked command in '/home/addinedu/ros2_ws/src/my_first_package' returned '0': PYTHONPATH=/home/addinedu/ros2_ws/build/my_first_package/prefix_override:/home/addinedu/ros2_ws/install/my_first_package/lib/python3.10/site-packages:${PYTHONPATH} /usr/bin/python3 -W ignore:setup.py install is deprecated setup.py egg_info --egg-base ../../build/my_first_package build --build-base /home/addinedu/ros2_ws/build/my_first_package/build install --record /home/addinedu/ros2_ws/build/my_first_package/install.log --single-version-externally-managed install_data
