[0.703s] Invoking command in '/home/addinedu/opencv_study/src/opencv_tutorials': PYTHONPATH=/home/addinedu/opencv_study/build/opencv_tutorials/prefix_override:/home/addinedu/opencv_study/install/opencv_tutorials/lib/python3.10/site-packages:${PYTHONPATH} /usr/bin/python3 -W ignore:setup.py install is deprecated setup.py egg_info --egg-base ../../build/opencv_tutorials build --build-base /home/addinedu/opencv_study/build/opencv_tutorials/build install --record /home/addinedu/opencv_study/build/opencv_tutorials/install.log --single-version-externally-managed install_data
[0.912s] running egg_info
[0.912s] creating ../../build/opencv_tutorials/opencv_tutorials.egg-info
[0.926s] writing ../../build/opencv_tutorials/opencv_tutorials.egg-info/PKG-INFO
[0.927s] writing dependency_links to ../../build/opencv_tutorials/opencv_tutorials.egg-info/dependency_links.txt
[0.927s] writing entry points to ../../build/opencv_tutorials/opencv_tutorials.egg-info/entry_points.txt
[0.927s] writing requirements to ../../build/opencv_tutorials/opencv_tutorials.egg-info/requires.txt
[0.927s] writing top-level names to ../../build/opencv_tutorials/opencv_tutorials.egg-info/top_level.txt
[1.024s] writing manifest file '../../build/opencv_tutorials/opencv_tutorials.egg-info/SOURCES.txt'
[1.055s] reading manifest file '../../build/opencv_tutorials/opencv_tutorials.egg-info/SOURCES.txt'
[1.056s] writing manifest file '../../build/opencv_tutorials/opencv_tutorials.egg-info/SOURCES.txt'
[1.056s] running build
[1.056s] running build_py
[1.056s] creating /home/addinedu/opencv_study/build/opencv_tutorials/build
[1.056s] creating /home/addinedu/opencv_study/build/opencv_tutorials/build/lib
[1.056s] creating /home/addinedu/opencv_study/build/opencv_tutorials/build/lib/opencv_tutorials
[1.056s] copying opencv_tutorials/img_publisher.py -> /home/addinedu/opencv_study/build/opencv_tutorials/build/lib/opencv_tutorials
[1.056s] copying opencv_tutorials/__init__.py -> /home/addinedu/opencv_study/build/opencv_tutorials/build/lib/opencv_tutorials
[1.057s] running install
[1.061s] running install_lib
[1.076s] creating /home/addinedu/opencv_study/install/opencv_tutorials/lib/python3.10/site-packages/opencv_tutorials
[1.076s] copying /home/addinedu/opencv_study/build/opencv_tutorials/build/lib/opencv_tutorials/img_publisher.py -> /home/addinedu/opencv_study/install/opencv_tutorials/lib/python3.10/site-packages/opencv_tutorials
[1.076s] copying /home/addinedu/opencv_study/build/opencv_tutorials/build/lib/opencv_tutorials/__init__.py -> /home/addinedu/opencv_study/install/opencv_tutorials/lib/python3.10/site-packages/opencv_tutorials
[1.077s] byte-compiling /home/addinedu/opencv_study/install/opencv_tutorials/lib/python3.10/site-packages/opencv_tutorials/img_publisher.py to img_publisher.cpython-310.pyc
[1.077s] byte-compiling /home/addinedu/opencv_study/install/opencv_tutorials/lib/python3.10/site-packages/opencv_tutorials/__init__.py to __init__.cpython-310.pyc
[1.077s] running install_data
[1.077s] creating /home/addinedu/opencv_study/install/opencv_tutorials/share/ament_index
[1.078s] creating /home/addinedu/opencv_study/install/opencv_tutorials/share/ament_index/resource_index
[1.078s] creating /home/addinedu/opencv_study/install/opencv_tutorials/share/ament_index/resource_index/packages
[1.078s] copying resource/opencv_tutorials -> /home/addinedu/opencv_study/install/opencv_tutorials/share/ament_index/resource_index/packages
[1.078s] copying package.xml -> /home/addinedu/opencv_study/install/opencv_tutorials/share/opencv_tutorials
[1.078s] running install_egg_info
[1.094s] Copying ../../build/opencv_tutorials/opencv_tutorials.egg-info to /home/addinedu/opencv_study/install/opencv_tutorials/lib/python3.10/site-packages/opencv_tutorials-0.0.0-py3.10.egg-info
[1.094s] running install_scripts
[1.130s] Installing img_publisher script to /home/addinedu/opencv_study/install/opencv_tutorials/lib/opencv_tutorials
[1.130s] writing list of installed files to '/home/addinedu/opencv_study/build/opencv_tutorials/install.log'
[1.148s] Invoked command in '/home/addinedu/opencv_study/src/opencv_tutorials' returned '0': PYTHONPATH=/home/addinedu/opencv_study/build/opencv_tutorials/prefix_override:/home/addinedu/opencv_study/install/opencv_tutorials/lib/python3.10/site-packages:${PYTHONPATH} /usr/bin/python3 -W ignore:setup.py install is deprecated setup.py egg_info --egg-base ../../build/opencv_tutorials build --build-base /home/addinedu/opencv_study/build/opencv_tutorials/build install --record /home/addinedu/opencv_study/build/opencv_tutorials/install.log --single-version-externally-managed install_data
