[0.174s] Invoking command in '/home/addinedu/ros2_ws/build/my_first_package_msgs': CMAKE_PREFIX_PATH=/home/addinedu/ros2_ws/install/my_first_package:/opt/ros/humble /usr/bin/cmake /home/addinedu/ros2_ws/src/my_first_package_msgs -DCMAKE_INSTALL_PREFIX=/home/addinedu/ros2_ws/install/my_first_package_msgs
[0.251s] -- The C compiler identification is GNU 11.4.0
[0.329s] -- The CXX compiler identification is GNU 7.5.0
[0.337s] -- Detecting C compiler ABI info
[0.387s] -- Detecting C compiler ABI info - done
[0.392s] -- Check for working C compiler: /usr/bin/cc - skipped
[0.392s] -- Detecting C compile features
[0.393s] -- Detecting C compile features - done
[0.396s] -- Detecting CXX compiler ABI info
[0.450s] -- Detecting CXX compiler ABI info - done
[0.456s] -- Check for working CXX compiler: /usr/bin/c++ - skipped
[0.456s] -- Detecting CXX compile features
[0.456s] -- Detecting CXX compile features - done
[0.460s] -- Found ament_cmake: 1.3.9 (/opt/ros/humble/share/ament_cmake/cmake)
[0.895s] -- Found Python3: /home/addinedu/.pyenv/shims/python3 (found version "3.10.12") found components: Interpreter 
[1.003s] -- Found rosidl_default_generators: 1.2.0 (/opt/ros/humble/share/rosidl_default_generators/cmake)
[1.008s] -- Using all available rosidl_typesupport_c: rosidl_typesupport_fastrtps_c;rosidl_typesupport_introspection_c
[1.015s] -- Found rosidl_adapter: 3.1.5 (/opt/ros/humble/share/rosidl_adapter/cmake)
[1.067s] -- Using all available rosidl_typesupport_cpp: rosidl_typesupport_fastrtps_cpp;rosidl_typesupport_introspection_cpp
[1.115s] [31mCMake Error at /opt/ros/humble/share/rosidl_cmake/cmake/rosidl_generate_interfaces.cmake:93 (message):
[1.115s]   rosidl_generate_interfaces() the passed file 'msg/CmdAndPosevel.msg'
[1.115s]   doesn't exist relative to the CMAKE_CURRENT_SOURCE_DIR
[1.115s]   '/home/addinedu/ros2_ws/src/my_first_package_msgs'
[1.116s] Call Stack (most recent call first):
[1.116s]   CMakeLists.txt:15 (rosidl_generate_interfaces)
[1.116s] 
[1.116s] [0m
[1.116s] -- Configuring incomplete, errors occurred!
[1.116s] See also "/home/addinedu/ros2_ws/build/my_first_package_msgs/CMakeFiles/CMakeOutput.log".
[1.121s] Invoked command in '/home/addinedu/ros2_ws/build/my_first_package_msgs' returned '1': CMAKE_PREFIX_PATH=/home/addinedu/ros2_ws/install/my_first_package:/opt/ros/humble /usr/bin/cmake /home/addinedu/ros2_ws/src/my_first_package_msgs -DCMAKE_INSTALL_PREFIX=/home/addinedu/ros2_ws/install/my_first_package_msgs
