[0.694s] Invoking command in '/home/addinedu/ros2_ws/build/my_first_package': PYTHONPATH=/home/addinedu/ros2_ws/build/my_first_package/prefix_override:/home/addinedu/ros2_ws/install/my_first_package/lib/python3.10/site-packages:${PYTHONPATH} /usr/bin/python3 -W ignore:setup.py install is deprecated setup.py develop --uninstall --editable --build-directory /home/addinedu/ros2_ws/build/my_first_package/build
[0.967s] running develop
[0.967s] /home/addinedu/.local/lib/python3.10/site-packages/setuptools/command/develop.py:42: EasyInstallDeprecationWarning: easy_install command is deprecated.
[0.967s] !!
[0.967s] 
[0.967s]         ********************************************************************************
[0.967s]         Please avoid running ``setup.py`` and ``easy_install``.
[0.967s]         Instead, use pypa/build, pypa/installer or other
[0.968s]         standards-based tools.
[0.968s] 
[0.968s]         See https://github.com/pypa/setuptools/issues/917 for details.
[0.968s]         ********************************************************************************
[0.968s] 
[0.968s] !!
[0.968s]   easy_install.initialize_options(self)
[1.189s] Removing /home/addinedu/ros2_ws/install/my_first_package/lib/python3.10/site-packages/my-first-package.egg-link (link to .)
[1.211s] Invoked command in '/home/addinedu/ros2_ws/build/my_first_package' returned '0': PYTHONPATH=/home/addinedu/ros2_ws/build/my_first_package/prefix_override:/home/addinedu/ros2_ws/install/my_first_package/lib/python3.10/site-packages:${PYTHONPATH} /usr/bin/python3 -W ignore:setup.py install is deprecated setup.py develop --uninstall --editable --build-directory /home/addinedu/ros2_ws/build/my_first_package/build
[1.213s] Invoking command in '/home/addinedu/ros2_ws/src/my_first_package': PYTHONPATH=/home/addinedu/ros2_ws/build/my_first_package/prefix_override:/home/addinedu/ros2_ws/install/my_first_package/lib/python3.10/site-packages:${PYTHONPATH} /usr/bin/python3 -W ignore:setup.py install is deprecated setup.py egg_info --egg-base ../../build/my_first_package build --build-base /home/addinedu/ros2_ws/build/my_first_package/build install --record /home/addinedu/ros2_ws/build/my_first_package/install.log --single-version-externally-managed install_data --force
[1.441s] running egg_info
[1.458s] writing ../../build/my_first_package/my_first_package.egg-info/PKG-INFO
[1.458s] writing dependency_links to ../../build/my_first_package/my_first_package.egg-info/dependency_links.txt
[1.459s] writing entry points to ../../build/my_first_package/my_first_package.egg-info/entry_points.txt
[1.459s] writing requirements to ../../build/my_first_package/my_first_package.egg-info/requires.txt
[1.459s] writing top-level names to ../../build/my_first_package/my_first_package.egg-info/top_level.txt
[1.605s] reading manifest file '../../build/my_first_package/my_first_package.egg-info/SOURCES.txt'
[1.606s] writing manifest file '../../build/my_first_package/my_first_package.egg-info/SOURCES.txt'
[1.606s] running build
[1.606s] running build_py
[1.606s] copying my_first_package/my_publisher.py -> /home/addinedu/ros2_ws/build/my_first_package/build/lib/my_first_package
[1.606s] copying my_first_package/my_first_node.py -> /home/addinedu/ros2_ws/build/my_first_package/build/lib/my_first_package
[1.606s] copying my_first_package/turtle_cmd_and_pose.py -> /home/addinedu/ros2_ws/build/my_first_package/build/lib/my_first_package
[1.606s] copying my_first_package/my_service_server.py -> /home/addinedu/ros2_ws/build/my_first_package/build/lib/my_first_package
[1.606s] copying my_first_package/__init__.py -> /home/addinedu/ros2_ws/build/my_first_package/build/lib/my_first_package
[1.607s] copying my_first_package/dist_turtle_action_server.py -> /home/addinedu/ros2_ws/build/my_first_package/build/lib/my_first_package
[1.607s] copying my_first_package/my_subscriber.py -> /home/addinedu/ros2_ws/build/my_first_package/build/lib/my_first_package
[1.607s] copying my_first_package/my_multi_thread.py -> /home/addinedu/ros2_ws/build/my_first_package/build/lib/my_first_package
[1.607s] running install
[1.611s] running install_lib
[1.630s] copying /home/addinedu/ros2_ws/build/my_first_package/build/lib/my_first_package/my_publisher.py -> /home/addinedu/ros2_ws/install/my_first_package/lib/python3.10/site-packages/my_first_package
[1.630s] copying /home/addinedu/ros2_ws/build/my_first_package/build/lib/my_first_package/my_first_node.py -> /home/addinedu/ros2_ws/install/my_first_package/lib/python3.10/site-packages/my_first_package
[1.630s] copying /home/addinedu/ros2_ws/build/my_first_package/build/lib/my_first_package/turtle_cmd_and_pose.py -> /home/addinedu/ros2_ws/install/my_first_package/lib/python3.10/site-packages/my_first_package
[1.630s] copying /home/addinedu/ros2_ws/build/my_first_package/build/lib/my_first_package/my_service_server.py -> /home/addinedu/ros2_ws/install/my_first_package/lib/python3.10/site-packages/my_first_package
[1.630s] copying /home/addinedu/ros2_ws/build/my_first_package/build/lib/my_first_package/__init__.py -> /home/addinedu/ros2_ws/install/my_first_package/lib/python3.10/site-packages/my_first_package
[1.631s] copying /home/addinedu/ros2_ws/build/my_first_package/build/lib/my_first_package/dist_turtle_action_server.py -> /home/addinedu/ros2_ws/install/my_first_package/lib/python3.10/site-packages/my_first_package
[1.631s] copying /home/addinedu/ros2_ws/build/my_first_package/build/lib/my_first_package/my_subscriber.py -> /home/addinedu/ros2_ws/install/my_first_package/lib/python3.10/site-packages/my_first_package
[1.631s] copying /home/addinedu/ros2_ws/build/my_first_package/build/lib/my_first_package/my_multi_thread.py -> /home/addinedu/ros2_ws/install/my_first_package/lib/python3.10/site-packages/my_first_package
[1.631s] byte-compiling /home/addinedu/ros2_ws/install/my_first_package/lib/python3.10/site-packages/my_first_package/my_publisher.py to my_publisher.cpython-310.pyc
[1.631s] byte-compiling /home/addinedu/ros2_ws/install/my_first_package/lib/python3.10/site-packages/my_first_package/my_first_node.py to my_first_node.cpython-310.pyc
[1.632s] byte-compiling /home/addinedu/ros2_ws/install/my_first_package/lib/python3.10/site-packages/my_first_package/turtle_cmd_and_pose.py to turtle_cmd_and_pose.cpython-310.pyc
[1.632s] byte-compiling /home/addinedu/ros2_ws/install/my_first_package/lib/python3.10/site-packages/my_first_package/my_service_server.py to my_service_server.cpython-310.pyc
[1.632s] byte-compiling /home/addinedu/ros2_ws/install/my_first_package/lib/python3.10/site-packages/my_first_package/__init__.py to __init__.cpython-310.pyc
[1.633s] byte-compiling /home/addinedu/ros2_ws/install/my_first_package/lib/python3.10/site-packages/my_first_package/dist_turtle_action_server.py to dist_turtle_action_server.cpython-310.pyc
[1.633s] byte-compiling /home/addinedu/ros2_ws/install/my_first_package/lib/python3.10/site-packages/my_first_package/my_subscriber.py to my_subscriber.cpython-310.pyc
[1.633s] byte-compiling /home/addinedu/ros2_ws/install/my_first_package/lib/python3.10/site-packages/my_first_package/my_multi_thread.py to my_multi_thread.cpython-310.pyc
[1.634s] running install_data
[1.634s] copying resource/my_first_package -> /home/addinedu/ros2_ws/install/my_first_package/share/ament_index/resource_index/packages
[1.634s] copying package.xml -> /home/addinedu/ros2_ws/install/my_first_package/share/my_first_package
[1.634s] running install_egg_info
[1.651s] Copying ../../build/my_first_package/my_first_package.egg-info to /home/addinedu/ros2_ws/install/my_first_package/lib/python3.10/site-packages/my_first_package-0.0.0-py3.10.egg-info
[1.651s] running install_scripts
[1.688s] Installing dist_turtle_action_server script to /home/addinedu/ros2_ws/install/my_first_package/lib/my_first_package
[1.688s] Installing my_first_node script to /home/addinedu/ros2_ws/install/my_first_package/lib/my_first_package
[1.688s] Installing my_multi_thread script to /home/addinedu/ros2_ws/install/my_first_package/lib/my_first_package
[1.688s] Installing my_publisher script to /home/addinedu/ros2_ws/install/my_first_package/lib/my_first_package
[1.689s] Installing my_service_server script to /home/addinedu/ros2_ws/install/my_first_package/lib/my_first_package
[1.689s] Installing my_subscriber script to /home/addinedu/ros2_ws/install/my_first_package/lib/my_first_package
[1.689s] Installing turtle_cmd_and_pose script to /home/addinedu/ros2_ws/install/my_first_package/lib/my_first_package
[1.689s] writing list of installed files to '/home/addinedu/ros2_ws/build/my_first_package/install.log'
[1.707s] Invoked command in '/home/addinedu/ros2_ws/src/my_first_package' returned '0': PYTHONPATH=/home/addinedu/ros2_ws/build/my_first_package/prefix_override:/home/addinedu/ros2_ws/install/my_first_package/lib/python3.10/site-packages:${PYTHONPATH} /usr/bin/python3 -W ignore:setup.py install is deprecated setup.py egg_info --egg-base ../../build/my_first_package build --build-base /home/addinedu/ros2_ws/build/my_first_package/build install --record /home/addinedu/ros2_ws/build/my_first_package/install.log --single-version-externally-managed install_data --force
