running egg_info
writing ../../build/opencv_tutorials/opencv_tutorials.egg-info/PKG-INFO
writing dependency_links to ../../build/opencv_tutorials/opencv_tutorials.egg-info/dependency_links.txt
writing entry points to ../../build/opencv_tutorials/opencv_tutorials.egg-info/entry_points.txt
writing requirements to ../../build/opencv_tutorials/opencv_tutorials.egg-info/requires.txt
writing top-level names to ../../build/opencv_tutorials/opencv_tutorials.egg-info/top_level.txt
reading manifest file '../../build/opencv_tutorials/opencv_tutorials.egg-info/SOURCES.txt'
writing manifest file '../../build/opencv_tutorials/opencv_tutorials.egg-info/SOURCES.txt'
running build
running build_py
copying opencv_tutorials/img_publisher.py -> /home/addinedu/opencv_study/build/opencv_tutorials/build/lib/opencv_tutorials
copying opencv_tutorials/img_control.py -> /home/addinedu/opencv_study/build/opencv_tutorials/build/lib/opencv_tutorials
copying opencv_tutorials/__init__.py -> /home/addinedu/opencv_study/build/opencv_tutorials/build/lib/opencv_tutorials
copying opencv_tutorials/img_subscriber.py -> /home/addinedu/opencv_study/build/opencv_tutorials/build/lib/opencv_tutorials
copying opencv_tutorials/edge.py -> /home/addinedu/opencv_study/build/opencv_tutorials/build/lib/opencv_tutorials
copying opencv_tutorials/cartoon.py -> /home/addinedu/opencv_study/build/opencv_tutorials/build/lib/opencv_tutorials
copying opencv_tutorials/optical_flow.py -> /home/addinedu/opencv_study/build/opencv_tutorials/build/lib/opencv_tutorials
running install
running install_lib
copying /home/addinedu/opencv_study/build/opencv_tutorials/build/lib/opencv_tutorials/img_control.py -> /home/addinedu/opencv_study/install/opencv_tutorials/lib/python3.10/site-packages/opencv_tutorials
copying /home/addinedu/opencv_study/build/opencv_tutorials/build/lib/opencv_tutorials/edge.py -> /home/addinedu/opencv_study/install/opencv_tutorials/lib/python3.10/site-packages/opencv_tutorials
copying /home/addinedu/opencv_study/build/opencv_tutorials/build/lib/opencv_tutorials/cartoon.py -> /home/addinedu/opencv_study/install/opencv_tutorials/lib/python3.10/site-packages/opencv_tutorials
copying /home/addinedu/opencv_study/build/opencv_tutorials/build/lib/opencv_tutorials/optical_flow.py -> /home/addinedu/opencv_study/install/opencv_tutorials/lib/python3.10/site-packages/opencv_tutorials
byte-compiling /home/addinedu/opencv_study/install/opencv_tutorials/lib/python3.10/site-packages/opencv_tutorials/img_control.py to img_control.cpython-310.pyc
byte-compiling /home/addinedu/opencv_study/install/opencv_tutorials/lib/python3.10/site-packages/opencv_tutorials/edge.py to edge.cpython-310.pyc
byte-compiling /home/addinedu/opencv_study/install/opencv_tutorials/lib/python3.10/site-packages/opencv_tutorials/cartoon.py to cartoon.cpython-310.pyc
byte-compiling /home/addinedu/opencv_study/install/opencv_tutorials/lib/python3.10/site-packages/opencv_tutorials/optical_flow.py to optical_flow.cpython-310.pyc
running install_data
copying resource/opencv_tutorials -> /home/addinedu/opencv_study/install/opencv_tutorials/share/ament_index/resource_index/packages
copying package.xml -> /home/addinedu/opencv_study/install/opencv_tutorials/share/opencv_tutorials
copying launch/camera.launch.py -> /home/addinedu/opencv_study/install/opencv_tutorials/share/opencv_tutorials/launch
copying param/size.yaml -> /home/addinedu/opencv_study/install/opencv_tutorials/share/opencv_tutorials/param
running install_egg_info
removing '/home/addinedu/opencv_study/install/opencv_tutorials/lib/python3.10/site-packages/opencv_tutorials-0.0.0-py3.10.egg-info' (and everything under it)
Copying ../../build/opencv_tutorials/opencv_tutorials.egg-info to /home/addinedu/opencv_study/install/opencv_tutorials/lib/python3.10/site-packages/opencv_tutorials-0.0.0-py3.10.egg-info
running install_scripts
Installing cartoon script to /home/addinedu/opencv_study/install/opencv_tutorials/lib/opencv_tutorials
Installing edge script to /home/addinedu/opencv_study/install/opencv_tutorials/lib/opencv_tutorials
Installing img_control script to /home/addinedu/opencv_study/install/opencv_tutorials/lib/opencv_tutorials
Installing img_publisher script to /home/addinedu/opencv_study/install/opencv_tutorials/lib/opencv_tutorials
Installing img_subscriber script to /home/addinedu/opencv_study/install/opencv_tutorials/lib/opencv_tutorials
Installing optical_flow script to /home/addinedu/opencv_study/install/opencv_tutorials/lib/opencv_tutorials
writing list of installed files to '/home/addinedu/opencv_study/build/opencv_tutorials/install.log'
