[0.083s] DEBUG:colcon:Command line arguments: ['/usr/bin/colcon', 'build']
[0.083s] DEBUG:colcon:Parsed command line arguments: Namespace(log_base=None, log_level=None, verb_name='build', build_base='build', install_base='install', merge_install=False, symlink_install=False, test_result_base=None, continue_on_error=False, executor='parallel', parallel_workers=12, event_handlers=None, ignore_user_meta=False, metas=['./colcon.meta'], base_paths=['.'], packages_ignore=None, packages_ignore_regex=None, paths=None, packages_up_to=None, packages_up_to_regex=None, packages_above=None, packages_above_and_dependencies=None, packages_above_depth=None, packages_select_by_dep=None, packages_skip_by_dep=None, packages_skip_up_to=None, packages_select_build_failed=False, packages_skip_build_finished=False, packages_select_test_failures=False, packages_skip_test_passed=False, packages_select=None, packages_skip=None, packages_select_regex=None, packages_skip_regex=None, packages_start=None, packages_end=None, allow_overriding=[], cmake_args=None, cmake_target=None, cmake_target_skip_unavailable=False, cmake_clean_cache=False, cmake_clean_first=False, cmake_force_configure=False, ament_cmake_args=None, catkin_cmake_args=None, catkin_skip_building_tests=False, mixin_files=None, mixin=None, verb_parser=<colcon_mixin.mixin.mixin_argument.MixinArgumentDecorator object at 0x7faa68b709a0>, verb_extension=<colcon_core.verb.build.BuildVerb object at 0x7faa68c75060>, main=<bound method BuildVerb.main of <colcon_core.verb.build.BuildVerb object at 0x7faa68c75060>>, mixin_verb=('build',))
[0.110s] Level 1:colcon.colcon_core.package_discovery:discover_packages(colcon_meta) check parameters
[0.110s] Level 1:colcon.colcon_core.package_discovery:discover_packages(recursive) check parameters
[0.110s] Level 1:colcon.colcon_core.package_discovery:discover_packages(ignore) check parameters
[0.110s] Level 1:colcon.colcon_core.package_discovery:discover_packages(path) check parameters
[0.110s] Level 1:colcon.colcon_core.package_discovery:discover_packages(colcon_meta) discover
[0.110s] Level 1:colcon.colcon_core.package_discovery:discover_packages(recursive) discover
[0.110s] INFO:colcon.colcon_core.package_discovery:Crawling recursively for packages in '/home/addinedu/opencv_study'
[0.110s] Level 1:colcon.colcon_core.package_identification:_identify(.) by extensions ['ignore', 'ignore_ament_install']
[0.110s] Level 1:colcon.colcon_core.package_identification:_identify(.) by extension 'ignore'
[0.110s] Level 1:colcon.colcon_core.package_identification:_identify(.) by extension 'ignore_ament_install'
[0.111s] Level 1:colcon.colcon_core.package_identification:_identify(.) by extensions ['colcon_pkg']
[0.111s] Level 1:colcon.colcon_core.package_identification:_identify(.) by extension 'colcon_pkg'
[0.111s] Level 1:colcon.colcon_core.package_identification:_identify(.) by extensions ['colcon_meta']
[0.111s] Level 1:colcon.colcon_core.package_identification:_identify(.) by extension 'colcon_meta'
[0.111s] Level 1:colcon.colcon_core.package_identification:_identify(.) by extensions ['ros']
[0.111s] Level 1:colcon.colcon_core.package_identification:_identify(.) by extension 'ros'
[0.122s] Level 1:colcon.colcon_core.package_identification:_identify(.) by extensions ['cmake', 'python']
[0.122s] Level 1:colcon.colcon_core.package_identification:_identify(.) by extension 'cmake'
[0.122s] Level 1:colcon.colcon_core.package_identification:_identify(.) by extension 'python'
[0.122s] Level 1:colcon.colcon_core.package_identification:_identify(.) by extensions ['python_setup_py']
[0.122s] Level 1:colcon.colcon_core.package_identification:_identify(.) by extension 'python_setup_py'
[0.122s] Level 1:colcon.colcon_core.package_identification:_identify(build) by extensions ['ignore', 'ignore_ament_install']
[0.122s] Level 1:colcon.colcon_core.package_identification:_identify(build) by extension 'ignore'
[0.122s] Level 1:colcon.colcon_core.package_identification:_identify(build) ignored
[0.122s] Level 1:colcon.colcon_core.package_identification:_identify(install) by extensions ['ignore', 'ignore_ament_install']
[0.122s] Level 1:colcon.colcon_core.package_identification:_identify(install) by extension 'ignore'
[0.122s] Level 1:colcon.colcon_core.package_identification:_identify(install) ignored
[0.122s] Level 1:colcon.colcon_core.package_identification:_identify(log) by extensions ['ignore', 'ignore_ament_install']
[0.122s] Level 1:colcon.colcon_core.package_identification:_identify(log) by extension 'ignore'
[0.122s] Level 1:colcon.colcon_core.package_identification:_identify(log) ignored
[0.122s] Level 1:colcon.colcon_core.package_identification:_identify(src) by extensions ['ignore', 'ignore_ament_install']
[0.122s] Level 1:colcon.colcon_core.package_identification:_identify(src) by extension 'ignore'
[0.122s] Level 1:colcon.colcon_core.package_identification:_identify(src) by extension 'ignore_ament_install'
[0.123s] Level 1:colcon.colcon_core.package_identification:_identify(src) by extensions ['colcon_pkg']
[0.123s] Level 1:colcon.colcon_core.package_identification:_identify(src) by extension 'colcon_pkg'
[0.123s] Level 1:colcon.colcon_core.package_identification:_identify(src) by extensions ['colcon_meta']
[0.123s] Level 1:colcon.colcon_core.package_identification:_identify(src) by extension 'colcon_meta'
[0.123s] Level 1:colcon.colcon_core.package_identification:_identify(src) by extensions ['ros']
[0.123s] Level 1:colcon.colcon_core.package_identification:_identify(src) by extension 'ros'
[0.123s] Level 1:colcon.colcon_core.package_identification:_identify(src) by extensions ['cmake', 'python']
[0.123s] Level 1:colcon.colcon_core.package_identification:_identify(src) by extension 'cmake'
[0.123s] Level 1:colcon.colcon_core.package_identification:_identify(src) by extension 'python'
[0.123s] Level 1:colcon.colcon_core.package_identification:_identify(src) by extensions ['python_setup_py']
[0.123s] Level 1:colcon.colcon_core.package_identification:_identify(src) by extension 'python_setup_py'
[0.123s] Level 1:colcon.colcon_core.package_identification:_identify(src/opencv_tutorials) by extensions ['ignore', 'ignore_ament_install']
[0.123s] Level 1:colcon.colcon_core.package_identification:_identify(src/opencv_tutorials) by extension 'ignore'
[0.123s] Level 1:colcon.colcon_core.package_identification:_identify(src/opencv_tutorials) by extension 'ignore_ament_install'
[0.123s] Level 1:colcon.colcon_core.package_identification:_identify(src/opencv_tutorials) by extensions ['colcon_pkg']
[0.123s] Level 1:colcon.colcon_core.package_identification:_identify(src/opencv_tutorials) by extension 'colcon_pkg'
[0.123s] Level 1:colcon.colcon_core.package_identification:_identify(src/opencv_tutorials) by extensions ['colcon_meta']
[0.123s] Level 1:colcon.colcon_core.package_identification:_identify(src/opencv_tutorials) by extension 'colcon_meta'
[0.123s] Level 1:colcon.colcon_core.package_identification:_identify(src/opencv_tutorials) by extensions ['ros']
[0.123s] Level 1:colcon.colcon_core.package_identification:_identify(src/opencv_tutorials) by extension 'ros'
[0.126s] DEBUG:colcon.colcon_core.package_identification:Package 'src/opencv_tutorials' with type 'ros.ament_python' and name 'opencv_tutorials'
[0.126s] Level 1:colcon.colcon_core.package_discovery:discover_packages(recursive) using defaults
[0.126s] Level 1:colcon.colcon_core.package_discovery:discover_packages(ignore) discover
[0.126s] Level 1:colcon.colcon_core.package_discovery:discover_packages(ignore) using defaults
[0.126s] Level 1:colcon.colcon_core.package_discovery:discover_packages(path) discover
[0.126s] Level 1:colcon.colcon_core.package_discovery:discover_packages(path) using defaults
[0.140s] Level 1:colcon.colcon_core.package_discovery:discover_packages(prefix_path) check parameters
[0.140s] Level 1:colcon.colcon_core.package_discovery:discover_packages(prefix_path) discover
[0.141s] DEBUG:colcon.colcon_installed_package_information.package_discovery:Found 0 installed packages in /home/addinedu/opencv_study/install
[0.142s] DEBUG:colcon.colcon_installed_package_information.package_discovery:Found 294 installed packages in /opt/ros/humble
[0.143s] Level 1:colcon.colcon_core.package_discovery:discover_packages(prefix_path) using defaults
[0.172s] Level 5:colcon.colcon_core.verb:set package 'opencv_tutorials' build argument 'cmake_args' from command line to 'None'
[0.172s] Level 5:colcon.colcon_core.verb:set package 'opencv_tutorials' build argument 'cmake_target' from command line to 'None'
[0.172s] Level 5:colcon.colcon_core.verb:set package 'opencv_tutorials' build argument 'cmake_target_skip_unavailable' from command line to 'False'
[0.172s] Level 5:colcon.colcon_core.verb:set package 'opencv_tutorials' build argument 'cmake_clean_cache' from command line to 'False'
[0.172s] Level 5:colcon.colcon_core.verb:set package 'opencv_tutorials' build argument 'cmake_clean_first' from command line to 'False'
[0.172s] Level 5:colcon.colcon_core.verb:set package 'opencv_tutorials' build argument 'cmake_force_configure' from command line to 'False'
[0.172s] Level 5:colcon.colcon_core.verb:set package 'opencv_tutorials' build argument 'ament_cmake_args' from command line to 'None'
[0.172s] Level 5:colcon.colcon_core.verb:set package 'opencv_tutorials' build argument 'catkin_cmake_args' from command line to 'None'
[0.172s] Level 5:colcon.colcon_core.verb:set package 'opencv_tutorials' build argument 'catkin_skip_building_tests' from command line to 'False'
[0.172s] DEBUG:colcon.colcon_core.verb:Building package 'opencv_tutorials' with the following arguments: {'ament_cmake_args': None, 'build_base': '/home/addinedu/opencv_study/build/opencv_tutorials', 'catkin_cmake_args': None, 'catkin_skip_building_tests': False, 'cmake_args': None, 'cmake_clean_cache': False, 'cmake_clean_first': False, 'cmake_force_configure': False, 'cmake_target': None, 'cmake_target_skip_unavailable': False, 'install_base': '/home/addinedu/opencv_study/install/opencv_tutorials', 'merge_install': False, 'path': '/home/addinedu/opencv_study/src/opencv_tutorials', 'symlink_install': False, 'test_result_base': None}
[0.172s] INFO:colcon.colcon_core.executor:Executing jobs using 'parallel' executor
[0.173s] DEBUG:colcon.colcon_parallel_executor.executor.parallel:run_until_complete
[0.173s] INFO:colcon.colcon_ros.task.ament_python.build:Building ROS package in '/home/addinedu/opencv_study/src/opencv_tutorials' with build type 'ament_python'
[0.173s] Level 1:colcon.colcon_core.shell:create_environment_hook('opencv_tutorials', 'ament_prefix_path')
[0.175s] INFO:colcon.colcon_core.plugin_system:Skipping extension 'colcon_core.shell.bat': Not used on non-Windows systems
[0.175s] INFO:colcon.colcon_core.shell:Creating environment hook '/home/addinedu/opencv_study/install/opencv_tutorials/share/opencv_tutorials/hook/ament_prefix_path.ps1'
[0.175s] INFO:colcon.colcon_core.shell:Creating environment descriptor '/home/addinedu/opencv_study/install/opencv_tutorials/share/opencv_tutorials/hook/ament_prefix_path.dsv'
[0.176s] INFO:colcon.colcon_core.shell:Creating environment hook '/home/addinedu/opencv_study/install/opencv_tutorials/share/opencv_tutorials/hook/ament_prefix_path.sh'
[0.176s] INFO:colcon.colcon_core.shell:Skip shell extension 'powershell' for command environment: Not usable outside of PowerShell
[0.176s] DEBUG:colcon.colcon_core.shell:Skip shell extension 'dsv' for command environment
[0.344s] INFO:colcon.colcon_core.task.python.build:Building Python package in '/home/addinedu/opencv_study/src/opencv_tutorials'
[0.345s] INFO:colcon.colcon_core.shell:Skip shell extension 'powershell' for command environment: Not usable outside of PowerShell
[0.345s] DEBUG:colcon.colcon_core.shell:Skip shell extension 'dsv' for command environment
[0.877s] DEBUG:colcon.colcon_core.event_handler.log_command:Invoking command in '/home/addinedu/opencv_study/src/opencv_tutorials': PYTHONPATH=/home/addinedu/opencv_study/build/opencv_tutorials/prefix_override:/home/addinedu/opencv_study/install/opencv_tutorials/lib/python3.10/site-packages:${PYTHONPATH} /usr/bin/python3 -W ignore:setup.py install is deprecated setup.py egg_info --egg-base ../../build/opencv_tutorials build --build-base /home/addinedu/opencv_study/build/opencv_tutorials/build install --record /home/addinedu/opencv_study/build/opencv_tutorials/install.log --single-version-externally-managed install_data
[1.322s] DEBUG:colcon.colcon_core.event_handler.log_command:Invoked command in '/home/addinedu/opencv_study/src/opencv_tutorials' returned '0': PYTHONPATH=/home/addinedu/opencv_study/build/opencv_tutorials/prefix_override:/home/addinedu/opencv_study/install/opencv_tutorials/lib/python3.10/site-packages:${PYTHONPATH} /usr/bin/python3 -W ignore:setup.py install is deprecated setup.py egg_info --egg-base ../../build/opencv_tutorials build --build-base /home/addinedu/opencv_study/build/opencv_tutorials/build install --record /home/addinedu/opencv_study/build/opencv_tutorials/install.log --single-version-externally-managed install_data
[1.325s] Level 1:colcon.colcon_core.environment:checking '/home/addinedu/opencv_study/install/opencv_tutorials' for CMake module files
[1.325s] Level 1:colcon.colcon_core.environment:checking '/home/addinedu/opencv_study/install/opencv_tutorials' for CMake config files
[1.326s] Level 1:colcon.colcon_core.environment:checking '/home/addinedu/opencv_study/install/opencv_tutorials/lib'
[1.326s] Level 1:colcon.colcon_core.environment:checking '/home/addinedu/opencv_study/install/opencv_tutorials/bin'
[1.326s] Level 1:colcon.colcon_core.environment:checking '/home/addinedu/opencv_study/install/opencv_tutorials/lib/pkgconfig/opencv_tutorials.pc'
[1.326s] Level 1:colcon.colcon_core.environment:checking '/home/addinedu/opencv_study/install/opencv_tutorials/lib/python3.10/site-packages'
[1.326s] Level 1:colcon.colcon_core.shell:create_environment_hook('opencv_tutorials', 'pythonpath')
[1.326s] INFO:colcon.colcon_core.shell:Creating environment hook '/home/addinedu/opencv_study/install/opencv_tutorials/share/opencv_tutorials/hook/pythonpath.ps1'
[1.327s] INFO:colcon.colcon_core.shell:Creating environment descriptor '/home/addinedu/opencv_study/install/opencv_tutorials/share/opencv_tutorials/hook/pythonpath.dsv'
[1.327s] INFO:colcon.colcon_core.shell:Creating environment hook '/home/addinedu/opencv_study/install/opencv_tutorials/share/opencv_tutorials/hook/pythonpath.sh'
[1.327s] Level 1:colcon.colcon_core.environment:checking '/home/addinedu/opencv_study/install/opencv_tutorials/bin'
[1.327s] Level 1:colcon.colcon_core.environment:create_environment_scripts_only(opencv_tutorials)
[1.328s] INFO:colcon.colcon_core.shell:Creating package script '/home/addinedu/opencv_study/install/opencv_tutorials/share/opencv_tutorials/package.ps1'
[1.328s] INFO:colcon.colcon_core.shell:Creating package descriptor '/home/addinedu/opencv_study/install/opencv_tutorials/share/opencv_tutorials/package.dsv'
[1.329s] INFO:colcon.colcon_core.shell:Creating package script '/home/addinedu/opencv_study/install/opencv_tutorials/share/opencv_tutorials/package.sh'
[1.329s] INFO:colcon.colcon_core.shell:Creating package script '/home/addinedu/opencv_study/install/opencv_tutorials/share/opencv_tutorials/package.bash'
[1.330s] INFO:colcon.colcon_core.shell:Creating package script '/home/addinedu/opencv_study/install/opencv_tutorials/share/opencv_tutorials/package.zsh'
[1.330s] Level 1:colcon.colcon_core.environment:create_file_with_runtime_dependencies(/home/addinedu/opencv_study/install/opencv_tutorials/share/colcon-core/packages/opencv_tutorials)
[1.330s] DEBUG:colcon.colcon_parallel_executor.executor.parallel:closing loop
[1.331s] DEBUG:colcon.colcon_parallel_executor.executor.parallel:loop closed
[1.331s] DEBUG:colcon.colcon_parallel_executor.executor.parallel:run_until_complete finished with '0'
[1.331s] DEBUG:colcon.colcon_core.event_reactor:joining thread
[1.334s] INFO:colcon.colcon_core.plugin_system:Skipping extension 'colcon_notification.desktop_notification.terminal_notifier': Not used on non-Darwin systems
[1.334s] INFO:colcon.colcon_core.plugin_system:Skipping extension 'colcon_notification.desktop_notification.win32': Not used on non-Windows systems
[1.334s] INFO:colcon.colcon_notification.desktop_notification:Sending desktop notification using 'notify2'
[1.342s] DEBUG:colcon.colcon_core.event_reactor:joined thread
[1.343s] INFO:colcon.colcon_core.shell:Creating prefix script '/home/addinedu/opencv_study/install/local_setup.ps1'
[1.343s] INFO:colcon.colcon_core.shell:Creating prefix util module '/home/addinedu/opencv_study/install/_local_setup_util_ps1.py'
[1.344s] INFO:colcon.colcon_core.shell:Creating prefix chain script '/home/addinedu/opencv_study/install/setup.ps1'
[1.345s] INFO:colcon.colcon_core.shell:Creating prefix script '/home/addinedu/opencv_study/install/local_setup.sh'
[1.345s] INFO:colcon.colcon_core.shell:Creating prefix util module '/home/addinedu/opencv_study/install/_local_setup_util_sh.py'
[1.345s] INFO:colcon.colcon_core.shell:Creating prefix chain script '/home/addinedu/opencv_study/install/setup.sh'
[1.346s] INFO:colcon.colcon_core.shell:Creating prefix script '/home/addinedu/opencv_study/install/local_setup.bash'
[1.346s] INFO:colcon.colcon_core.shell:Creating prefix chain script '/home/addinedu/opencv_study/install/setup.bash'
[1.347s] INFO:colcon.colcon_core.shell:Creating prefix script '/home/addinedu/opencv_study/install/local_setup.zsh'
[1.347s] INFO:colcon.colcon_core.shell:Creating prefix chain script '/home/addinedu/opencv_study/install/setup.zsh'
