[0.008s] Invoking command in '/home/addinedu/my_mobile/build/my_robot_gazebo': CMAKE_PREFIX_PATH=${CMAKE_PREFIX_PATH}:/opt/ros/humble /usr/bin/cmake --build /home/addinedu/my_mobile/build/my_robot_gazebo -- -j12 -l12
[0.036s] Invoked command in '/home/addinedu/my_mobile/build/my_robot_gazebo' returned '0': CMAKE_PREFIX_PATH=${CMAKE_PREFIX_PATH}:/opt/ros/humble /usr/bin/cmake --build /home/addinedu/my_mobile/build/my_robot_gazebo -- -j12 -l12
[0.058s] Invoking command in '/home/addinedu/my_mobile/build/my_robot_gazebo': CMAKE_PREFIX_PATH=${CMAKE_PREFIX_PATH}:/opt/ros/humble /usr/bin/cmake --install /home/addinedu/my_mobile/build/my_robot_gazebo
[0.064s] -- Install configuration: ""
[0.064s] -- Up-to-date: /home/addinedu/my_mobile/install/my_robot_gazebo/share/my_robot_gazebo/launch
[0.064s] -- Up-to-date: /home/addinedu/my_mobile/install/my_robot_gazebo/share/my_robot_gazebo/launch/launch_sim.launch.xml
[0.064s] -- Up-to-date: /home/addinedu/my_mobile/install/my_robot_gazebo/share/ament_index/resource_index/package_run_dependencies/my_robot_gazebo
[0.064s] -- Up-to-date: /home/addinedu/my_mobile/install/my_robot_gazebo/share/ament_index/resource_index/parent_prefix_path/my_robot_gazebo
[0.065s] -- Up-to-date: /home/addinedu/my_mobile/install/my_robot_gazebo/share/my_robot_gazebo/environment/ament_prefix_path.sh
[0.065s] -- Up-to-date: /home/addinedu/my_mobile/install/my_robot_gazebo/share/my_robot_gazebo/environment/ament_prefix_path.dsv
[0.065s] -- Up-to-date: /home/addinedu/my_mobile/install/my_robot_gazebo/share/my_robot_gazebo/environment/path.sh
[0.065s] -- Up-to-date: /home/addinedu/my_mobile/install/my_robot_gazebo/share/my_robot_gazebo/environment/path.dsv
[0.065s] -- Up-to-date: /home/addinedu/my_mobile/install/my_robot_gazebo/share/my_robot_gazebo/local_setup.bash
[0.066s] -- Up-to-date: /home/addinedu/my_mobile/install/my_robot_gazebo/share/my_robot_gazebo/local_setup.sh
[0.066s] -- Up-to-date: /home/addinedu/my_mobile/install/my_robot_gazebo/share/my_robot_gazebo/local_setup.zsh
[0.066s] -- Up-to-date: /home/addinedu/my_mobile/install/my_robot_gazebo/share/my_robot_gazebo/local_setup.dsv
[0.066s] -- Up-to-date: /home/addinedu/my_mobile/install/my_robot_gazebo/share/my_robot_gazebo/package.dsv
[0.067s] -- Up-to-date: /home/addinedu/my_mobile/install/my_robot_gazebo/share/ament_index/resource_index/packages/my_robot_gazebo
[0.067s] -- Up-to-date: /home/addinedu/my_mobile/install/my_robot_gazebo/share/my_robot_gazebo/cmake/my_robot_gazeboConfig.cmake
[0.067s] -- Up-to-date: /home/addinedu/my_mobile/install/my_robot_gazebo/share/my_robot_gazebo/cmake/my_robot_gazeboConfig-version.cmake
[0.067s] -- Up-to-date: /home/addinedu/my_mobile/install/my_robot_gazebo/share/my_robot_gazebo/package.xml
[0.074s] Invoked command in '/home/addinedu/my_mobile/build/my_robot_gazebo' returned '0': CMAKE_PREFIX_PATH=${CMAKE_PREFIX_PATH}:/opt/ros/humble /usr/bin/cmake --install /home/addinedu/my_mobile/build/my_robot_gazebo
