[0.008s] Invoking command in '/home/addinedu/ros2_ws/build/my_first_package_msgs': CMAKE_PREFIX_PATH=${CMAKE_PREFIX_PATH}:/home/addinedu/ros2_ws/install/my_first_package:/opt/ros/humble /usr/bin/cmake --build /home/addinedu/ros2_ws/build/my_first_package_msgs -- -j12 -l12
[0.024s] -- Found ament_cmake: 1.3.9 (/opt/ros/humble/share/ament_cmake/cmake)
[0.161s] -- Override CMake install command with custom implementation using symlinks instead of copying resources
[0.166s] -- Found rosidl_default_generators: 1.2.0 (/opt/ros/humble/share/rosidl_default_generators/cmake)
[0.167s] -- Using all available rosidl_typesupport_c: rosidl_typesupport_fastrtps_c;rosidl_typesupport_introspection_c
[0.169s] -- Found rosidl_adapter: 3.1.5 (/opt/ros/humble/share/rosidl_adapter/cmake)
[0.191s] -- Using all available rosidl_typesupport_cpp: rosidl_typesupport_fastrtps_cpp;rosidl_typesupport_introspection_cpp
[0.566s] -- Found ament_cmake_ros: 0.10.0 (/opt/ros/humble/share/ament_cmake_ros/cmake)
[0.777s] -- Using all available rosidl_typesupport_c: rosidl_typesupport_fastrtps_c;rosidl_typesupport_introspection_c
[1.058s] -- Using all available rosidl_typesupport_cpp: rosidl_typesupport_fastrtps_cpp;rosidl_typesupport_introspection_cpp
[1.100s] -- Found python_cmake_module: 0.10.0 (/opt/ros/humble/share/python_cmake_module/cmake)
[1.143s] -- Using PYTHON_EXECUTABLE: /home/addinedu/.pyenv/shims/python3
[1.143s] -- Using PYTHON_INCLUDE_DIRS: /usr/include/python3.10
[1.143s] -- Using PYTHON_LIBRARIES: /usr/lib/x86_64-linux-gnu/libpython3.10.so
[1.158s] -- Found ament_lint_auto: 0.12.11 (/opt/ros/humble/share/ament_lint_auto/cmake)
[1.165s] -- Added test 'lint_cmake' to check CMake code style
[1.166s] -- Added test 'xmllint' to check XML markup files
[1.168s] -- Configuring done
[1.191s] -- Generating done
[1.194s] -- Build files have been written to: /home/addinedu/ros2_ws/build/my_first_package_msgs
[1.211s] [35m[1mConsolidate compiler generated dependencies of target my_first_package_msgs__rosidl_generator_c[0m
[1.218s] [  2%] Built target my_first_package_msgs__cpp
[1.219s] [ 12%] Built target my_first_package_msgs__rosidl_generator_c
[1.224s] [ 12%] Built target ament_cmake_python_symlink_my_first_package_msgs
[1.225s] [ 17%] [34m[1mGenerating C++ type support for eProsima Fast-RTPS[0m
[1.226s] [ 17%] [34m[1mGenerating C++ introspection for ROS interfaces[0m
[1.226s] [ 19%] [34m[1mGenerating C introspection for ROS interfaces[0m
[1.226s] [ 21%] [34m[1mGenerating C type support dispatch for ROS interfaces[0m
[1.227s] [ 23%] [34m[1mGenerating C++ type support dispatch for ROS interfaces[0m
[1.229s] [ 25%] [34m[1mGenerating C type support for eProsima Fast-RTPS[0m
[1.451s] running egg_info
[1.451s] creating my_first_package_msgs.egg-info
[1.468s] writing my_first_package_msgs.egg-info/PKG-INFO
[1.468s] writing dependency_links to my_first_package_msgs.egg-info/dependency_links.txt
[1.468s] writing top-level names to my_first_package_msgs.egg-info/top_level.txt
[1.553s] [35m[1mConsolidate compiler generated dependencies of target my_first_package_msgs__rosidl_typesupport_c[0m
[1.562s] [ 27%] [32mBuilding CXX object CMakeFiles/my_first_package_msgs__rosidl_typesupport_c.dir/rosidl_typesupport_c/my_first_package_msgs/action/dist_turtle__type_support.cpp.o[0m
[1.563s] [ 29%] [32mBuilding CXX object CMakeFiles/my_first_package_msgs__rosidl_typesupport_c.dir/rosidl_typesupport_c/my_first_package_msgs/msg/cmd_and_pose_vel__type_support.cpp.o[0m
[1.564s] [ 31%] [32mBuilding CXX object CMakeFiles/my_first_package_msgs__rosidl_typesupport_c.dir/rosidl_typesupport_c/my_first_package_msgs/srv/multi_spawn__type_support.cpp.o[0m
[1.565s] [35m[1mConsolidate compiler generated dependencies of target my_first_package_msgs__rosidl_typesupport_cpp[0m
[1.578s] writing manifest file 'my_first_package_msgs.egg-info/SOURCES.txt'
[1.578s] [ 36%] [32mBuilding CXX object CMakeFiles/my_first_package_msgs__rosidl_typesupport_cpp.dir/rosidl_typesupport_cpp/my_first_package_msgs/msg/cmd_and_pose_vel__type_support.cpp.o[0m
[1.579s] [ 36%] [32mBuilding CXX object CMakeFiles/my_first_package_msgs__rosidl_typesupport_cpp.dir/rosidl_typesupport_cpp/my_first_package_msgs/action/dist_turtle__type_support.cpp.o[0m
[1.579s] [ 38%] [32mBuilding CXX object CMakeFiles/my_first_package_msgs__rosidl_typesupport_cpp.dir/rosidl_typesupport_cpp/my_first_package_msgs/srv/multi_spawn__type_support.cpp.o[0m
[1.605s] [ 40%] [32m[1mLinking CXX shared library libmy_first_package_msgs__rosidl_typesupport_c.so[0m
[1.633s] reading manifest file 'my_first_package_msgs.egg-info/SOURCES.txt'
[1.633s] writing manifest file 'my_first_package_msgs.egg-info/SOURCES.txt'
[1.639s] [ 40%] Built target my_first_package_msgs__rosidl_typesupport_c
[1.659s] [35m[1mConsolidate compiler generated dependencies of target my_first_package_msgs__rosidl_typesupport_introspection_cpp[0m
[1.670s] [ 42%] [32mBuilding CXX object CMakeFiles/my_first_package_msgs__rosidl_typesupport_introspection_cpp.dir/rosidl_typesupport_introspection_cpp/my_first_package_msgs/msg/detail/cmd_and_pose_vel__type_support.cpp.o[0m
[1.673s] [ 46%] [32mBuilding CXX object CMakeFiles/my_first_package_msgs__rosidl_typesupport_introspection_cpp.dir/rosidl_typesupport_introspection_cpp/my_first_package_msgs/action/detail/dist_turtle__type_support.cpp.o[0m
[1.673s] [ 46%] [32mBuilding CXX object CMakeFiles/my_first_package_msgs__rosidl_typesupport_introspection_cpp.dir/rosidl_typesupport_introspection_cpp/my_first_package_msgs/srv/detail/multi_spawn__type_support.cpp.o[0m
[1.673s] [ 46%] Built target ament_cmake_python_build_my_first_package_msgs_egg
[1.747s] [35m[1mConsolidate compiler generated dependencies of target my_first_package_msgs__rosidl_typesupport_fastrtps_c[0m
[1.763s] [ 53%] [32mBuilding CXX object CMakeFiles/my_first_package_msgs__rosidl_typesupport_fastrtps_c.dir/rosidl_typesupport_fastrtps_c/my_first_package_msgs/srv/detail/multi_spawn__type_support_c.cpp.o[0m
[1.764s] [ 53%] [32mBuilding CXX object CMakeFiles/my_first_package_msgs__rosidl_typesupport_fastrtps_c.dir/rosidl_typesupport_fastrtps_c/my_first_package_msgs/action/detail/dist_turtle__type_support_c.cpp.o[0m
[1.764s] [ 53%] [32mBuilding CXX object CMakeFiles/my_first_package_msgs__rosidl_typesupport_fastrtps_c.dir/rosidl_typesupport_fastrtps_c/my_first_package_msgs/msg/detail/cmd_and_pose_vel__type_support_c.cpp.o[0m
[1.901s] [35m[1mConsolidate compiler generated dependencies of target my_first_package_msgs__rosidl_typesupport_introspection_c[0m
[1.910s] [ 55%] [32mBuilding C object CMakeFiles/my_first_package_msgs__rosidl_typesupport_introspection_c.dir/rosidl_typesupport_introspection_c/my_first_package_msgs/srv/detail/multi_spawn__type_support.c.o[0m
[1.912s] [ 57%] [32mBuilding C object CMakeFiles/my_first_package_msgs__rosidl_typesupport_introspection_c.dir/rosidl_typesupport_introspection_c/my_first_package_msgs/msg/detail/cmd_and_pose_vel__type_support.c.o[0m
[1.913s] [ 59%] [32mBuilding C object CMakeFiles/my_first_package_msgs__rosidl_typesupport_introspection_c.dir/rosidl_typesupport_introspection_c/my_first_package_msgs/action/detail/dist_turtle__type_support.c.o[0m
[1.963s] [35m[1mConsolidate compiler generated dependencies of target my_first_package_msgs__rosidl_typesupport_fastrtps_cpp[0m
[1.964s] [ 61%] [32m[1mLinking C shared library libmy_first_package_msgs__rosidl_typesupport_introspection_c.so[0m
[1.974s] [ 63%] [32mBuilding CXX object CMakeFiles/my_first_package_msgs__rosidl_typesupport_fastrtps_cpp.dir/rosidl_typesupport_fastrtps_cpp/my_first_package_msgs/action/detail/dds_fastrtps/dist_turtle__type_support.cpp.o[0m
[1.977s] [ 68%] [32mBuilding CXX object CMakeFiles/my_first_package_msgs__rosidl_typesupport_fastrtps_cpp.dir/rosidl_typesupport_fastrtps_cpp/my_first_package_msgs/msg/detail/dds_fastrtps/cmd_and_pose_vel__type_support.cpp.o[0m
[1.977s] [ 68%] [32mBuilding CXX object CMakeFiles/my_first_package_msgs__rosidl_typesupport_fastrtps_cpp.dir/rosidl_typesupport_fastrtps_cpp/my_first_package_msgs/srv/detail/dds_fastrtps/multi_spawn__type_support.cpp.o[0m
[1.991s] [ 68%] Built target my_first_package_msgs__rosidl_typesupport_introspection_c
[2.113s] [ 70%] [32m[1mLinking CXX shared library libmy_first_package_msgs__rosidl_typesupport_cpp.so[0m
[2.147s] [ 70%] Built target my_first_package_msgs__rosidl_typesupport_cpp
[2.182s] [ 72%] [32m[1mLinking CXX shared library libmy_first_package_msgs__rosidl_typesupport_fastrtps_c.so[0m
[2.220s] [ 74%] [32m[1mLinking CXX shared library libmy_first_package_msgs__rosidl_typesupport_introspection_cpp.so[0m
[2.261s] [ 74%] Built target my_first_package_msgs__rosidl_typesupport_fastrtps_c
[2.289s] [ 74%] Built target my_first_package_msgs__rosidl_typesupport_introspection_cpp
[2.377s] [ 76%] [32m[1mLinking CXX shared library libmy_first_package_msgs__rosidl_typesupport_fastrtps_cpp.so[0m
[2.424s] [ 76%] Built target my_first_package_msgs__rosidl_typesupport_fastrtps_cpp
[2.437s] [ 76%] Built target my_first_package_msgs
[2.450s] [ 78%] [34m[1mGenerating Python code for ROS interfaces[0m
[3.239s] [ 78%] Built target my_first_package_msgs__py
[3.246s] [35m[1mConsolidate compiler generated dependencies of target my_first_package_msgs__rosidl_generator_py[0m
[3.256s] [ 85%] [32mBuilding C object CMakeFiles/my_first_package_msgs__rosidl_generator_py.dir/rosidl_generator_py/my_first_package_msgs/action/_dist_turtle_s.c.o[0m
[3.256s] [ 85%] [32mBuilding C object CMakeFiles/my_first_package_msgs__rosidl_generator_py.dir/rosidl_generator_py/my_first_package_msgs/msg/_cmd_and_pose_vel_s.c.o[0m
[3.256s] [ 85%] [32mBuilding C object CMakeFiles/my_first_package_msgs__rosidl_generator_py.dir/rosidl_generator_py/my_first_package_msgs/srv/_multi_spawn_s.c.o[0m
[3.358s] [ 87%] [32m[1mLinking C shared library rosidl_generator_py/my_first_package_msgs/libmy_first_package_msgs__rosidl_generator_py.so[0m
[3.386s] [ 87%] Built target my_first_package_msgs__rosidl_generator_py
[3.393s] [35m[1mConsolidate compiler generated dependencies of target my_first_package_msgs__rosidl_typesupport_introspection_c__pyext[0m
[3.394s] [35m[1mConsolidate compiler generated dependencies of target my_first_package_msgs__rosidl_typesupport_c__pyext[0m
[3.394s] [35m[1mConsolidate compiler generated dependencies of target my_first_package_msgs__rosidl_typesupport_fastrtps_c__pyext[0m
[3.403s] [ 93%] [32mBuilding C object CMakeFiles/my_first_package_msgs__rosidl_typesupport_introspection_c__pyext.dir/rosidl_generator_py/my_first_package_msgs/_my_first_package_msgs_s.ep.rosidl_typesupport_introspection_c.c.o[0m
[3.403s] [ 93%] [32mBuilding C object CMakeFiles/my_first_package_msgs__rosidl_typesupport_fastrtps_c__pyext.dir/rosidl_generator_py/my_first_package_msgs/_my_first_package_msgs_s.ep.rosidl_typesupport_fastrtps_c.c.o[0m
[3.403s] [ 93%] [32mBuilding C object CMakeFiles/my_first_package_msgs__rosidl_typesupport_c__pyext.dir/rosidl_generator_py/my_first_package_msgs/_my_first_package_msgs_s.ep.rosidl_typesupport_c.c.o[0m
[3.499s] [100%] [32m[1mLinking C shared library rosidl_generator_py/my_first_package_msgs/my_first_package_msgs_s__rosidl_typesupport_introspection_c.cpython-310-x86_64-linux-gnu.so[0m
[3.499s] [100%] [32m[1mLinking C shared library rosidl_generator_py/my_first_package_msgs/my_first_package_msgs_s__rosidl_typesupport_fastrtps_c.cpython-310-x86_64-linux-gnu.so[0m
[3.499s] [100%] [32m[1mLinking C shared library rosidl_generator_py/my_first_package_msgs/my_first_package_msgs_s__rosidl_typesupport_c.cpython-310-x86_64-linux-gnu.so[0m
[3.528s] [100%] Built target my_first_package_msgs__rosidl_typesupport_fastrtps_c__pyext
[3.528s] [100%] Built target my_first_package_msgs__rosidl_typesupport_introspection_c__pyext
[3.528s] [100%] Built target my_first_package_msgs__rosidl_typesupport_c__pyext
[3.537s] Invoked command in '/home/addinedu/ros2_ws/build/my_first_package_msgs' returned '0': CMAKE_PREFIX_PATH=${CMAKE_PREFIX_PATH}:/home/addinedu/ros2_ws/install/my_first_package:/opt/ros/humble /usr/bin/cmake --build /home/addinedu/ros2_ws/build/my_first_package_msgs -- -j12 -l12
[3.601s] Invoking command in '/home/addinedu/ros2_ws/build/my_first_package_msgs': CMAKE_PREFIX_PATH=${CMAKE_PREFIX_PATH}:/home/addinedu/ros2_ws/install/my_first_package:/opt/ros/humble /usr/bin/cmake --install /home/addinedu/ros2_ws/build/my_first_package_msgs
[3.606s] -- Install configuration: ""
[3.607s] -- Execute custom install script
[3.607s] -- Symlinking: /home/addinedu/ros2_ws/install/my_first_package_msgs/share/ament_index/resource_index/rosidl_interfaces/my_first_package_msgs
[3.613s] -- Symlinking: /home/addinedu/ros2_ws/install/my_first_package_msgs/include/my_first_package_msgs/my_first_package_msgs/action/detail/dist_turtle__functions.h
[3.619s] -- Symlinking: /home/addinedu/ros2_ws/install/my_first_package_msgs/include/my_first_package_msgs/my_first_package_msgs/action/detail/dist_turtle__struct.h
[3.624s] -- Symlinking: /home/addinedu/ros2_ws/install/my_first_package_msgs/include/my_first_package_msgs/my_first_package_msgs/action/detail/dist_turtle__type_support.h
[3.630s] -- Symlinking: /home/addinedu/ros2_ws/install/my_first_package_msgs/include/my_first_package_msgs/my_first_package_msgs/action/dist_turtle.h
[3.636s] -- Symlinking: /home/addinedu/ros2_ws/install/my_first_package_msgs/include/my_first_package_msgs/my_first_package_msgs/msg/cmd_and_pose_vel.h
[3.642s] -- Symlinking: /home/addinedu/ros2_ws/install/my_first_package_msgs/include/my_first_package_msgs/my_first_package_msgs/msg/detail/cmd_and_pose_vel__functions.h
[3.648s] -- Symlinking: /home/addinedu/ros2_ws/install/my_first_package_msgs/include/my_first_package_msgs/my_first_package_msgs/msg/detail/cmd_and_pose_vel__struct.h
[3.654s] -- Symlinking: /home/addinedu/ros2_ws/install/my_first_package_msgs/include/my_first_package_msgs/my_first_package_msgs/msg/detail/cmd_and_pose_vel__type_support.h
[3.659s] -- Symlinking: /home/addinedu/ros2_ws/install/my_first_package_msgs/include/my_first_package_msgs/my_first_package_msgs/msg/rosidl_generator_c__visibility_control.h
[3.664s] -- Symlinking: /home/addinedu/ros2_ws/install/my_first_package_msgs/include/my_first_package_msgs/my_first_package_msgs/srv/detail/multi_spawn__functions.h
[3.670s] -- Symlinking: /home/addinedu/ros2_ws/install/my_first_package_msgs/include/my_first_package_msgs/my_first_package_msgs/srv/detail/multi_spawn__struct.h
[3.676s] -- Symlinking: /home/addinedu/ros2_ws/install/my_first_package_msgs/include/my_first_package_msgs/my_first_package_msgs/srv/detail/multi_spawn__type_support.h
[3.683s] -- Symlinking: /home/addinedu/ros2_ws/install/my_first_package_msgs/include/my_first_package_msgs/my_first_package_msgs/srv/multi_spawn.h
[3.688s] -- Symlinking: /home/addinedu/ros2_ws/install/my_first_package_msgs/share/my_first_package_msgs/environment/library_path.sh
[3.694s] -- Symlinking: /home/addinedu/ros2_ws/install/my_first_package_msgs/share/my_first_package_msgs/environment/library_path.dsv
[3.700s] -- Symlinking: /home/addinedu/ros2_ws/install/my_first_package_msgs/include/my_first_package_msgs/my_first_package_msgs/action/detail/dist_turtle__rosidl_typesupport_fastrtps_c.h
[3.705s] -- Symlinking: /home/addinedu/ros2_ws/install/my_first_package_msgs/include/my_first_package_msgs/my_first_package_msgs/msg/detail/cmd_and_pose_vel__rosidl_typesupport_fastrtps_c.h
[3.711s] -- Symlinking: /home/addinedu/ros2_ws/install/my_first_package_msgs/include/my_first_package_msgs/my_first_package_msgs/msg/rosidl_typesupport_fastrtps_c__visibility_control.h
[3.716s] -- Symlinking: /home/addinedu/ros2_ws/install/my_first_package_msgs/include/my_first_package_msgs/my_first_package_msgs/srv/detail/multi_spawn__rosidl_typesupport_fastrtps_c.h
[3.722s] -- Symlinking: /home/addinedu/ros2_ws/install/my_first_package_msgs/include/my_first_package_msgs/my_first_package_msgs/action/detail/dist_turtle__rosidl_typesupport_introspection_c.h
[3.728s] -- Symlinking: /home/addinedu/ros2_ws/install/my_first_package_msgs/include/my_first_package_msgs/my_first_package_msgs/msg/detail/cmd_and_pose_vel__rosidl_typesupport_introspection_c.h
[3.733s] -- Symlinking: /home/addinedu/ros2_ws/install/my_first_package_msgs/include/my_first_package_msgs/my_first_package_msgs/msg/rosidl_typesupport_introspection_c__visibility_control.h
[3.740s] -- Symlinking: /home/addinedu/ros2_ws/install/my_first_package_msgs/include/my_first_package_msgs/my_first_package_msgs/srv/detail/multi_spawn__rosidl_typesupport_introspection_c.h
[3.746s] -- Symlinking: /home/addinedu/ros2_ws/install/my_first_package_msgs/include/my_first_package_msgs/my_first_package_msgs/action/detail/dist_turtle__builder.hpp
[3.751s] -- Symlinking: /home/addinedu/ros2_ws/install/my_first_package_msgs/include/my_first_package_msgs/my_first_package_msgs/action/detail/dist_turtle__struct.hpp
[3.757s] -- Symlinking: /home/addinedu/ros2_ws/install/my_first_package_msgs/include/my_first_package_msgs/my_first_package_msgs/action/detail/dist_turtle__traits.hpp
[3.762s] -- Symlinking: /home/addinedu/ros2_ws/install/my_first_package_msgs/include/my_first_package_msgs/my_first_package_msgs/action/dist_turtle.hpp
[3.768s] -- Symlinking: /home/addinedu/ros2_ws/install/my_first_package_msgs/include/my_first_package_msgs/my_first_package_msgs/msg/cmd_and_pose_vel.hpp
[3.774s] -- Symlinking: /home/addinedu/ros2_ws/install/my_first_package_msgs/include/my_first_package_msgs/my_first_package_msgs/msg/detail/cmd_and_pose_vel__builder.hpp
[3.779s] -- Symlinking: /home/addinedu/ros2_ws/install/my_first_package_msgs/include/my_first_package_msgs/my_first_package_msgs/msg/detail/cmd_and_pose_vel__struct.hpp
[3.786s] -- Symlinking: /home/addinedu/ros2_ws/install/my_first_package_msgs/include/my_first_package_msgs/my_first_package_msgs/msg/detail/cmd_and_pose_vel__traits.hpp
[3.791s] -- Symlinking: /home/addinedu/ros2_ws/install/my_first_package_msgs/include/my_first_package_msgs/my_first_package_msgs/srv/detail/multi_spawn__builder.hpp
[3.797s] -- Symlinking: /home/addinedu/ros2_ws/install/my_first_package_msgs/include/my_first_package_msgs/my_first_package_msgs/srv/detail/multi_spawn__struct.hpp
[3.803s] -- Symlinking: /home/addinedu/ros2_ws/install/my_first_package_msgs/include/my_first_package_msgs/my_first_package_msgs/srv/detail/multi_spawn__traits.hpp
[3.808s] -- Symlinking: /home/addinedu/ros2_ws/install/my_first_package_msgs/include/my_first_package_msgs/my_first_package_msgs/srv/multi_spawn.hpp
[3.814s] -- Symlinking: /home/addinedu/ros2_ws/install/my_first_package_msgs/include/my_first_package_msgs/my_first_package_msgs/action/detail/dist_turtle__rosidl_typesupport_fastrtps_cpp.hpp
[3.820s] -- Symlinking: /home/addinedu/ros2_ws/install/my_first_package_msgs/include/my_first_package_msgs/my_first_package_msgs/msg/detail/cmd_and_pose_vel__rosidl_typesupport_fastrtps_cpp.hpp
[3.825s] -- Symlinking: /home/addinedu/ros2_ws/install/my_first_package_msgs/include/my_first_package_msgs/my_first_package_msgs/msg/rosidl_typesupport_fastrtps_cpp__visibility_control.h
[3.831s] -- Symlinking: /home/addinedu/ros2_ws/install/my_first_package_msgs/include/my_first_package_msgs/my_first_package_msgs/srv/detail/multi_spawn__rosidl_typesupport_fastrtps_cpp.hpp
[3.837s] -- Symlinking: /home/addinedu/ros2_ws/install/my_first_package_msgs/include/my_first_package_msgs/my_first_package_msgs/action/detail/dist_turtle__rosidl_typesupport_introspection_cpp.hpp
[3.843s] -- Symlinking: /home/addinedu/ros2_ws/install/my_first_package_msgs/include/my_first_package_msgs/my_first_package_msgs/msg/detail/cmd_and_pose_vel__rosidl_typesupport_introspection_cpp.hpp
[3.849s] -- Symlinking: /home/addinedu/ros2_ws/install/my_first_package_msgs/include/my_first_package_msgs/my_first_package_msgs/srv/detail/multi_spawn__rosidl_typesupport_introspection_cpp.hpp
[3.854s] -- Symlinking: /home/addinedu/ros2_ws/install/my_first_package_msgs/share/my_first_package_msgs/environment/pythonpath.sh
[3.860s] -- Symlinking: /home/addinedu/ros2_ws/install/my_first_package_msgs/share/my_first_package_msgs/environment/pythonpath.dsv
[3.866s] -- Symlinking: /home/addinedu/ros2_ws/install/my_first_package_msgs/local/lib/python3.10/dist-packages/my_first_package_msgs-0.0.0-py3.10.egg-info/PKG-INFO
[3.871s] -- Symlinking: /home/addinedu/ros2_ws/install/my_first_package_msgs/local/lib/python3.10/dist-packages/my_first_package_msgs-0.0.0-py3.10.egg-info/SOURCES.txt
[3.876s] -- Symlinking: /home/addinedu/ros2_ws/install/my_first_package_msgs/local/lib/python3.10/dist-packages/my_first_package_msgs-0.0.0-py3.10.egg-info/dependency_links.txt
[3.882s] -- Symlinking: /home/addinedu/ros2_ws/install/my_first_package_msgs/local/lib/python3.10/dist-packages/my_first_package_msgs-0.0.0-py3.10.egg-info/top_level.txt
[3.888s] -- Symlinking: /home/addinedu/ros2_ws/install/my_first_package_msgs/local/lib/python3.10/dist-packages/my_first_package_msgs/__init__.py
[3.894s] -- Symlinking: /home/addinedu/ros2_ws/install/my_first_package_msgs/local/lib/python3.10/dist-packages/my_first_package_msgs/_my_first_package_msgs_s.ep.rosidl_typesupport_c.c
[3.899s] -- Symlinking: /home/addinedu/ros2_ws/install/my_first_package_msgs/local/lib/python3.10/dist-packages/my_first_package_msgs/_my_first_package_msgs_s.ep.rosidl_typesupport_fastrtps_c.c
[3.904s] -- Symlinking: /home/addinedu/ros2_ws/install/my_first_package_msgs/local/lib/python3.10/dist-packages/my_first_package_msgs/_my_first_package_msgs_s.ep.rosidl_typesupport_introspection_c.c
[3.910s] -- Symlinking: /home/addinedu/ros2_ws/install/my_first_package_msgs/local/lib/python3.10/dist-packages/my_first_package_msgs/action/__init__.py
[3.916s] -- Symlinking: /home/addinedu/ros2_ws/install/my_first_package_msgs/local/lib/python3.10/dist-packages/my_first_package_msgs/action/_dist_turtle.py
[3.921s] -- Symlinking: /home/addinedu/ros2_ws/install/my_first_package_msgs/local/lib/python3.10/dist-packages/my_first_package_msgs/action/_dist_turtle_s.c
[3.927s] -- Symlinking: /home/addinedu/ros2_ws/install/my_first_package_msgs/local/lib/python3.10/dist-packages/my_first_package_msgs/libmy_first_package_msgs__rosidl_generator_py.so
[3.932s] -- Symlinking: /home/addinedu/ros2_ws/install/my_first_package_msgs/local/lib/python3.10/dist-packages/my_first_package_msgs/msg/__init__.py
[3.938s] -- Symlinking: /home/addinedu/ros2_ws/install/my_first_package_msgs/local/lib/python3.10/dist-packages/my_first_package_msgs/msg/_cmd_and_pose_vel.py
[3.944s] -- Symlinking: /home/addinedu/ros2_ws/install/my_first_package_msgs/local/lib/python3.10/dist-packages/my_first_package_msgs/msg/_cmd_and_pose_vel_s.c
[3.950s] -- Symlinking: /home/addinedu/ros2_ws/install/my_first_package_msgs/local/lib/python3.10/dist-packages/my_first_package_msgs/my_first_package_msgs_s__rosidl_typesupport_c.cpython-310-x86_64-linux-gnu.so
[3.955s] -- Symlinking: /home/addinedu/ros2_ws/install/my_first_package_msgs/local/lib/python3.10/dist-packages/my_first_package_msgs/my_first_package_msgs_s__rosidl_typesupport_fastrtps_c.cpython-310-x86_64-linux-gnu.so
[3.961s] -- Symlinking: /home/addinedu/ros2_ws/install/my_first_package_msgs/local/lib/python3.10/dist-packages/my_first_package_msgs/my_first_package_msgs_s__rosidl_typesupport_introspection_c.cpython-310-x86_64-linux-gnu.so
[3.966s] -- Symlinking: /home/addinedu/ros2_ws/install/my_first_package_msgs/local/lib/python3.10/dist-packages/my_first_package_msgs/srv/__init__.py
[3.972s] -- Symlinking: /home/addinedu/ros2_ws/install/my_first_package_msgs/local/lib/python3.10/dist-packages/my_first_package_msgs/srv/_multi_spawn.py
[3.978s] -- Symlinking: /home/addinedu/ros2_ws/install/my_first_package_msgs/local/lib/python3.10/dist-packages/my_first_package_msgs/srv/_multi_spawn_s.c
[3.984s] -- Up-to-date symlink: /home/addinedu/ros2_ws/install/my_first_package_msgs/local/lib/python3.10/dist-packages/my_first_package_msgs/my_first_package_msgs_s__rosidl_typesupport_fastrtps_c.cpython-310-x86_64-linux-gnu.so
[3.984s] -- Up-to-date symlink: /home/addinedu/ros2_ws/install/my_first_package_msgs/local/lib/python3.10/dist-packages/my_first_package_msgs/my_first_package_msgs_s__rosidl_typesupport_introspection_c.cpython-310-x86_64-linux-gnu.so
[3.984s] -- Up-to-date symlink: /home/addinedu/ros2_ws/install/my_first_package_msgs/local/lib/python3.10/dist-packages/my_first_package_msgs/my_first_package_msgs_s__rosidl_typesupport_c.cpython-310-x86_64-linux-gnu.so
[3.984s] -- Symlinking: /home/addinedu/ros2_ws/install/my_first_package_msgs/share/my_first_package_msgs/msg/CmdAndPoseVel.idl
[3.990s] -- Symlinking: /home/addinedu/ros2_ws/install/my_first_package_msgs/share/my_first_package_msgs/srv/MultiSpawn.idl
[3.996s] -- Symlinking: /home/addinedu/ros2_ws/install/my_first_package_msgs/share/my_first_package_msgs/action/DistTurtle.idl
[4.002s] -- Symlinking: /home/addinedu/ros2_ws/install/my_first_package_msgs/share/my_first_package_msgs/msg/CmdAndPoseVel.msg
[4.008s] -- Symlinking: /home/addinedu/ros2_ws/install/my_first_package_msgs/share/my_first_package_msgs/srv/MultiSpawn.srv
[4.013s] -- Symlinking: /home/addinedu/ros2_ws/install/my_first_package_msgs/share/my_first_package_msgs/srv/MultiSpawn_Request.msg
[4.019s] -- Symlinking: /home/addinedu/ros2_ws/install/my_first_package_msgs/share/my_first_package_msgs/srv/MultiSpawn_Response.msg
[4.025s] -- Symlinking: /home/addinedu/ros2_ws/install/my_first_package_msgs/share/my_first_package_msgs/action/DistTurtle.action
[4.031s] -- Symlinking: /home/addinedu/ros2_ws/install/my_first_package_msgs/share/ament_index/resource_index/package_run_dependencies/my_first_package_msgs
[4.036s] -- Symlinking: /home/addinedu/ros2_ws/install/my_first_package_msgs/share/ament_index/resource_index/parent_prefix_path/my_first_package_msgs
[4.042s] -- Symlinking: /home/addinedu/ros2_ws/install/my_first_package_msgs/share/my_first_package_msgs/environment/ament_prefix_path.sh
[4.048s] -- Symlinking: /home/addinedu/ros2_ws/install/my_first_package_msgs/share/my_first_package_msgs/environment/ament_prefix_path.dsv
[4.054s] -- Symlinking: /home/addinedu/ros2_ws/install/my_first_package_msgs/share/my_first_package_msgs/environment/path.sh
[4.061s] -- Symlinking: /home/addinedu/ros2_ws/install/my_first_package_msgs/share/my_first_package_msgs/environment/path.dsv
[4.066s] -- Symlinking: /home/addinedu/ros2_ws/install/my_first_package_msgs/share/my_first_package_msgs/local_setup.bash
[4.072s] -- Symlinking: /home/addinedu/ros2_ws/install/my_first_package_msgs/share/my_first_package_msgs/local_setup.sh
[4.078s] -- Symlinking: /home/addinedu/ros2_ws/install/my_first_package_msgs/share/my_first_package_msgs/local_setup.zsh
[4.083s] -- Symlinking: /home/addinedu/ros2_ws/install/my_first_package_msgs/share/my_first_package_msgs/local_setup.dsv
[4.089s] -- Symlinking: /home/addinedu/ros2_ws/install/my_first_package_msgs/share/my_first_package_msgs/package.dsv
[4.094s] -- Symlinking: /home/addinedu/ros2_ws/install/my_first_package_msgs/share/ament_index/resource_index/packages/my_first_package_msgs
[4.100s] -- Symlinking: /home/addinedu/ros2_ws/install/my_first_package_msgs/share/my_first_package_msgs/cmake/rosidl_cmake-extras.cmake
[4.105s] -- Symlinking: /home/addinedu/ros2_ws/install/my_first_package_msgs/share/my_first_package_msgs/cmake/ament_cmake_export_dependencies-extras.cmake
[4.111s] -- Symlinking: /home/addinedu/ros2_ws/install/my_first_package_msgs/share/my_first_package_msgs/cmake/ament_cmake_export_include_directories-extras.cmake
[4.116s] -- Symlinking: /home/addinedu/ros2_ws/install/my_first_package_msgs/share/my_first_package_msgs/cmake/ament_cmake_export_libraries-extras.cmake
[4.122s] -- Symlinking: /home/addinedu/ros2_ws/install/my_first_package_msgs/share/my_first_package_msgs/cmake/ament_cmake_export_targets-extras.cmake
[4.127s] -- Symlinking: /home/addinedu/ros2_ws/install/my_first_package_msgs/share/my_first_package_msgs/cmake/rosidl_cmake_export_typesupport_targets-extras.cmake
[4.133s] -- Symlinking: /home/addinedu/ros2_ws/install/my_first_package_msgs/share/my_first_package_msgs/cmake/rosidl_cmake_export_typesupport_libraries-extras.cmake
[4.140s] -- Symlinking: /home/addinedu/ros2_ws/install/my_first_package_msgs/share/my_first_package_msgs/cmake/my_first_package_msgsConfig.cmake
[4.146s] -- Symlinking: /home/addinedu/ros2_ws/install/my_first_package_msgs/share/my_first_package_msgs/cmake/my_first_package_msgsConfig-version.cmake
[4.151s] -- Symlinking: /home/addinedu/ros2_ws/install/my_first_package_msgs/share/my_first_package_msgs/package.xml
[4.157s] -- Installing: /home/addinedu/ros2_ws/install/my_first_package_msgs/lib/libmy_first_package_msgs__rosidl_generator_c.so
[4.157s] -- Set runtime path of "/home/addinedu/ros2_ws/install/my_first_package_msgs/lib/libmy_first_package_msgs__rosidl_generator_c.so" to ""
[4.157s] -- Installing: /home/addinedu/ros2_ws/install/my_first_package_msgs/lib/libmy_first_package_msgs__rosidl_typesupport_fastrtps_c.so
[4.157s] -- Set runtime path of "/home/addinedu/ros2_ws/install/my_first_package_msgs/lib/libmy_first_package_msgs__rosidl_typesupport_fastrtps_c.so" to ""
[4.158s] -- Installing: /home/addinedu/ros2_ws/install/my_first_package_msgs/lib/libmy_first_package_msgs__rosidl_typesupport_introspection_c.so
[4.158s] -- Set runtime path of "/home/addinedu/ros2_ws/install/my_first_package_msgs/lib/libmy_first_package_msgs__rosidl_typesupport_introspection_c.so" to ""
[4.158s] -- Installing: /home/addinedu/ros2_ws/install/my_first_package_msgs/lib/libmy_first_package_msgs__rosidl_typesupport_c.so
[4.158s] -- Set runtime path of "/home/addinedu/ros2_ws/install/my_first_package_msgs/lib/libmy_first_package_msgs__rosidl_typesupport_c.so" to ""
[4.158s] -- Installing: /home/addinedu/ros2_ws/install/my_first_package_msgs/lib/libmy_first_package_msgs__rosidl_typesupport_fastrtps_cpp.so
[4.158s] -- Set runtime path of "/home/addinedu/ros2_ws/install/my_first_package_msgs/lib/libmy_first_package_msgs__rosidl_typesupport_fastrtps_cpp.so" to ""
[4.158s] -- Installing: /home/addinedu/ros2_ws/install/my_first_package_msgs/lib/libmy_first_package_msgs__rosidl_typesupport_introspection_cpp.so
[4.159s] -- Set runtime path of "/home/addinedu/ros2_ws/install/my_first_package_msgs/lib/libmy_first_package_msgs__rosidl_typesupport_introspection_cpp.so" to ""
[4.159s] -- Installing: /home/addinedu/ros2_ws/install/my_first_package_msgs/lib/libmy_first_package_msgs__rosidl_typesupport_cpp.so
[4.159s] -- Set runtime path of "/home/addinedu/ros2_ws/install/my_first_package_msgs/lib/libmy_first_package_msgs__rosidl_typesupport_cpp.so" to ""
[4.215s] Listing '/home/addinedu/ros2_ws/install/my_first_package_msgs/local/lib/python3.10/dist-packages/my_first_package_msgs'...
[4.215s] Compiling '/home/addinedu/ros2_ws/install/my_first_package_msgs/local/lib/python3.10/dist-packages/my_first_package_msgs/__init__.py'...
[4.215s] Listing '/home/addinedu/ros2_ws/install/my_first_package_msgs/local/lib/python3.10/dist-packages/my_first_package_msgs/action'...
[4.215s] Compiling '/home/addinedu/ros2_ws/install/my_first_package_msgs/local/lib/python3.10/dist-packages/my_first_package_msgs/action/__init__.py'...
[4.216s] Compiling '/home/addinedu/ros2_ws/install/my_first_package_msgs/local/lib/python3.10/dist-packages/my_first_package_msgs/action/_dist_turtle.py'...
[4.216s] Listing '/home/addinedu/ros2_ws/install/my_first_package_msgs/local/lib/python3.10/dist-packages/my_first_package_msgs/msg'...
[4.216s] Compiling '/home/addinedu/ros2_ws/install/my_first_package_msgs/local/lib/python3.10/dist-packages/my_first_package_msgs/msg/__init__.py'...
[4.216s] Compiling '/home/addinedu/ros2_ws/install/my_first_package_msgs/local/lib/python3.10/dist-packages/my_first_package_msgs/msg/_cmd_and_pose_vel.py'...
[4.216s] Listing '/home/addinedu/ros2_ws/install/my_first_package_msgs/local/lib/python3.10/dist-packages/my_first_package_msgs/srv'...
[4.216s] Compiling '/home/addinedu/ros2_ws/install/my_first_package_msgs/local/lib/python3.10/dist-packages/my_first_package_msgs/srv/__init__.py'...
[4.216s] Compiling '/home/addinedu/ros2_ws/install/my_first_package_msgs/local/lib/python3.10/dist-packages/my_first_package_msgs/srv/_multi_spawn.py'...
[4.219s] -- Installing: /home/addinedu/ros2_ws/install/my_first_package_msgs/lib/libmy_first_package_msgs__rosidl_generator_py.so
[4.219s] -- Set runtime path of "/home/addinedu/ros2_ws/install/my_first_package_msgs/lib/libmy_first_package_msgs__rosidl_generator_py.so" to ""
[4.219s] -- Old export file "/home/addinedu/ros2_ws/install/my_first_package_msgs/share/my_first_package_msgs/cmake/export_my_first_package_msgs__rosidl_generator_cExport.cmake" will be replaced.  Removing files [/home/addinedu/ros2_ws/install/my_first_package_msgs/share/my_first_package_msgs/cmake/export_my_first_package_msgs__rosidl_generator_cExport-noconfig.cmake].
[4.219s] -- Installing: /home/addinedu/ros2_ws/install/my_first_package_msgs/share/my_first_package_msgs/cmake/export_my_first_package_msgs__rosidl_generator_cExport.cmake
[4.219s] -- Installing: /home/addinedu/ros2_ws/install/my_first_package_msgs/share/my_first_package_msgs/cmake/export_my_first_package_msgs__rosidl_generator_cExport-noconfig.cmake
[4.219s] -- Old export file "/home/addinedu/ros2_ws/install/my_first_package_msgs/share/my_first_package_msgs/cmake/export_my_first_package_msgs__rosidl_typesupport_fastrtps_cExport.cmake" will be replaced.  Removing files [/home/addinedu/ros2_ws/install/my_first_package_msgs/share/my_first_package_msgs/cmake/export_my_first_package_msgs__rosidl_typesupport_fastrtps_cExport-noconfig.cmake].
[4.219s] -- Installing: /home/addinedu/ros2_ws/install/my_first_package_msgs/share/my_first_package_msgs/cmake/export_my_first_package_msgs__rosidl_typesupport_fastrtps_cExport.cmake
[4.219s] -- Installing: /home/addinedu/ros2_ws/install/my_first_package_msgs/share/my_first_package_msgs/cmake/export_my_first_package_msgs__rosidl_typesupport_fastrtps_cExport-noconfig.cmake
[4.219s] -- Old export file "/home/addinedu/ros2_ws/install/my_first_package_msgs/share/my_first_package_msgs/cmake/my_first_package_msgs__rosidl_typesupport_introspection_cExport.cmake" will be replaced.  Removing files [/home/addinedu/ros2_ws/install/my_first_package_msgs/share/my_first_package_msgs/cmake/my_first_package_msgs__rosidl_typesupport_introspection_cExport-noconfig.cmake].
[4.219s] -- Installing: /home/addinedu/ros2_ws/install/my_first_package_msgs/share/my_first_package_msgs/cmake/my_first_package_msgs__rosidl_typesupport_introspection_cExport.cmake
[4.220s] -- Installing: /home/addinedu/ros2_ws/install/my_first_package_msgs/share/my_first_package_msgs/cmake/my_first_package_msgs__rosidl_typesupport_introspection_cExport-noconfig.cmake
[4.220s] -- Old export file "/home/addinedu/ros2_ws/install/my_first_package_msgs/share/my_first_package_msgs/cmake/my_first_package_msgs__rosidl_typesupport_cExport.cmake" will be replaced.  Removing files [/home/addinedu/ros2_ws/install/my_first_package_msgs/share/my_first_package_msgs/cmake/my_first_package_msgs__rosidl_typesupport_cExport-noconfig.cmake].
[4.220s] -- Installing: /home/addinedu/ros2_ws/install/my_first_package_msgs/share/my_first_package_msgs/cmake/my_first_package_msgs__rosidl_typesupport_cExport.cmake
[4.220s] -- Installing: /home/addinedu/ros2_ws/install/my_first_package_msgs/share/my_first_package_msgs/cmake/my_first_package_msgs__rosidl_typesupport_cExport-noconfig.cmake
[4.220s] -- Installing: /home/addinedu/ros2_ws/install/my_first_package_msgs/share/my_first_package_msgs/cmake/export_my_first_package_msgs__rosidl_generator_cppExport.cmake
[4.220s] -- Old export file "/home/addinedu/ros2_ws/install/my_first_package_msgs/share/my_first_package_msgs/cmake/export_my_first_package_msgs__rosidl_typesupport_fastrtps_cppExport.cmake" will be replaced.  Removing files [/home/addinedu/ros2_ws/install/my_first_package_msgs/share/my_first_package_msgs/cmake/export_my_first_package_msgs__rosidl_typesupport_fastrtps_cppExport-noconfig.cmake].
[4.220s] -- Installing: /home/addinedu/ros2_ws/install/my_first_package_msgs/share/my_first_package_msgs/cmake/export_my_first_package_msgs__rosidl_typesupport_fastrtps_cppExport.cmake
[4.220s] -- Installing: /home/addinedu/ros2_ws/install/my_first_package_msgs/share/my_first_package_msgs/cmake/export_my_first_package_msgs__rosidl_typesupport_fastrtps_cppExport-noconfig.cmake
[4.220s] -- Old export file "/home/addinedu/ros2_ws/install/my_first_package_msgs/share/my_first_package_msgs/cmake/my_first_package_msgs__rosidl_typesupport_introspection_cppExport.cmake" will be replaced.  Removing files [/home/addinedu/ros2_ws/install/my_first_package_msgs/share/my_first_package_msgs/cmake/my_first_package_msgs__rosidl_typesupport_introspection_cppExport-noconfig.cmake].
[4.220s] -- Installing: /home/addinedu/ros2_ws/install/my_first_package_msgs/share/my_first_package_msgs/cmake/my_first_package_msgs__rosidl_typesupport_introspection_cppExport.cmake
[4.220s] -- Installing: /home/addinedu/ros2_ws/install/my_first_package_msgs/share/my_first_package_msgs/cmake/my_first_package_msgs__rosidl_typesupport_introspection_cppExport-noconfig.cmake
[4.220s] -- Old export file "/home/addinedu/ros2_ws/install/my_first_package_msgs/share/my_first_package_msgs/cmake/my_first_package_msgs__rosidl_typesupport_cppExport.cmake" will be replaced.  Removing files [/home/addinedu/ros2_ws/install/my_first_package_msgs/share/my_first_package_msgs/cmake/my_first_package_msgs__rosidl_typesupport_cppExport-noconfig.cmake].
[4.221s] -- Installing: /home/addinedu/ros2_ws/install/my_first_package_msgs/share/my_first_package_msgs/cmake/my_first_package_msgs__rosidl_typesupport_cppExport.cmake
[4.221s] -- Installing: /home/addinedu/ros2_ws/install/my_first_package_msgs/share/my_first_package_msgs/cmake/my_first_package_msgs__rosidl_typesupport_cppExport-noconfig.cmake
[4.221s] -- Old export file "/home/addinedu/ros2_ws/install/my_first_package_msgs/share/my_first_package_msgs/cmake/export_my_first_package_msgs__rosidl_generator_pyExport.cmake" will be replaced.  Removing files [/home/addinedu/ros2_ws/install/my_first_package_msgs/share/my_first_package_msgs/cmake/export_my_first_package_msgs__rosidl_generator_pyExport-noconfig.cmake].
[4.221s] -- Installing: /home/addinedu/ros2_ws/install/my_first_package_msgs/share/my_first_package_msgs/cmake/export_my_first_package_msgs__rosidl_generator_pyExport.cmake
[4.221s] -- Installing: /home/addinedu/ros2_ws/install/my_first_package_msgs/share/my_first_package_msgs/cmake/export_my_first_package_msgs__rosidl_generator_pyExport-noconfig.cmake
[4.222s] Invoked command in '/home/addinedu/ros2_ws/build/my_first_package_msgs' returned '0': CMAKE_PREFIX_PATH=${CMAKE_PREFIX_PATH}:/home/addinedu/ros2_ws/install/my_first_package:/opt/ros/humble /usr/bin/cmake --install /home/addinedu/ros2_ws/build/my_first_package_msgs
