-- The C compiler identification is GNU 11.4.0
-- The CXX compiler identification is GNU 7.5.0
-- Detecting C compiler ABI info
-- Detecting C compiler ABI info - done
-- Check for working C compiler: /usr/bin/cc - skipped
-- Detecting C compile features
-- Detecting C compile features - done
-- Detecting CXX compiler ABI info
-- Detecting CXX compiler ABI info - done
-- Check for working CXX compiler: /usr/bin/c++ - skipped
-- Detecting CXX compile features
-- Detecting CXX compile features - done
-- Found ament_cmake: 1.3.9 (/opt/ros/humble/share/ament_cmake/cmake)
-- Found Python3: /home/addinedu/.pyenv/shims/python3 (found version "3.10.12") found components: Interpreter 
-- Override CMake install command with custom implementation using symlinks instead of copying resources
-- Found ament_lint_auto: 0.12.11 (/opt/ros/humble/share/ament_lint_auto/cmake)
-- Added test 'flake8' to check Python code syntax and style conventions
-- Added test 'lint_cmake' to check CMake code style
-- Added test 'pep257' to check Python code against some of the docstring style conventions in PEP 257
-- Added test 'xmllint' to check XML markup files
-- Configuring done
-- Generating done
-- Build files have been written to: /home/addinedu/urdf_study/build/urdf_study
-- Install configuration: ""
-- Installing: /home/addinedu/urdf_study/install/urdf_study/share/urdf_study/launch
-- Installing: /home/addinedu/urdf_study/install/urdf_study/share/urdf_study/launch/simple_display.launch.py
-- Installing: /home/addinedu/urdf_study/install/urdf_study/share/urdf_study/urdf
-- Installing: /home/addinedu/urdf_study/install/urdf_study/share/urdf_study/urdf/test.urdf
-- Installing: /home/addinedu/urdf_study/install/urdf_study/share/urdf_study/urdf/myfirst.urdf
-- Installing: /home/addinedu/urdf_study/install/urdf_study/share/urdf_study/urdf/pan_tilt.urdf
-- Installing: /home/addinedu/urdf_study/install/urdf_study/share/urdf_study/rviz
-- Installing: /home/addinedu/urdf_study/install/urdf_study/share/urdf_study/rviz/urdf.rviz
-- Execute custom install script
-- Symlinking: /home/addinedu/urdf_study/install/urdf_study/share/ament_index/resource_index/package_run_dependencies/urdf_study
-- Symlinking: /home/addinedu/urdf_study/install/urdf_study/share/ament_index/resource_index/parent_prefix_path/urdf_study
-- Symlinking: /home/addinedu/urdf_study/install/urdf_study/share/urdf_study/environment/ament_prefix_path.sh
-- Symlinking: /home/addinedu/urdf_study/install/urdf_study/share/urdf_study/environment/ament_prefix_path.dsv
-- Symlinking: /home/addinedu/urdf_study/install/urdf_study/share/urdf_study/environment/path.sh
-- Symlinking: /home/addinedu/urdf_study/install/urdf_study/share/urdf_study/environment/path.dsv
-- Symlinking: /home/addinedu/urdf_study/install/urdf_study/share/urdf_study/local_setup.bash
-- Symlinking: /home/addinedu/urdf_study/install/urdf_study/share/urdf_study/local_setup.sh
-- Symlinking: /home/addinedu/urdf_study/install/urdf_study/share/urdf_study/local_setup.zsh
-- Symlinking: /home/addinedu/urdf_study/install/urdf_study/share/urdf_study/local_setup.dsv
-- Symlinking: /home/addinedu/urdf_study/install/urdf_study/share/urdf_study/package.dsv
-- Symlinking: /home/addinedu/urdf_study/install/urdf_study/share/ament_index/resource_index/packages/urdf_study
-- Symlinking: /home/addinedu/urdf_study/install/urdf_study/share/urdf_study/cmake/urdf_studyConfig.cmake
-- Symlinking: /home/addinedu/urdf_study/install/urdf_study/share/urdf_study/cmake/urdf_studyConfig-version.cmake
-- Symlinking: /home/addinedu/urdf_study/install/urdf_study/share/urdf_study/package.xml
