[0.007s] Invoking command in '/home/addinedu/urdf_study/build/urdf_study': CMAKE_PREFIX_PATH=${CMAKE_PREFIX_PATH}:/opt/ros/humble /usr/bin/cmake /home/addinedu/urdf_study/src/urdf_study -DAMENT_CMAKE_SYMLINK_INSTALL=1 -DCMAKE_INSTALL_PREFIX=/home/addinedu/urdf_study/install/urdf_study
[0.045s] -- The C compiler identification is GNU 11.4.0
[0.081s] -- The CXX compiler identification is GNU 7.5.0
[0.086s] -- Detecting C compiler ABI info
[0.131s] -- Detecting C compiler ABI info - done
[0.137s] -- Check for working C compiler: /usr/bin/cc - skipped
[0.137s] -- Detecting C compile features
[0.137s] -- Detecting C compile features - done
[0.139s] -- Detecting CXX compiler ABI info
[0.192s] -- Detecting CXX compiler ABI info - done
[0.198s] -- Check for working CXX compiler: /usr/bin/c++ - skipped
[0.198s] -- Detecting CXX compile features
[0.199s] -- Detecting CXX compile features - done
[0.200s] -- Found ament_cmake: 1.3.9 (/opt/ros/humble/share/ament_cmake/cmake)
[0.620s] -- Found Python3: /home/addinedu/.pyenv/shims/python3 (found version "3.10.12") found components: Interpreter 
[0.690s] -- Override CMake install command with custom implementation using symlinks instead of copying resources
[0.704s] -- Found ament_lint_auto: 0.12.11 (/opt/ros/humble/share/ament_lint_auto/cmake)
[0.785s] -- Added test 'flake8' to check Python code syntax and style conventions
[0.786s] -- Added test 'lint_cmake' to check CMake code style
[0.786s] -- Added test 'pep257' to check Python code against some of the docstring style conventions in PEP 257
[0.787s] -- Added test 'xmllint' to check XML markup files
[0.788s] -- Configuring done
[0.789s] -- Generating done
[0.790s] -- Build files have been written to: /home/addinedu/urdf_study/build/urdf_study
[0.793s] Invoked command in '/home/addinedu/urdf_study/build/urdf_study' returned '0': CMAKE_PREFIX_PATH=${CMAKE_PREFIX_PATH}:/opt/ros/humble /usr/bin/cmake /home/addinedu/urdf_study/src/urdf_study -DAMENT_CMAKE_SYMLINK_INSTALL=1 -DCMAKE_INSTALL_PREFIX=/home/addinedu/urdf_study/install/urdf_study
[0.795s] Invoking command in '/home/addinedu/urdf_study/build/urdf_study': CMAKE_PREFIX_PATH=${CMAKE_PREFIX_PATH}:/opt/ros/humble /usr/bin/cmake --build /home/addinedu/urdf_study/build/urdf_study -- -j12 -l12
[0.826s] Invoked command in '/home/addinedu/urdf_study/build/urdf_study' returned '0': CMAKE_PREFIX_PATH=${CMAKE_PREFIX_PATH}:/opt/ros/humble /usr/bin/cmake --build /home/addinedu/urdf_study/build/urdf_study -- -j12 -l12
[0.847s] Invoking command in '/home/addinedu/urdf_study/build/urdf_study': CMAKE_PREFIX_PATH=${CMAKE_PREFIX_PATH}:/opt/ros/humble /usr/bin/cmake --install /home/addinedu/urdf_study/build/urdf_study
[0.851s] -- Install configuration: ""
[0.851s] -- Installing: /home/addinedu/urdf_study/install/urdf_study/share/urdf_study/launch
[0.852s] -- Installing: /home/addinedu/urdf_study/install/urdf_study/share/urdf_study/launch/simple_display.launch.py
[0.852s] -- Installing: /home/addinedu/urdf_study/install/urdf_study/share/urdf_study/urdf
[0.852s] -- Installing: /home/addinedu/urdf_study/install/urdf_study/share/urdf_study/urdf/test.urdf
[0.852s] -- Installing: /home/addinedu/urdf_study/install/urdf_study/share/urdf_study/urdf/myfirst.urdf
[0.852s] -- Installing: /home/addinedu/urdf_study/install/urdf_study/share/urdf_study/urdf/pan_tilt.urdf
[0.852s] -- Installing: /home/addinedu/urdf_study/install/urdf_study/share/urdf_study/rviz
[0.852s] -- Installing: /home/addinedu/urdf_study/install/urdf_study/share/urdf_study/rviz/urdf.rviz
[0.852s] -- Execute custom install script
[0.852s] -- Symlinking: /home/addinedu/urdf_study/install/urdf_study/share/ament_index/resource_index/package_run_dependencies/urdf_study
[0.858s] -- Symlinking: /home/addinedu/urdf_study/install/urdf_study/share/ament_index/resource_index/parent_prefix_path/urdf_study
[0.864s] -- Symlinking: /home/addinedu/urdf_study/install/urdf_study/share/urdf_study/environment/ament_prefix_path.sh
[0.870s] -- Symlinking: /home/addinedu/urdf_study/install/urdf_study/share/urdf_study/environment/ament_prefix_path.dsv
[0.875s] -- Symlinking: /home/addinedu/urdf_study/install/urdf_study/share/urdf_study/environment/path.sh
[0.881s] -- Symlinking: /home/addinedu/urdf_study/install/urdf_study/share/urdf_study/environment/path.dsv
[0.887s] -- Symlinking: /home/addinedu/urdf_study/install/urdf_study/share/urdf_study/local_setup.bash
[0.892s] -- Symlinking: /home/addinedu/urdf_study/install/urdf_study/share/urdf_study/local_setup.sh
[0.898s] -- Symlinking: /home/addinedu/urdf_study/install/urdf_study/share/urdf_study/local_setup.zsh
[0.903s] -- Symlinking: /home/addinedu/urdf_study/install/urdf_study/share/urdf_study/local_setup.dsv
[0.909s] -- Symlinking: /home/addinedu/urdf_study/install/urdf_study/share/urdf_study/package.dsv
[0.915s] -- Symlinking: /home/addinedu/urdf_study/install/urdf_study/share/ament_index/resource_index/packages/urdf_study
[0.920s] -- Symlinking: /home/addinedu/urdf_study/install/urdf_study/share/urdf_study/cmake/urdf_studyConfig.cmake
[0.926s] -- Symlinking: /home/addinedu/urdf_study/install/urdf_study/share/urdf_study/cmake/urdf_studyConfig-version.cmake
[0.932s] -- Symlinking: /home/addinedu/urdf_study/install/urdf_study/share/urdf_study/package.xml
[0.939s] Invoked command in '/home/addinedu/urdf_study/build/urdf_study' returned '0': CMAKE_PREFIX_PATH=${CMAKE_PREFIX_PATH}:/opt/ros/humble /usr/bin/cmake --install /home/addinedu/urdf_study/build/urdf_study
