running develop
/home/addinedu/.local/lib/python3.10/site-packages/setuptools/command/develop.py:42: EasyInstallDeprecationWarning: easy_install command is deprecated.
!!

        ********************************************************************************
        Please avoid running ``setup.py`` and ``easy_install``.
        Instead, use pypa/build, pypa/installer or other
        standards-based tools.

        See https://github.com/pypa/setuptools/issues/917 for details.
        ********************************************************************************

!!
  easy_install.initialize_options(self)
running egg_info
writing my_first_package.egg-info/PKG-INFO
writing dependency_links to my_first_package.egg-info/dependency_links.txt
writing entry points to my_first_package.egg-info/entry_points.txt
writing requirements to my_first_package.egg-info/requires.txt
writing top-level names to my_first_package.egg-info/top_level.txt
reading manifest file 'my_first_package.egg-info/SOURCES.txt'
writing manifest file 'my_first_package.egg-info/SOURCES.txt'
running build_ext
Creating /home/addinedu/ros2_ws/install/my_first_package/lib/python3.10/site-packages/my-first-package.egg-link (link to .)
Installing my_first_node script to /home/addinedu/ros2_ws/install/my_first_package/lib/my_first_package
Installing my_publisher script to /home/addinedu/ros2_ws/install/my_first_package/lib/my_first_package
Installing my_subscriber script to /home/addinedu/ros2_ws/install/my_first_package/lib/my_first_package
Installing turtle_cmd_and_pose script to /home/addinedu/ros2_ws/install/my_first_package/lib/my_first_package

Installed /home/addinedu/ros2_ws/build/my_first_package
running symlink_data
symbolically linking /home/addinedu/ros2_ws/build/my_first_package/resource/my_first_package -> /home/addinedu/ros2_ws/install/my_first_package/share/ament_index/resource_index/packages
symbolically linking /home/addinedu/ros2_ws/build/my_first_package/package.xml -> /home/addinedu/ros2_ws/install/my_first_package/share/my_first_package
