[0.688s] Invoking command in '/home/addinedu/ros2_ws/src/my_first_package': PYTHONPATH=/home/addinedu/ros2_ws/build/my_first_package/prefix_override:/home/addinedu/ros2_ws/install/my_first_package/lib/python3.10/site-packages:${PYTHONPATH} /usr/bin/python3 -W ignore:setup.py install is deprecated setup.py egg_info --egg-base ../../build/my_first_package build --build-base /home/addinedu/ros2_ws/build/my_first_package/build install --record /home/addinedu/ros2_ws/build/my_first_package/install.log --single-version-externally-managed install_data
[0.919s] running egg_info
[0.937s] writing ../../build/my_first_package/my_first_package.egg-info/PKG-INFO
[0.937s] writing dependency_links to ../../build/my_first_package/my_first_package.egg-info/dependency_links.txt
[0.937s] writing entry points to ../../build/my_first_package/my_first_package.egg-info/entry_points.txt
[0.938s] writing requirements to ../../build/my_first_package/my_first_package.egg-info/requires.txt
[0.938s] writing top-level names to ../../build/my_first_package/my_first_package.egg-info/top_level.txt
[1.067s] reading manifest file '../../build/my_first_package/my_first_package.egg-info/SOURCES.txt'
[1.068s] writing manifest file '../../build/my_first_package/my_first_package.egg-info/SOURCES.txt'
[1.068s] running build
[1.068s] running build_py
[1.068s] copying my_first_package/my_publisher.py -> /home/addinedu/ros2_ws/build/my_first_package/build/lib/my_first_package
[1.068s] copying my_first_package/my_first_node.py -> /home/addinedu/ros2_ws/build/my_first_package/build/lib/my_first_package
[1.068s] copying my_first_package/turtle_cmd_and_pose.py -> /home/addinedu/ros2_ws/build/my_first_package/build/lib/my_first_package
[1.068s] copying my_first_package/my_service_server.py -> /home/addinedu/ros2_ws/build/my_first_package/build/lib/my_first_package
[1.069s] copying my_first_package/__init__.py -> /home/addinedu/ros2_ws/build/my_first_package/build/lib/my_first_package
[1.069s] copying my_first_package/my_subscriber.py -> /home/addinedu/ros2_ws/build/my_first_package/build/lib/my_first_package
[1.069s] running install
[1.074s] running install_lib
[1.089s] copying /home/addinedu/ros2_ws/build/my_first_package/build/lib/my_first_package/my_service_server.py -> /home/addinedu/ros2_ws/install/my_first_package/lib/python3.10/site-packages/my_first_package
[1.090s] byte-compiling /home/addinedu/ros2_ws/install/my_first_package/lib/python3.10/site-packages/my_first_package/my_service_server.py to my_service_server.cpython-310.pyc
[1.090s] running install_data
[1.090s] copying resource/my_first_package -> /home/addinedu/ros2_ws/install/my_first_package/share/ament_index/resource_index/packages
[1.091s] copying package.xml -> /home/addinedu/ros2_ws/install/my_first_package/share/my_first_package
[1.091s] running install_egg_info
[1.107s] removing '/home/addinedu/ros2_ws/install/my_first_package/lib/python3.10/site-packages/my_first_package-0.0.0-py3.10.egg-info' (and everything under it)
[1.107s] Copying ../../build/my_first_package/my_first_package.egg-info to /home/addinedu/ros2_ws/install/my_first_package/lib/python3.10/site-packages/my_first_package-0.0.0-py3.10.egg-info
[1.108s] running install_scripts
[1.145s] Installing my_first_node script to /home/addinedu/ros2_ws/install/my_first_package/lib/my_first_package
[1.145s] Installing my_publisher script to /home/addinedu/ros2_ws/install/my_first_package/lib/my_first_package
[1.145s] Installing my_service_server script to /home/addinedu/ros2_ws/install/my_first_package/lib/my_first_package
[1.145s] Installing my_subscriber script to /home/addinedu/ros2_ws/install/my_first_package/lib/my_first_package
[1.146s] Installing turtle_cmd_and_pose script to /home/addinedu/ros2_ws/install/my_first_package/lib/my_first_package
[1.146s] writing list of installed files to '/home/addinedu/ros2_ws/build/my_first_package/install.log'
[1.164s] Invoked command in '/home/addinedu/ros2_ws/src/my_first_package' returned '0': PYTHONPATH=/home/addinedu/ros2_ws/build/my_first_package/prefix_override:/home/addinedu/ros2_ws/install/my_first_package/lib/python3.10/site-packages:${PYTHONPATH} /usr/bin/python3 -W ignore:setup.py install is deprecated setup.py egg_info --egg-base ../../build/my_first_package build --build-base /home/addinedu/ros2_ws/build/my_first_package/build install --record /home/addinedu/ros2_ws/build/my_first_package/install.log --single-version-externally-managed install_data
