[0.640s] Invoking command in '/home/addinedu/ros2_ws/src/my_first_package': PYTHONPATH=/home/addinedu/ros2_ws/build/my_first_package/prefix_override:/home/addinedu/ros2_ws/install/my_first_package/lib/python3.10/site-packages:${PYTHONPATH} /usr/bin/python3 -W ignore:setup.py install is deprecated setup.py egg_info --egg-base ../../build/my_first_package build --build-base /home/addinedu/ros2_ws/build/my_first_package/build install --record /home/addinedu/ros2_ws/build/my_first_package/install.log --single-version-externally-managed install_data
[0.850s] running egg_info
[0.850s] creating ../../build/my_first_package/my_first_package.egg-info
[0.865s] writing ../../build/my_first_package/my_first_package.egg-info/PKG-INFO
[0.865s] writing dependency_links to ../../build/my_first_package/my_first_package.egg-info/dependency_links.txt
[0.865s] writing entry points to ../../build/my_first_package/my_first_package.egg-info/entry_points.txt
[0.865s] writing requirements to ../../build/my_first_package/my_first_package.egg-info/requires.txt
[0.865s] writing top-level names to ../../build/my_first_package/my_first_package.egg-info/top_level.txt
[0.956s] writing manifest file '../../build/my_first_package/my_first_package.egg-info/SOURCES.txt'
[0.986s] reading manifest file '../../build/my_first_package/my_first_package.egg-info/SOURCES.txt'
[0.987s] writing manifest file '../../build/my_first_package/my_first_package.egg-info/SOURCES.txt'
[0.987s] running build
[0.987s] running build_py
[0.987s] creating /home/addinedu/ros2_ws/build/my_first_package/build
[0.987s] creating /home/addinedu/ros2_ws/build/my_first_package/build/lib
[0.988s] creating /home/addinedu/ros2_ws/build/my_first_package/build/lib/my_first_package
[0.988s] copying my_first_package/my_publisher.py -> /home/addinedu/ros2_ws/build/my_first_package/build/lib/my_first_package
[0.988s] copying my_first_package/my_first_node.py -> /home/addinedu/ros2_ws/build/my_first_package/build/lib/my_first_package
[0.988s] copying my_first_package/__init__.py -> /home/addinedu/ros2_ws/build/my_first_package/build/lib/my_first_package
[0.988s] copying my_first_package/my_subscriber.py -> /home/addinedu/ros2_ws/build/my_first_package/build/lib/my_first_package
[0.988s] running install
[0.992s] running install_lib
[1.008s] creating /home/addinedu/ros2_ws/install/my_first_package/lib/python3.10/site-packages/my_first_package
[1.009s] copying /home/addinedu/ros2_ws/build/my_first_package/build/lib/my_first_package/my_publisher.py -> /home/addinedu/ros2_ws/install/my_first_package/lib/python3.10/site-packages/my_first_package
[1.009s] copying /home/addinedu/ros2_ws/build/my_first_package/build/lib/my_first_package/my_first_node.py -> /home/addinedu/ros2_ws/install/my_first_package/lib/python3.10/site-packages/my_first_package
[1.009s] copying /home/addinedu/ros2_ws/build/my_first_package/build/lib/my_first_package/__init__.py -> /home/addinedu/ros2_ws/install/my_first_package/lib/python3.10/site-packages/my_first_package
[1.009s] copying /home/addinedu/ros2_ws/build/my_first_package/build/lib/my_first_package/my_subscriber.py -> /home/addinedu/ros2_ws/install/my_first_package/lib/python3.10/site-packages/my_first_package
[1.009s] byte-compiling /home/addinedu/ros2_ws/install/my_first_package/lib/python3.10/site-packages/my_first_package/my_publisher.py to my_publisher.cpython-310.pyc
[1.010s] byte-compiling /home/addinedu/ros2_ws/install/my_first_package/lib/python3.10/site-packages/my_first_package/my_first_node.py to my_first_node.cpython-310.pyc
[1.010s] byte-compiling /home/addinedu/ros2_ws/install/my_first_package/lib/python3.10/site-packages/my_first_package/__init__.py to __init__.cpython-310.pyc
[1.010s] byte-compiling /home/addinedu/ros2_ws/install/my_first_package/lib/python3.10/site-packages/my_first_package/my_subscriber.py to my_subscriber.cpython-310.pyc
[1.010s] running install_data
[1.010s] creating /home/addinedu/ros2_ws/install/my_first_package/share/ament_index
[1.011s] creating /home/addinedu/ros2_ws/install/my_first_package/share/ament_index/resource_index
[1.011s] creating /home/addinedu/ros2_ws/install/my_first_package/share/ament_index/resource_index/packages
[1.011s] copying resource/my_first_package -> /home/addinedu/ros2_ws/install/my_first_package/share/ament_index/resource_index/packages
[1.011s] copying package.xml -> /home/addinedu/ros2_ws/install/my_first_package/share/my_first_package
[1.011s] running install_egg_info
[1.027s] Copying ../../build/my_first_package/my_first_package.egg-info to /home/addinedu/ros2_ws/install/my_first_package/lib/python3.10/site-packages/my_first_package-0.0.0-py3.10.egg-info
[1.027s] running install_scripts
[1.063s] Installing my_first_node script to /home/addinedu/ros2_ws/install/my_first_package/lib/my_first_package
[1.064s] Installing my_publisher script to /home/addinedu/ros2_ws/install/my_first_package/lib/my_first_package
[1.064s] Installing my_subscriber script to /home/addinedu/ros2_ws/install/my_first_package/lib/my_first_package
[1.064s] writing list of installed files to '/home/addinedu/ros2_ws/build/my_first_package/install.log'
[1.081s] Invoked command in '/home/addinedu/ros2_ws/src/my_first_package' returned '0': PYTHONPATH=/home/addinedu/ros2_ws/build/my_first_package/prefix_override:/home/addinedu/ros2_ws/install/my_first_package/lib/python3.10/site-packages:${PYTHONPATH} /usr/bin/python3 -W ignore:setup.py install is deprecated setup.py egg_info --egg-base ../../build/my_first_package build --build-base /home/addinedu/ros2_ws/build/my_first_package/build install --record /home/addinedu/ros2_ws/build/my_first_package/install.log --single-version-externally-managed install_data
