[0.085s] DEBUG:colcon:Command line arguments: ['/usr/bin/colcon', 'build', '--symlink-install']
[0.085s] DEBUG:colcon:Parsed command line arguments: Namespace(log_base=None, log_level=None, verb_name='build', build_base='build', install_base='install', merge_install=False, symlink_install=True, test_result_base=None, continue_on_error=False, executor='parallel', parallel_workers=12, event_handlers=None, ignore_user_meta=False, metas=['./colcon.meta'], base_paths=['.'], packages_ignore=None, packages_ignore_regex=None, paths=None, packages_up_to=None, packages_up_to_regex=None, packages_above=None, packages_above_and_dependencies=None, packages_above_depth=None, packages_select_by_dep=None, packages_skip_by_dep=None, packages_skip_up_to=None, packages_select_build_failed=False, packages_skip_build_finished=False, packages_select_test_failures=False, packages_skip_test_passed=False, packages_select=None, packages_skip=None, packages_select_regex=None, packages_skip_regex=None, packages_start=None, packages_end=None, allow_overriding=[], cmake_args=None, cmake_target=None, cmake_target_skip_unavailable=False, cmake_clean_cache=False, cmake_clean_first=False, cmake_force_configure=False, ament_cmake_args=None, catkin_cmake_args=None, catkin_skip_building_tests=False, mixin_files=None, mixin=None, verb_parser=<colcon_mixin.mixin.mixin_argument.MixinArgumentDecorator object at 0x71d2af36c9d0>, verb_extension=<colcon_core.verb.build.BuildVerb object at 0x71d2af475090>, main=<bound method BuildVerb.main of <colcon_core.verb.build.BuildVerb object at 0x71d2af475090>>, mixin_verb=('build',))
[0.114s] Level 1:colcon.colcon_core.package_discovery:discover_packages(colcon_meta) check parameters
[0.114s] Level 1:colcon.colcon_core.package_discovery:discover_packages(recursive) check parameters
[0.114s] Level 1:colcon.colcon_core.package_discovery:discover_packages(ignore) check parameters
[0.114s] Level 1:colcon.colcon_core.package_discovery:discover_packages(path) check parameters
[0.114s] Level 1:colcon.colcon_core.package_discovery:discover_packages(colcon_meta) discover
[0.114s] Level 1:colcon.colcon_core.package_discovery:discover_packages(recursive) discover
[0.114s] INFO:colcon.colcon_core.package_discovery:Crawling recursively for packages in '/home/addinedu/ros2_ws'
[0.114s] Level 1:colcon.colcon_core.package_identification:_identify(.) by extensions ['ignore', 'ignore_ament_install']
[0.114s] Level 1:colcon.colcon_core.package_identification:_identify(.) by extension 'ignore'
[0.114s] Level 1:colcon.colcon_core.package_identification:_identify(.) by extension 'ignore_ament_install'
[0.114s] Level 1:colcon.colcon_core.package_identification:_identify(.) by extensions ['colcon_pkg']
[0.114s] Level 1:colcon.colcon_core.package_identification:_identify(.) by extension 'colcon_pkg'
[0.114s] Level 1:colcon.colcon_core.package_identification:_identify(.) by extensions ['colcon_meta']
[0.114s] Level 1:colcon.colcon_core.package_identification:_identify(.) by extension 'colcon_meta'
[0.114s] Level 1:colcon.colcon_core.package_identification:_identify(.) by extensions ['ros']
[0.114s] Level 1:colcon.colcon_core.package_identification:_identify(.) by extension 'ros'
[0.125s] Level 1:colcon.colcon_core.package_identification:_identify(.) by extensions ['cmake', 'python']
[0.125s] Level 1:colcon.colcon_core.package_identification:_identify(.) by extension 'cmake'
[0.125s] Level 1:colcon.colcon_core.package_identification:_identify(.) by extension 'python'
[0.125s] Level 1:colcon.colcon_core.package_identification:_identify(.) by extensions ['python_setup_py']
[0.126s] Level 1:colcon.colcon_core.package_identification:_identify(.) by extension 'python_setup_py'
[0.126s] Level 1:colcon.colcon_core.package_identification:_identify(build) by extensions ['ignore', 'ignore_ament_install']
[0.126s] Level 1:colcon.colcon_core.package_identification:_identify(build) by extension 'ignore'
[0.126s] Level 1:colcon.colcon_core.package_identification:_identify(build) ignored
[0.126s] Level 1:colcon.colcon_core.package_identification:_identify(install) by extensions ['ignore', 'ignore_ament_install']
[0.126s] Level 1:colcon.colcon_core.package_identification:_identify(install) by extension 'ignore'
[0.126s] Level 1:colcon.colcon_core.package_identification:_identify(install) ignored
[0.126s] Level 1:colcon.colcon_core.package_identification:_identify(log) by extensions ['ignore', 'ignore_ament_install']
[0.126s] Level 1:colcon.colcon_core.package_identification:_identify(log) by extension 'ignore'
[0.126s] Level 1:colcon.colcon_core.package_identification:_identify(log) ignored
[0.126s] Level 1:colcon.colcon_core.package_identification:_identify(src) by extensions ['ignore', 'ignore_ament_install']
[0.126s] Level 1:colcon.colcon_core.package_identification:_identify(src) by extension 'ignore'
[0.126s] Level 1:colcon.colcon_core.package_identification:_identify(src) by extension 'ignore_ament_install'
[0.127s] Level 1:colcon.colcon_core.package_identification:_identify(src) by extensions ['colcon_pkg']
[0.127s] Level 1:colcon.colcon_core.package_identification:_identify(src) by extension 'colcon_pkg'
[0.127s] Level 1:colcon.colcon_core.package_identification:_identify(src) by extensions ['colcon_meta']
[0.127s] Level 1:colcon.colcon_core.package_identification:_identify(src) by extension 'colcon_meta'
[0.127s] Level 1:colcon.colcon_core.package_identification:_identify(src) by extensions ['ros']
[0.127s] Level 1:colcon.colcon_core.package_identification:_identify(src) by extension 'ros'
[0.127s] Level 1:colcon.colcon_core.package_identification:_identify(src) by extensions ['cmake', 'python']
[0.127s] Level 1:colcon.colcon_core.package_identification:_identify(src) by extension 'cmake'
[0.127s] Level 1:colcon.colcon_core.package_identification:_identify(src) by extension 'python'
[0.127s] Level 1:colcon.colcon_core.package_identification:_identify(src) by extensions ['python_setup_py']
[0.127s] Level 1:colcon.colcon_core.package_identification:_identify(src) by extension 'python_setup_py'
[0.127s] Level 1:colcon.colcon_core.package_identification:_identify(src/my_first_package) by extensions ['ignore', 'ignore_ament_install']
[0.127s] Level 1:colcon.colcon_core.package_identification:_identify(src/my_first_package) by extension 'ignore'
[0.127s] Level 1:colcon.colcon_core.package_identification:_identify(src/my_first_package) by extension 'ignore_ament_install'
[0.127s] Level 1:colcon.colcon_core.package_identification:_identify(src/my_first_package) by extensions ['colcon_pkg']
[0.127s] Level 1:colcon.colcon_core.package_identification:_identify(src/my_first_package) by extension 'colcon_pkg'
[0.127s] Level 1:colcon.colcon_core.package_identification:_identify(src/my_first_package) by extensions ['colcon_meta']
[0.127s] Level 1:colcon.colcon_core.package_identification:_identify(src/my_first_package) by extension 'colcon_meta'
[0.127s] Level 1:colcon.colcon_core.package_identification:_identify(src/my_first_package) by extensions ['ros']
[0.127s] Level 1:colcon.colcon_core.package_identification:_identify(src/my_first_package) by extension 'ros'
[0.129s] DEBUG:colcon.colcon_core.package_identification:Package 'src/my_first_package' with type 'ros.ament_python' and name 'my_first_package'
[0.129s] Level 1:colcon.colcon_core.package_identification:_identify(src/my_first_package_msgs) by extensions ['ignore', 'ignore_ament_install']
[0.129s] Level 1:colcon.colcon_core.package_identification:_identify(src/my_first_package_msgs) by extension 'ignore'
[0.129s] Level 1:colcon.colcon_core.package_identification:_identify(src/my_first_package_msgs) by extension 'ignore_ament_install'
[0.129s] Level 1:colcon.colcon_core.package_identification:_identify(src/my_first_package_msgs) by extensions ['colcon_pkg']
[0.129s] Level 1:colcon.colcon_core.package_identification:_identify(src/my_first_package_msgs) by extension 'colcon_pkg'
[0.129s] Level 1:colcon.colcon_core.package_identification:_identify(src/my_first_package_msgs) by extensions ['colcon_meta']
[0.129s] Level 1:colcon.colcon_core.package_identification:_identify(src/my_first_package_msgs) by extension 'colcon_meta'
[0.129s] Level 1:colcon.colcon_core.package_identification:_identify(src/my_first_package_msgs) by extensions ['ros']
[0.129s] Level 1:colcon.colcon_core.package_identification:_identify(src/my_first_package_msgs) by extension 'ros'
[0.130s] DEBUG:colcon.colcon_core.package_identification:Package 'src/my_first_package_msgs' with type 'ros.ament_cmake' and name 'my_first_package_msgs'
[0.130s] Level 1:colcon.colcon_core.package_discovery:discover_packages(recursive) using defaults
[0.130s] Level 1:colcon.colcon_core.package_discovery:discover_packages(ignore) discover
[0.130s] Level 1:colcon.colcon_core.package_discovery:discover_packages(ignore) using defaults
[0.130s] Level 1:colcon.colcon_core.package_discovery:discover_packages(path) discover
[0.130s] Level 1:colcon.colcon_core.package_discovery:discover_packages(path) using defaults
[0.144s] Level 1:colcon.colcon_core.package_discovery:discover_packages(prefix_path) check parameters
[0.144s] Level 1:colcon.colcon_core.package_discovery:discover_packages(prefix_path) discover
[0.146s] DEBUG:colcon.colcon_installed_package_information.package_discovery:Found 2 installed packages in /home/addinedu/ros2_ws/install
[0.146s] DEBUG:colcon.colcon_installed_package_information.package_discovery:Found 270 installed packages in /opt/ros/humble
[0.147s] Level 1:colcon.colcon_core.package_discovery:discover_packages(prefix_path) using defaults
[0.175s] Level 5:colcon.colcon_core.verb:set package 'my_first_package' build argument 'cmake_args' from command line to 'None'
[0.175s] Level 5:colcon.colcon_core.verb:set package 'my_first_package' build argument 'cmake_target' from command line to 'None'
[0.175s] Level 5:colcon.colcon_core.verb:set package 'my_first_package' build argument 'cmake_target_skip_unavailable' from command line to 'False'
[0.175s] Level 5:colcon.colcon_core.verb:set package 'my_first_package' build argument 'cmake_clean_cache' from command line to 'False'
[0.175s] Level 5:colcon.colcon_core.verb:set package 'my_first_package' build argument 'cmake_clean_first' from command line to 'False'
[0.175s] Level 5:colcon.colcon_core.verb:set package 'my_first_package' build argument 'cmake_force_configure' from command line to 'False'
[0.175s] Level 5:colcon.colcon_core.verb:set package 'my_first_package' build argument 'ament_cmake_args' from command line to 'None'
[0.175s] Level 5:colcon.colcon_core.verb:set package 'my_first_package' build argument 'catkin_cmake_args' from command line to 'None'
[0.175s] Level 5:colcon.colcon_core.verb:set package 'my_first_package' build argument 'catkin_skip_building_tests' from command line to 'False'
[0.175s] DEBUG:colcon.colcon_core.verb:Building package 'my_first_package' with the following arguments: {'ament_cmake_args': None, 'build_base': '/home/addinedu/ros2_ws/build/my_first_package', 'catkin_cmake_args': None, 'catkin_skip_building_tests': False, 'cmake_args': None, 'cmake_clean_cache': False, 'cmake_clean_first': False, 'cmake_force_configure': False, 'cmake_target': None, 'cmake_target_skip_unavailable': False, 'install_base': '/home/addinedu/ros2_ws/install/my_first_package', 'merge_install': False, 'path': '/home/addinedu/ros2_ws/src/my_first_package', 'symlink_install': True, 'test_result_base': None}
[0.175s] Level 5:colcon.colcon_core.verb:set package 'my_first_package_msgs' build argument 'cmake_args' from command line to 'None'
[0.175s] Level 5:colcon.colcon_core.verb:set package 'my_first_package_msgs' build argument 'cmake_target' from command line to 'None'
[0.176s] Level 5:colcon.colcon_core.verb:set package 'my_first_package_msgs' build argument 'cmake_target_skip_unavailable' from command line to 'False'
[0.176s] Level 5:colcon.colcon_core.verb:set package 'my_first_package_msgs' build argument 'cmake_clean_cache' from command line to 'False'
[0.176s] Level 5:colcon.colcon_core.verb:set package 'my_first_package_msgs' build argument 'cmake_clean_first' from command line to 'False'
[0.176s] Level 5:colcon.colcon_core.verb:set package 'my_first_package_msgs' build argument 'cmake_force_configure' from command line to 'False'
[0.176s] Level 5:colcon.colcon_core.verb:set package 'my_first_package_msgs' build argument 'ament_cmake_args' from command line to 'None'
[0.176s] Level 5:colcon.colcon_core.verb:set package 'my_first_package_msgs' build argument 'catkin_cmake_args' from command line to 'None'
[0.176s] Level 5:colcon.colcon_core.verb:set package 'my_first_package_msgs' build argument 'catkin_skip_building_tests' from command line to 'False'
[0.176s] DEBUG:colcon.colcon_core.verb:Building package 'my_first_package_msgs' with the following arguments: {'ament_cmake_args': None, 'build_base': '/home/addinedu/ros2_ws/build/my_first_package_msgs', 'catkin_cmake_args': None, 'catkin_skip_building_tests': False, 'cmake_args': None, 'cmake_clean_cache': False, 'cmake_clean_first': False, 'cmake_force_configure': False, 'cmake_target': None, 'cmake_target_skip_unavailable': False, 'install_base': '/home/addinedu/ros2_ws/install/my_first_package_msgs', 'merge_install': False, 'path': '/home/addinedu/ros2_ws/src/my_first_package_msgs', 'symlink_install': True, 'test_result_base': None}
[0.176s] INFO:colcon.colcon_core.executor:Executing jobs using 'parallel' executor
[0.177s] DEBUG:colcon.colcon_parallel_executor.executor.parallel:run_until_complete
[0.177s] INFO:colcon.colcon_ros.task.ament_python.build:Building ROS package in '/home/addinedu/ros2_ws/src/my_first_package' with build type 'ament_python'
[0.177s] Level 1:colcon.colcon_core.shell:create_environment_hook('my_first_package', 'ament_prefix_path')
[0.179s] INFO:colcon.colcon_core.plugin_system:Skipping extension 'colcon_core.shell.bat': Not used on non-Windows systems
[0.179s] INFO:colcon.colcon_core.shell:Creating environment hook '/home/addinedu/ros2_ws/install/my_first_package/share/my_first_package/hook/ament_prefix_path.ps1'
[0.179s] INFO:colcon.colcon_core.shell:Creating environment descriptor '/home/addinedu/ros2_ws/install/my_first_package/share/my_first_package/hook/ament_prefix_path.dsv'
[0.180s] INFO:colcon.colcon_core.shell:Creating environment hook '/home/addinedu/ros2_ws/install/my_first_package/share/my_first_package/hook/ament_prefix_path.sh'
[0.180s] INFO:colcon.colcon_core.shell:Skip shell extension 'powershell' for command environment: Not usable outside of PowerShell
[0.180s] DEBUG:colcon.colcon_core.shell:Skip shell extension 'dsv' for command environment
[0.182s] INFO:colcon.colcon_ros.task.ament_cmake.build:Building ROS package in '/home/addinedu/ros2_ws/src/my_first_package_msgs' with build type 'ament_cmake'
[0.182s] INFO:colcon.colcon_cmake.task.cmake.build:Building CMake package in '/home/addinedu/ros2_ws/src/my_first_package_msgs'
[0.183s] INFO:colcon.colcon_core.shell:Skip shell extension 'powershell' for command environment: Not usable outside of PowerShell
[0.183s] DEBUG:colcon.colcon_core.shell:Skip shell extension 'dsv' for command environment
[0.350s] INFO:colcon.colcon_core.task.python.build:Building Python package in '/home/addinedu/ros2_ws/src/my_first_package'
[0.351s] INFO:colcon.colcon_core.shell:Skip shell extension 'powershell' for command environment: Not usable outside of PowerShell
[0.351s] DEBUG:colcon.colcon_core.shell:Skip shell extension 'dsv' for command environment
[0.356s] DEBUG:colcon.colcon_core.event_handler.log_command:Invoking command in '/home/addinedu/ros2_ws/build/my_first_package_msgs': CMAKE_PREFIX_PATH=${CMAKE_PREFIX_PATH}:/home/addinedu/ros2_ws/install/my_first_package:/opt/ros/humble /usr/bin/cmake /home/addinedu/ros2_ws/src/my_first_package_msgs -DAMENT_CMAKE_SYMLINK_INSTALL=1 -DCMAKE_INSTALL_PREFIX=/home/addinedu/ros2_ws/install/my_first_package_msgs
[0.873s] DEBUG:colcon.colcon_core.task.python.build:While undoing a previous installation files outside the Python library path are being ignored: /home/addinedu/ros2_ws/install/my_first_package/share/ament_index/resource_index/packages/my_first_package
[0.873s] DEBUG:colcon.colcon_core.task.python.build:While undoing a previous installation files outside the Python library path are being ignored: /home/addinedu/ros2_ws/install/my_first_package/share/my_first_package/package.xml
[0.873s] DEBUG:colcon.colcon_core.task.python.build:While undoing a previous installation files outside the Python library path are being ignored: /home/addinedu/ros2_ws/install/my_first_package/lib/my_first_package/dist_turtle_action_server
[0.873s] DEBUG:colcon.colcon_core.task.python.build:While undoing a previous installation files outside the Python library path are being ignored: /home/addinedu/ros2_ws/install/my_first_package/lib/my_first_package/my_first_node
[0.873s] DEBUG:colcon.colcon_core.task.python.build:While undoing a previous installation files outside the Python library path are being ignored: /home/addinedu/ros2_ws/install/my_first_package/lib/my_first_package/my_multi_thread
[0.873s] DEBUG:colcon.colcon_core.task.python.build:While undoing a previous installation files outside the Python library path are being ignored: /home/addinedu/ros2_ws/install/my_first_package/lib/my_first_package/my_publisher
[0.873s] DEBUG:colcon.colcon_core.task.python.build:While undoing a previous installation files outside the Python library path are being ignored: /home/addinedu/ros2_ws/install/my_first_package/lib/my_first_package/my_service_server
[0.873s] DEBUG:colcon.colcon_core.task.python.build:While undoing a previous installation files outside the Python library path are being ignored: /home/addinedu/ros2_ws/install/my_first_package/lib/my_first_package/my_subscriber
[0.873s] DEBUG:colcon.colcon_core.task.python.build:While undoing a previous installation files outside the Python library path are being ignored: /home/addinedu/ros2_ws/install/my_first_package/lib/my_first_package/turtle_cmd_and_pose
[0.875s] DEBUG:colcon.colcon_core.event_handler.log_command:Invoking command in '/home/addinedu/ros2_ws/build/my_first_package': PYTHONPATH=/home/addinedu/ros2_ws/build/my_first_package/prefix_override:/home/addinedu/ros2_ws/install/my_first_package/lib/python3.10/site-packages:${PYTHONPATH} /usr/bin/python3 -W ignore:setup.py install is deprecated setup.py develop --editable --build-directory /home/addinedu/ros2_ws/build/my_first_package/build --no-deps symlink_data --force
[1.476s] Level 1:colcon.colcon_core.shell:create_environment_hook('my_first_package', 'pythonpath_develop')
[1.476s] DEBUG:colcon.colcon_core.event_handler.log_command:Invoked command in '/home/addinedu/ros2_ws/build/my_first_package' returned '0': PYTHONPATH=/home/addinedu/ros2_ws/build/my_first_package/prefix_override:/home/addinedu/ros2_ws/install/my_first_package/lib/python3.10/site-packages:${PYTHONPATH} /usr/bin/python3 -W ignore:setup.py install is deprecated setup.py develop --editable --build-directory /home/addinedu/ros2_ws/build/my_first_package/build --no-deps symlink_data --force
[1.476s] INFO:colcon.colcon_core.shell:Creating environment hook '/home/addinedu/ros2_ws/build/my_first_package/share/my_first_package/hook/pythonpath_develop.ps1'
[1.477s] INFO:colcon.colcon_core.shell:Creating environment descriptor '/home/addinedu/ros2_ws/build/my_first_package/share/my_first_package/hook/pythonpath_develop.dsv'
[1.477s] INFO:colcon.colcon_core.shell:Creating environment hook '/home/addinedu/ros2_ws/build/my_first_package/share/my_first_package/hook/pythonpath_develop.sh'
[1.479s] Level 1:colcon.colcon_core.environment:checking '/home/addinedu/ros2_ws/install/my_first_package' for CMake module files
[1.479s] Level 1:colcon.colcon_core.environment:checking '/home/addinedu/ros2_ws/install/my_first_package' for CMake config files
[1.480s] Level 1:colcon.colcon_core.environment:checking '/home/addinedu/ros2_ws/install/my_first_package/lib'
[1.480s] Level 1:colcon.colcon_core.environment:checking '/home/addinedu/ros2_ws/install/my_first_package/bin'
[1.480s] Level 1:colcon.colcon_core.environment:checking '/home/addinedu/ros2_ws/install/my_first_package/lib/pkgconfig/my_first_package.pc'
[1.480s] Level 1:colcon.colcon_core.environment:checking '/home/addinedu/ros2_ws/install/my_first_package/lib/python3.10/site-packages'
[1.480s] Level 1:colcon.colcon_core.shell:create_environment_hook('my_first_package', 'pythonpath')
[1.480s] INFO:colcon.colcon_core.shell:Creating environment hook '/home/addinedu/ros2_ws/install/my_first_package/share/my_first_package/hook/pythonpath.ps1'
[1.480s] INFO:colcon.colcon_core.shell:Creating environment descriptor '/home/addinedu/ros2_ws/install/my_first_package/share/my_first_package/hook/pythonpath.dsv'
[1.481s] INFO:colcon.colcon_core.shell:Creating environment hook '/home/addinedu/ros2_ws/install/my_first_package/share/my_first_package/hook/pythonpath.sh'
[1.481s] Level 1:colcon.colcon_core.environment:checking '/home/addinedu/ros2_ws/install/my_first_package/bin'
[1.481s] Level 1:colcon.colcon_core.environment:create_environment_scripts_only(my_first_package)
[1.481s] INFO:colcon.colcon_core.shell:Creating package script '/home/addinedu/ros2_ws/install/my_first_package/share/my_first_package/package.ps1'
[1.482s] INFO:colcon.colcon_core.shell:Creating package descriptor '/home/addinedu/ros2_ws/install/my_first_package/share/my_first_package/package.dsv'
[1.482s] INFO:colcon.colcon_core.shell:Creating package script '/home/addinedu/ros2_ws/install/my_first_package/share/my_first_package/package.sh'
[1.483s] INFO:colcon.colcon_core.shell:Creating package script '/home/addinedu/ros2_ws/install/my_first_package/share/my_first_package/package.bash'
[1.483s] INFO:colcon.colcon_core.shell:Creating package script '/home/addinedu/ros2_ws/install/my_first_package/share/my_first_package/package.zsh'
[1.484s] Level 1:colcon.colcon_core.environment:create_file_with_runtime_dependencies(/home/addinedu/ros2_ws/install/my_first_package/share/colcon-core/packages/my_first_package)
[1.633s] DEBUG:colcon.colcon_core.event_handler.log_command:Invoked command in '/home/addinedu/ros2_ws/build/my_first_package_msgs' returned '0': CMAKE_PREFIX_PATH=${CMAKE_PREFIX_PATH}:/home/addinedu/ros2_ws/install/my_first_package:/opt/ros/humble /usr/bin/cmake /home/addinedu/ros2_ws/src/my_first_package_msgs -DAMENT_CMAKE_SYMLINK_INSTALL=1 -DCMAKE_INSTALL_PREFIX=/home/addinedu/ros2_ws/install/my_first_package_msgs
[1.635s] DEBUG:colcon.colcon_core.event_handler.log_command:Invoking command in '/home/addinedu/ros2_ws/build/my_first_package_msgs': CMAKE_PREFIX_PATH=${CMAKE_PREFIX_PATH}:/home/addinedu/ros2_ws/install/my_first_package:/opt/ros/humble /usr/bin/cmake --build /home/addinedu/ros2_ws/build/my_first_package_msgs -- -j12 -l12
[2.107s] DEBUG:colcon.colcon_core.event_handler.log_command:Invoked command in '/home/addinedu/ros2_ws/build/my_first_package_msgs' returned '0': CMAKE_PREFIX_PATH=${CMAKE_PREFIX_PATH}:/home/addinedu/ros2_ws/install/my_first_package:/opt/ros/humble /usr/bin/cmake --build /home/addinedu/ros2_ws/build/my_first_package_msgs -- -j12 -l12
[2.173s] DEBUG:colcon.colcon_core.event_handler.log_command:Invoking command in '/home/addinedu/ros2_ws/build/my_first_package_msgs': CMAKE_PREFIX_PATH=${CMAKE_PREFIX_PATH}:/home/addinedu/ros2_ws/install/my_first_package:/opt/ros/humble /usr/bin/cmake --install /home/addinedu/ros2_ws/build/my_first_package_msgs
[2.256s] Level 1:colcon.colcon_core.environment:create_environment_scripts_only(my_first_package_msgs)
[2.256s] Level 1:colcon.colcon_core.environment:checking '/home/addinedu/ros2_ws/install/my_first_package_msgs' for CMake module files
[2.256s] DEBUG:colcon.colcon_core.event_handler.log_command:Invoked command in '/home/addinedu/ros2_ws/build/my_first_package_msgs' returned '0': CMAKE_PREFIX_PATH=${CMAKE_PREFIX_PATH}:/home/addinedu/ros2_ws/install/my_first_package:/opt/ros/humble /usr/bin/cmake --install /home/addinedu/ros2_ws/build/my_first_package_msgs
[2.257s] Level 1:colcon.colcon_core.environment:checking '/home/addinedu/ros2_ws/install/my_first_package_msgs' for CMake config files
[2.257s] Level 1:colcon.colcon_core.shell:create_environment_hook('my_first_package_msgs', 'cmake_prefix_path')
[2.257s] INFO:colcon.colcon_core.shell:Creating environment hook '/home/addinedu/ros2_ws/install/my_first_package_msgs/share/my_first_package_msgs/hook/cmake_prefix_path.ps1'
[2.258s] INFO:colcon.colcon_core.shell:Creating environment descriptor '/home/addinedu/ros2_ws/install/my_first_package_msgs/share/my_first_package_msgs/hook/cmake_prefix_path.dsv'
[2.258s] INFO:colcon.colcon_core.shell:Creating environment hook '/home/addinedu/ros2_ws/install/my_first_package_msgs/share/my_first_package_msgs/hook/cmake_prefix_path.sh'
[2.258s] Level 1:colcon.colcon_core.environment:checking '/home/addinedu/ros2_ws/install/my_first_package_msgs/lib'
[2.258s] Level 1:colcon.colcon_core.shell:create_environment_hook('my_first_package_msgs', 'ld_library_path_lib')
[2.258s] INFO:colcon.colcon_core.shell:Creating environment hook '/home/addinedu/ros2_ws/install/my_first_package_msgs/share/my_first_package_msgs/hook/ld_library_path_lib.ps1'
[2.259s] INFO:colcon.colcon_core.shell:Creating environment descriptor '/home/addinedu/ros2_ws/install/my_first_package_msgs/share/my_first_package_msgs/hook/ld_library_path_lib.dsv'
[2.259s] INFO:colcon.colcon_core.shell:Creating environment hook '/home/addinedu/ros2_ws/install/my_first_package_msgs/share/my_first_package_msgs/hook/ld_library_path_lib.sh'
[2.259s] Level 1:colcon.colcon_core.environment:checking '/home/addinedu/ros2_ws/install/my_first_package_msgs/bin'
[2.259s] Level 1:colcon.colcon_core.environment:checking '/home/addinedu/ros2_ws/install/my_first_package_msgs/lib/pkgconfig/my_first_package_msgs.pc'
[2.259s] Level 1:colcon.colcon_core.environment:checking '/home/addinedu/ros2_ws/install/my_first_package_msgs/lib/python3.10/site-packages'
[2.259s] Level 1:colcon.colcon_core.environment:checking '/home/addinedu/ros2_ws/install/my_first_package_msgs/bin'
[2.260s] INFO:colcon.colcon_core.shell:Creating package script '/home/addinedu/ros2_ws/install/my_first_package_msgs/share/my_first_package_msgs/package.ps1'
[2.260s] INFO:colcon.colcon_core.shell:Creating package descriptor '/home/addinedu/ros2_ws/install/my_first_package_msgs/share/my_first_package_msgs/package.dsv'
[2.260s] INFO:colcon.colcon_core.shell:Creating package script '/home/addinedu/ros2_ws/install/my_first_package_msgs/share/my_first_package_msgs/package.sh'
[2.261s] INFO:colcon.colcon_core.shell:Creating package script '/home/addinedu/ros2_ws/install/my_first_package_msgs/share/my_first_package_msgs/package.bash'
[2.261s] INFO:colcon.colcon_core.shell:Creating package script '/home/addinedu/ros2_ws/install/my_first_package_msgs/share/my_first_package_msgs/package.zsh'
[2.261s] Level 1:colcon.colcon_core.environment:create_file_with_runtime_dependencies(/home/addinedu/ros2_ws/install/my_first_package_msgs/share/colcon-core/packages/my_first_package_msgs)
[2.321s] Level 1:colcon.colcon_core.environment:create_environment_scripts_only(my_first_package_msgs)
[2.321s] Level 1:colcon.colcon_core.environment:checking '/home/addinedu/ros2_ws/install/my_first_package_msgs' for CMake module files
[2.322s] Level 1:colcon.colcon_core.environment:checking '/home/addinedu/ros2_ws/install/my_first_package_msgs' for CMake config files
[2.322s] Level 1:colcon.colcon_core.shell:create_environment_hook('my_first_package_msgs', 'cmake_prefix_path')
[2.322s] INFO:colcon.colcon_core.shell:Creating environment hook '/home/addinedu/ros2_ws/install/my_first_package_msgs/share/my_first_package_msgs/hook/cmake_prefix_path.ps1'
[2.323s] INFO:colcon.colcon_core.shell:Creating environment descriptor '/home/addinedu/ros2_ws/install/my_first_package_msgs/share/my_first_package_msgs/hook/cmake_prefix_path.dsv'
[2.323s] INFO:colcon.colcon_core.shell:Creating environment hook '/home/addinedu/ros2_ws/install/my_first_package_msgs/share/my_first_package_msgs/hook/cmake_prefix_path.sh'
[2.323s] Level 1:colcon.colcon_core.environment:checking '/home/addinedu/ros2_ws/install/my_first_package_msgs/lib'
[2.323s] Level 1:colcon.colcon_core.shell:create_environment_hook('my_first_package_msgs', 'ld_library_path_lib')
[2.324s] INFO:colcon.colcon_core.shell:Creating environment hook '/home/addinedu/ros2_ws/install/my_first_package_msgs/share/my_first_package_msgs/hook/ld_library_path_lib.ps1'
[2.324s] INFO:colcon.colcon_core.shell:Creating environment descriptor '/home/addinedu/ros2_ws/install/my_first_package_msgs/share/my_first_package_msgs/hook/ld_library_path_lib.dsv'
[2.324s] INFO:colcon.colcon_core.shell:Creating environment hook '/home/addinedu/ros2_ws/install/my_first_package_msgs/share/my_first_package_msgs/hook/ld_library_path_lib.sh'
[2.324s] Level 1:colcon.colcon_core.environment:checking '/home/addinedu/ros2_ws/install/my_first_package_msgs/bin'
[2.324s] Level 1:colcon.colcon_core.environment:checking '/home/addinedu/ros2_ws/install/my_first_package_msgs/lib/pkgconfig/my_first_package_msgs.pc'
[2.324s] Level 1:colcon.colcon_core.environment:checking '/home/addinedu/ros2_ws/install/my_first_package_msgs/lib/python3.10/site-packages'
[2.325s] Level 1:colcon.colcon_core.environment:checking '/home/addinedu/ros2_ws/install/my_first_package_msgs/bin'
[2.325s] INFO:colcon.colcon_core.shell:Creating package script '/home/addinedu/ros2_ws/install/my_first_package_msgs/share/my_first_package_msgs/package.ps1'
[2.325s] INFO:colcon.colcon_core.shell:Creating package descriptor '/home/addinedu/ros2_ws/install/my_first_package_msgs/share/my_first_package_msgs/package.dsv'
[2.326s] INFO:colcon.colcon_core.shell:Creating package script '/home/addinedu/ros2_ws/install/my_first_package_msgs/share/my_first_package_msgs/package.sh'
[2.326s] INFO:colcon.colcon_core.shell:Creating package script '/home/addinedu/ros2_ws/install/my_first_package_msgs/share/my_first_package_msgs/package.bash'
[2.326s] INFO:colcon.colcon_core.shell:Creating package script '/home/addinedu/ros2_ws/install/my_first_package_msgs/share/my_first_package_msgs/package.zsh'
[2.327s] Level 1:colcon.colcon_core.environment:create_file_with_runtime_dependencies(/home/addinedu/ros2_ws/install/my_first_package_msgs/share/colcon-core/packages/my_first_package_msgs)
[2.327s] DEBUG:colcon.colcon_parallel_executor.executor.parallel:closing loop
[2.327s] DEBUG:colcon.colcon_parallel_executor.executor.parallel:loop closed
[2.327s] DEBUG:colcon.colcon_parallel_executor.executor.parallel:run_until_complete finished with '0'
[2.327s] DEBUG:colcon.colcon_core.event_reactor:joining thread
[2.332s] INFO:colcon.colcon_core.plugin_system:Skipping extension 'colcon_notification.desktop_notification.terminal_notifier': Not used on non-Darwin systems
[2.332s] INFO:colcon.colcon_core.plugin_system:Skipping extension 'colcon_notification.desktop_notification.win32': Not used on non-Windows systems
[2.332s] INFO:colcon.colcon_notification.desktop_notification:Sending desktop notification using 'notify2'
[2.346s] DEBUG:colcon.colcon_core.event_reactor:joined thread
[2.346s] INFO:colcon.colcon_core.shell:Creating prefix script '/home/addinedu/ros2_ws/install/local_setup.ps1'
[2.347s] INFO:colcon.colcon_core.shell:Creating prefix util module '/home/addinedu/ros2_ws/install/_local_setup_util_ps1.py'
[2.348s] INFO:colcon.colcon_core.shell:Creating prefix chain script '/home/addinedu/ros2_ws/install/setup.ps1'
[2.349s] INFO:colcon.colcon_core.shell:Creating prefix script '/home/addinedu/ros2_ws/install/local_setup.sh'
[2.350s] INFO:colcon.colcon_core.shell:Creating prefix util module '/home/addinedu/ros2_ws/install/_local_setup_util_sh.py'
[2.350s] INFO:colcon.colcon_core.shell:Creating prefix chain script '/home/addinedu/ros2_ws/install/setup.sh'
[2.351s] INFO:colcon.colcon_core.shell:Creating prefix script '/home/addinedu/ros2_ws/install/local_setup.bash'
[2.351s] INFO:colcon.colcon_core.shell:Creating prefix chain script '/home/addinedu/ros2_ws/install/setup.bash'
[2.352s] INFO:colcon.colcon_core.shell:Creating prefix script '/home/addinedu/ros2_ws/install/local_setup.zsh'
[2.352s] INFO:colcon.colcon_core.shell:Creating prefix chain script '/home/addinedu/ros2_ws/install/setup.zsh'
